｡ｾ 2017-11-01 14:16:01 ｡ｿﾓﾎﾏｷｼﾇﾂｼﾒ瑭｣: wTableID=0,wUserCount=0,wAndroidCount=0,lWasteCount=0.00,lRevenueCount=0.00,lUserMemal=0.00,dwPlayTimeCoun=47
｡ｾ 2017-11-01 16:27:40 ｡ｿﾓﾎﾏｷｼﾇﾂｼﾒ瑭｣: wTableID=0,wUserCount=0,wAndroidCount=0,lWasteCount=0.00,lRevenueCount=0.00,lUserMemal=0.00,dwPlayTimeCoun=49
｡ｾ 2017-11-01 23:13:53 ｡ｿIDｵﾇﾂｼﾒ瑭｣: dwUserID=548256,strPassword=CCFBAF6C469E4C5BA1E9A89D7656611C,strMachineID=
｡ｾ 2017-11-01 23:13:58 ｡ｿIDｵﾇﾂｼﾒ瑭｣: dwUserID=548765,strPassword=CCFBAF6C469E4C5BA1E9A89D7656611C,strMachineID=
｡ｾ 2017-11-01 23:14:03 ｡ｿIDｵﾇﾂｼﾒ瑭｣: dwUserID=548057,strPassword=CCFBAF6C469E4C5BA1E9A89D7656611C,strMachineID=
｡ｾ 2017-11-01 23:14:40 ｡ｿﾓﾎﾏｷｼﾇﾂｼﾒ瑭｣: wTableID=0,wUserCount=0,wAndroidCount=1,lWasteCount=0.00,lRevenueCount=0.00,lUserMemal=261.00,dwPlayTimeCoun=46
｡ｾ 2017-11-01 23:14:40 ｡ｿﾀ歖ｪｷｿｼ萪瑭｣: dwUserID=547715,dwOnLineTimeCount=52,dwInoutIndex=8585380,dwLeaveReason=0,lRecordScore=-261.00,lRecordInsure0.00,lVariationRevenue=0.00,lVariationUserMedal=261.00,lVariationWinCount=0,lVariationLostCount=1,lVariationDrawCount=0,lVariationFleeCount=0,lVariationExperience=1,dwVariationPlayTimeCount=46,lVariationScore=0.00,lVariationInsure=0.00,lVariationRevenue=0.00,lVariationUserMedal=0.00,lVariationWinCount=0,lVariationLostCount=1,lVariationDrawCount=0,lVariationFleeCount=0,lVariationExperience=0,dwVariationPlayTimeCount=0
｡ｾ 2017-11-01 23:15:30 ｡ｿﾓﾎﾏｷｼﾇﾂｼﾒ瑭｣: wTableID=0,wUserCount=0,wAndroidCount=0,lWasteCount=0.00,lRevenueCount=0.00,lUserMemal=0.00,dwPlayTimeCoun=45
｡ｾ 2017-11-01 23:16:21 ｡ｿﾓﾎﾏｷｼﾇﾂｼﾒ瑭｣: wTableID=0,wUserCount=0,wAndroidCount=0,lWasteCount=0.00,lRevenueCount=0.00,lUserMemal=0.00,dwPlayTimeCoun=46
｡ｾ 2017-11-01 23:17:11 ｡ｿﾓﾎﾏｷｼﾇﾂｼﾒ瑭｣: wTableID=0,wUserCount=0,wAndroidCount=0,lWasteCount=0.00,lRevenueCount=0.00,lUserMemal=0.00,dwPlayTimeCoun=45
｡ｾ 2017-11-02 00:47:36 ｡ｿIDｵﾇﾂｼﾒ瑭｣: dwUserID=547715,strPassword=F1C16D9B84E049099DD44819EFD1CC02,strMachineID=
｡ｾ 2017-11-02 00:47:41 ｡ｿIDｵﾇﾂｼﾒ瑭｣: dwUserID=548426,strPassword=F1C16D9B84E049099DD44819EFD1CC02,strMachineID=
｡ｾ 2017-11-02 00:47:46 ｡ｿIDｵﾇﾂｼﾒ瑭｣: dwUserID=548256,strPassword=F1C16D9B84E049099DD44819EFD1CC02,strMachineID=
｡ｾ 2017-11-02 00:47:51 ｡ｿIDｵﾇﾂｼﾒ瑭｣: dwUserID=548765,strPassword=F1C16D9B84E049099DD44819EFD1CC02,strMachineID=
｡ｾ 2017-11-02 00:47:56 ｡ｿIDｵﾇﾂｼﾒ瑭｣: dwUserID=548057,strPassword=F1C16D9B84E049099DD44819EFD1CC02,strMachineID=
｡ｾ 2017-11-02 00:48:01 ｡ｿIDｵﾇﾂｼﾒ瑭｣: dwUserID=548382,strPassword=F1C16D9B84E049099DD44819EFD1CC02,strMachineID=
｡ｾ 2017-11-02 00:48:06 ｡ｿIDｵﾇﾂｼﾒ瑭｣: dwUserID=548213,strPassword=F1C16D9B84E049099DD44819EFD1CC02,strMachineID=
｡ｾ 2017-11-02 00:48:11 ｡ｿIDｵﾇﾂｼﾒ瑭｣: dwUserID=547279,strPassword=F1C16D9B84E049099DD44819EFD1CC02,strMachineID=
｡ｾ 2017-11-02 00:48:16 ｡ｿIDｵﾇﾂｼﾒ瑭｣: dwUserID=547201,strPassword=F1C16D9B84E049099DD44819EFD1CC02,strMachineID=
｡ｾ 2017-11-02 00:48:21 ｡ｿIDｵﾇﾂｼﾒ瑭｣: dwUserID=547573,strPassword=F1C16D9B84E049099DD44819EFD1CC02,strMachineID=
｡ｾ 2017-11-02 00:55:51 ｡ｿIDｵﾇﾂｼﾒ瑭｣: dwUserID=548213,strPassword=0CF7674FC9FA47C6998F053FB8D0A7B4,strMachineID=
｡ｾ 2017-11-02 00:55:56 ｡ｿIDｵﾇﾂｼﾒ瑭｣: dwUserID=548765,strPassword=0CF7674FC9FA47C6998F053FB8D0A7B4,strMachineID=
｡ｾ 2017-11-02 00:56:01 ｡ｿIDｵﾇﾂｼﾒ瑭｣: dwUserID=548426,strPassword=0CF7674FC9FA47C6998F053FB8D0A7B4,strMachineID=
｡ｾ 2017-11-02 00:56:06 ｡ｿIDｵﾇﾂｼﾒ瑭｣: dwUserID=547279,strPassword=0CF7674FC9FA47C6998F053FB8D0A7B4,strMachineID=
｡ｾ 2017-11-02 00:56:11 ｡ｿIDｵﾇﾂｼﾒ瑭｣: dwUserID=547715,strPassword=0CF7674FC9FA47C6998F053FB8D0A7B4,strMachineID=
｡ｾ 2017-11-02 00:56:16 ｡ｿIDｵﾇﾂｼﾒ瑭｣: dwUserID=547573,strPassword=0CF7674FC9FA47C6998F053FB8D0A7B4,strMachineID=
｡ｾ 2017-11-02 00:56:21 ｡ｿIDｵﾇﾂｼﾒ瑭｣: dwUserID=548256,strPassword=0CF7674FC9FA47C6998F053FB8D0A7B4,strMachineID=
｡ｾ 2017-11-02 00:56:26 ｡ｿIDｵﾇﾂｼﾒ瑭｣: dwUserID=548382,strPassword=0CF7674FC9FA47C6998F053FB8D0A7B4,strMachineID=
｡ｾ 2017-11-02 00:56:31 ｡ｿIDｵﾇﾂｼﾒ瑭｣: dwUserID=547201,strPassword=0CF7674FC9FA47C6998F053FB8D0A7B4,strMachineID=
｡ｾ 2017-11-02 00:56:36 ｡ｿIDｵﾇﾂｼﾒ瑭｣: dwUserID=548057,strPassword=0CF7674FC9FA47C6998F053FB8D0A7B4,strMachineID=
｡ｾ 2017-11-04 15:25:56 ｡ｿIDｵﾇﾂｼﾒ瑭｣: dwUserID=548213,strPassword=AB7D288EF61F40E3B8DB237FD9C637F5,strMachineID=
｡ｾ 2017-11-04 15:26:02 ｡ｿIDｵﾇﾂｼﾒ瑭｣: dwUserID=547573,strPassword=AB7D288EF61F40E3B8DB237FD9C637F5,strMachineID=
｡ｾ 2017-11-04 15:26:07 ｡ｿIDｵﾇﾂｼﾒ瑭｣: dwUserID=547715,strPassword=AB7D288EF61F40E3B8DB237FD9C637F5,strMachineID=
｡ｾ 2017-11-04 15:26:12 ｡ｿIDｵﾇﾂｼﾒ瑭｣: dwUserID=548664,strPassword=AB7D288EF61F40E3B8DB237FD9C637F5,strMachineID=
｡ｾ 2017-11-04 21:55:14 ｡ｿﾀ歖ｪｷｿｼ萪瑭｣: dwUserID=548057,dwOnLineTimeCount=36,dwInoutIndex=8562696,dwLeaveReason=0,lRecordScore=0.00,lRecordInsure0.00,lVariationRevenue=0.00,lVariationUserMedal=0.00,lVariationWinCount=0,lVariationLostCount=0,lVariationDrawCount=0,lVariationFleeCount=0,lVariationExperience=0,dwVariationPlayTimeCount=0,lVariationScore=0.00,lVariationInsure=0.00,lVariationRevenue=0.00,lVariationUserMedal=0.00,lVariationWinCount=0,lVariationLostCount=0,lVariationDrawCount=0,lVariationFleeCount=0,lVariationExperience=0,dwVariationPlayTimeCount=0
｡ｾ 2017-11-04 21:55:29 ｡ｿﾀ歖ｪｷｿｼ萪瑭｣: dwUserID=547715,dwOnLineTimeCount=56,dwInoutIndex=8562695,dwLeaveReason=0,lRecordScore=-165.00,lRecordInsure0.00,lVariationRevenue=0.00,lVariationUserMedal=165.00,lVariationWinCount=0,lVariationLostCount=1,lVariationDrawCount=0,lVariationFleeCount=0,lVariationExperience=1,dwVariationPlayTimeCount=46,lVariationScore=0.00,lVariationInsure=0.00,lVariationRevenue=0.00,lVariationUserMedal=0.00,lVariationWinCount=0,lVariationLostCount=1,lVariationDrawCount=0,lVariationFleeCount=0,lVariationExperience=0,dwVariationPlayTimeCount=0
｡ｾ 2017-11-04 21:55:29 ｡ｿﾀ歖ｪｷｿｼ萪瑭｣: dwUserID=547668,dwOnLineTimeCount=46,dwInoutIndex=8562697,dwLeaveReason=0,lRecordScore=0.00,lRecordInsure0.00,lVariationRevenue=0.00,lVariationUserMedal=0.00,lVariationWinCount=0,lVariationLostCount=0,lVariationDrawCount=0,lVariationFleeCount=0,lVariationExperience=0,dwVariationPlayTimeCount=0,lVariationScore=0.00,lVariationInsure=0.00,lVariationRevenue=0.00,lVariationUserMedal=0.00,lVariationWinCount=0,lVariationLostCount=0,lVariationDrawCount=0,lVariationFleeCount=0,lVariationExperience=0,dwVariationPlayTimeCount=0
｡ｾ 2017-11-04 21:55:29 ｡ｿﾀ歖ｪｷｿｼ萪瑭｣: dwUserID=548189,dwOnLineTimeCount=41,dwInoutIndex=8562698,dwLeaveReason=0,lRecordScore=0.00,lRecordInsure0.00,lVariationRevenue=0.00,lVariationUserMedal=0.00,lVariationWinCount=0,lVariationLostCount=0,lVariationDrawCount=0,lVariationFleeCount=0,lVariationExperience=0,dwVariationPlayTimeCount=0,lVariationScore=0.00,lVariationInsure=0.00,lVariationRevenue=0.00,lVariationUserMedal=0.00,lVariationWinCount=0,lVariationLostCount=0,lVariationDrawCount=0,lVariationFleeCount=0,lVariationExperience=0,dwVariationPlayTimeCount=0
