ЁО 2017-11-01 14:16:13 ЁПгЮЯЗМЧТМвьГЃ: wTableID=0,wUserCount=0,wAndroidCount=1,lWasteCount=0.00,lRevenueCount=0.00,lUserMemal=288.60,dwPlayTimeCoun=23
ЁО 2017-11-01 16:27:20 ЁПгЮЯЗМЧТМвьГЃ: wTableID=0,wUserCount=0,wAndroidCount=1,lWasteCount=0.00,lRevenueCount=0.00,lUserMemal=0.00,dwPlayTimeCoun=24
ЁО 2017-11-01 23:13:53 ЁПIDЕЧТМвьГЃ: dwUserID=546800,strPassword=C1981364F491464EB6D6ACA319A6551B,strMachineID=
ЁО 2017-11-01 23:13:58 ЁПРыПЊЗПМфвьГЃ: dwUserID=547353,dwOnLineTimeCount=25,dwInoutIndex=8585355,dwLeaveReason=0,lRecordScore=0.00,lRecordInsure0.00,lVariationRevenue=0.00,lVariationUserMedal=0.00,lVariationWinCount=0,lVariationLostCount=0,lVariationDrawCount=0,lVariationFleeCount=0,lVariationExperience=0,dwVariationPlayTimeCount=0,lVariationScore=0.00,lVariationInsure=0.00,lVariationRevenue=0.00,lVariationUserMedal=0.00,lVariationWinCount=0,lVariationLostCount=0,lVariationDrawCount=0,lVariationFleeCount=0,lVariationExperience=0,dwVariationPlayTimeCount=0
ЁО 2017-11-01 23:14:03 ЁПРыПЊЗПМфвьГЃ: dwUserID=547617,dwOnLineTimeCount=1822,dwInoutIndex=8585152,dwLeaveReason=0,lRecordScore=0.00,lRecordInsure0.00,lVariationRevenue=0.00,lVariationUserMedal=0.00,lVariationWinCount=0,lVariationLostCount=0,lVariationDrawCount=0,lVariationFleeCount=0,lVariationExperience=0,dwVariationPlayTimeCount=0,lVariationScore=0.00,lVariationInsure=0.00,lVariationRevenue=0.00,lVariationUserMedal=0.00,lVariationWinCount=0,lVariationLostCount=0,lVariationDrawCount=0,lVariationFleeCount=0,lVariationExperience=0,dwVariationPlayTimeCount=0
ЁО 2017-11-01 23:14:08 ЁПгЮЯЗМЧТМвьГЃ: wTableID=0,wUserCount=0,wAndroidCount=1,lWasteCount=0.00,lRevenueCount=0.00,lUserMemal=0.00,dwPlayTimeCoun=21
ЁО 2017-11-01 23:14:08 ЁПРыПЊЗПМфвьГЃ: dwUserID=547652,dwOnLineTimeCount=1838,dwInoutIndex=8585138,dwLeaveReason=0,lRecordScore=1013487.13,lRecordInsure0.00,lVariationRevenue=72.47,lVariationUserMedal=2115.80,lVariationWinCount=4,lVariationLostCount=8,lVariationDrawCount=0,lVariationFleeCount=0,lVariationExperience=12,dwVariationPlayTimeCount=244,lVariationScore=0.00,lVariationInsure=0.00,lVariationRevenue=0.00,lVariationUserMedal=0.00,lVariationWinCount=4,lVariationLostCount=8,lVariationDrawCount=0,lVariationFleeCount=0,lVariationExperience=0,dwVariationPlayTimeCount=0
ЁО 2017-11-01 23:14:13 ЁПРыПЊЗПМфвьГЃ: dwUserID=547766,dwOnLineTimeCount=1853,dwInoutIndex=8585122,dwLeaveReason=0,lRecordScore=0.00,lRecordInsure0.00,lVariationRevenue=0.00,lVariationUserMedal=0.00,lVariationWinCount=0,lVariationLostCount=0,lVariationDrawCount=0,lVariationFleeCount=0,lVariationExperience=0,dwVariationPlayTimeCount=0,lVariationScore=0.00,lVariationInsure=0.00,lVariationRevenue=0.00,lVariationUserMedal=0.00,lVariationWinCount=0,lVariationLostCount=0,lVariationDrawCount=0,lVariationFleeCount=0,lVariationExperience=0,dwVariationPlayTimeCount=0
ЁО 2017-11-01 23:14:18 ЁПРыПЊЗПМфвьГЃ: dwUserID=547830,dwOnLineTimeCount=50,dwInoutIndex=8585344,dwLeaveReason=0,lRecordScore=0.00,lRecordInsure0.00,lVariationRevenue=0.00,lVariationUserMedal=0.00,lVariationWinCount=0,lVariationLostCount=0,lVariationDrawCount=0,lVariationFleeCount=0,lVariationExperience=0,dwVariationPlayTimeCount=0,lVariationScore=0.00,lVariationInsure=0.00,lVariationRevenue=0.00,lVariationUserMedal=0.00,lVariationWinCount=0,lVariationLostCount=0,lVariationDrawCount=0,lVariationFleeCount=0,lVariationExperience=0,dwVariationPlayTimeCount=0
ЁО 2017-11-01 23:14:23 ЁПРыПЊЗПМфвьГЃ: dwUserID=546780,dwOnLineTimeCount=35,dwInoutIndex=8585381,dwLeaveReason=0,lRecordScore=0.00,lRecordInsure0.00,lVariationRevenue=0.00,lVariationUserMedal=0.00,lVariationWinCount=0,lVariationLostCount=0,lVariationDrawCount=0,lVariationFleeCount=0,lVariationExperience=0,dwVariationPlayTimeCount=0,lVariationScore=0.00,lVariationInsure=0.00,lVariationRevenue=0.00,lVariationUserMedal=0.00,lVariationWinCount=0,lVariationLostCount=0,lVariationDrawCount=0,lVariationFleeCount=0,lVariationExperience=0,dwVariationPlayTimeCount=0
ЁО 2017-11-01 23:14:28 ЁПРыПЊЗПМфвьГЃ: dwUserID=546861,dwOnLineTimeCount=45,dwInoutIndex=8585373,dwLeaveReason=0,lRecordScore=0.00,lRecordInsure0.00,lVariationRevenue=0.00,lVariationUserMedal=0.00,lVariationWinCount=0,lVariationLostCount=0,lVariationDrawCount=0,lVariationFleeCount=0,lVariationExperience=0,dwVariationPlayTimeCount=0,lVariationScore=0.00,lVariationInsure=0.00,lVariationRevenue=0.00,lVariationUserMedal=0.00,lVariationWinCount=0,lVariationLostCount=0,lVariationDrawCount=0,lVariationFleeCount=0,lVariationExperience=0,dwVariationPlayTimeCount=0
ЁО 2017-11-01 23:14:53 ЁПгЮЯЗМЧТМвьГЃ: wTableID=0,wUserCount=0,wAndroidCount=1,lWasteCount=0.00,lRevenueCount=0.00,lUserMemal=0.00,dwPlayTimeCoun=20
ЁО 2017-11-01 23:15:39 ЁПгЮЯЗМЧТМвьГЃ: wTableID=0,wUserCount=0,wAndroidCount=1,lWasteCount=0.00,lRevenueCount=0.00,lUserMemal=40.00,dwPlayTimeCoun=21
ЁО 2017-11-01 23:16:24 ЁПгЮЯЗМЧТМвьГЃ: wTableID=0,wUserCount=0,wAndroidCount=1,lWasteCount=0.00,lRevenueCount=0.00,lUserMemal=316.00,dwPlayTimeCoun=20
ЁО 2017-11-01 23:17:10 ЁПгЮЯЗМЧТМвьГЃ: wTableID=0,wUserCount=0,wAndroidCount=1,lWasteCount=0.00,lRevenueCount=0.00,lUserMemal=0.00,dwPlayTimeCoun=21
ЁО 2017-11-01 23:17:56 ЁПгЮЯЗМЧТМвьГЃ: wTableID=0,wUserCount=0,wAndroidCount=1,lWasteCount=0.00,lRevenueCount=0.00,lUserMemal=176.00,dwPlayTimeCoun=21
ЁО 2017-11-01 23:18:41 ЁПгЮЯЗМЧТМвьГЃ: wTableID=0,wUserCount=0,wAndroidCount=1,lWasteCount=0.00,lRevenueCount=0.00,lUserMemal=78.80,dwPlayTimeCoun=20
ЁО 2017-11-01 23:19:26 ЁПгЮЯЗМЧТМвьГЃ: wTableID=0,wUserCount=0,wAndroidCount=1,lWasteCount=0.00,lRevenueCount=0.00,lUserMemal=0.00,dwPlayTimeCoun=20
ЁО 2017-11-02 00:47:35 ЁПIDЕЧТМвьГЃ: dwUserID=547830,strPassword=7C04B859BBC443168C1E11501E0BA39C,strMachineID=
ЁО 2017-11-02 00:47:40 ЁПIDЕЧТМвьГЃ: dwUserID=547336,strPassword=7C04B859BBC443168C1E11501E0BA39C,strMachineID=
ЁО 2017-11-02 00:47:45 ЁПIDЕЧТМвьГЃ: dwUserID=546861,strPassword=7C04B859BBC443168C1E11501E0BA39C,strMachineID=
ЁО 2017-11-02 00:47:50 ЁПIDЕЧТМвьГЃ: dwUserID=547652,strPassword=7C04B859BBC443168C1E11501E0BA39C,strMachineID=
ЁО 2017-11-02 00:47:55 ЁПIDЕЧТМвьГЃ: dwUserID=547353,strPassword=7C04B859BBC443168C1E11501E0BA39C,strMachineID=
ЁО 2017-11-02 00:48:00 ЁПIDЕЧТМвьГЃ: dwUserID=546780,strPassword=7C04B859BBC443168C1E11501E0BA39C,strMachineID=
ЁО 2017-11-02 00:48:05 ЁПIDЕЧТМвьГЃ: dwUserID=547713,strPassword=7C04B859BBC443168C1E11501E0BA39C,strMachineID=
ЁО 2017-11-02 00:48:10 ЁПIDЕЧТМвьГЃ: dwUserID=546800,strPassword=7C04B859BBC443168C1E11501E0BA39C,strMachineID=
ЁО 2017-11-04 15:25:14 ЁПРыПЊЗПМфвьГЃ: dwUserID=547336,dwOnLineTimeCount=1801,dwInoutIndex=8557913,dwLeaveReason=0,lRecordScore=0.00,lRecordInsure0.00,lVariationRevenue=0.00,lVariationUserMedal=0.00,lVariationWinCount=0,lVariationLostCount=0,lVariationDrawCount=0,lVariationFleeCount=0,lVariationExperience=0,dwVariationPlayTimeCount=0,lVariationScore=0.00,lVariationInsure=0.00,lVariationRevenue=0.00,lVariationUserMedal=0.00,lVariationWinCount=0,lVariationLostCount=0,lVariationDrawCount=0,lVariationFleeCount=0,lVariationExperience=0,dwVariationPlayTimeCount=0
ЁО 2017-11-04 15:25:25 ЁПРыПЊЗПМфвьГЃ: dwUserID=547713,dwOnLineTimeCount=1802,dwInoutIndex=8557937,dwLeaveReason=0,lRecordScore=0.00,lRecordInsure0.00,lVariationRevenue=0.00,lVariationUserMedal=0.00,lVariationWinCount=0,lVariationLostCount=0,lVariationDrawCount=0,lVariationFleeCount=0,lVariationExperience=0,dwVariationPlayTimeCount=0,lVariationScore=0.00,lVariationInsure=0.00,lVariationRevenue=0.00,lVariationUserMedal=0.00,lVariationWinCount=0,lVariationLostCount=0,lVariationDrawCount=0,lVariationFleeCount=0,lVariationExperience=0,dwVariationPlayTimeCount=0
ЁО 2017-11-04 15:25:30 ЁПРыПЊЗПМфвьГЃ: dwUserID=547652,dwOnLineTimeCount=1802,dwInoutIndex=8557949,dwLeaveReason=0,lRecordScore=0.00,lRecordInsure0.00,lVariationRevenue=0.00,lVariationUserMedal=0.00,lVariationWinCount=0,lVariationLostCount=0,lVariationDrawCount=0,lVariationFleeCount=0,lVariationExperience=0,dwVariationPlayTimeCount=0,lVariationScore=0.00,lVariationInsure=0.00,lVariationRevenue=0.00,lVariationUserMedal=0.00,lVariationWinCount=0,lVariationLostCount=0,lVariationDrawCount=0,lVariationFleeCount=0,lVariationExperience=0,dwVariationPlayTimeCount=0
ЁО 2017-11-04 15:25:50 ЁПРыПЊЗПМфвьГЃ: dwUserID=547667,dwOnLineTimeCount=1802,dwInoutIndex=8557982,dwLeaveReason=0,lRecordScore=0.00,lRecordInsure0.00,lVariationRevenue=0.00,lVariationUserMedal=0.00,lVariationWinCount=0,lVariationLostCount=0,lVariationDrawCount=0,lVariationFleeCount=0,lVariationExperience=0,dwVariationPlayTimeCount=0,lVariationScore=0.00,lVariationInsure=0.00,lVariationRevenue=0.00,lVariationUserMedal=0.00,lVariationWinCount=0,lVariationLostCount=0,lVariationDrawCount=0,lVariationFleeCount=0,lVariationExperience=0,dwVariationPlayTimeCount=0
ЁО 2017-11-04 15:25:55 ЁПIDЕЧТМвьГЃ: dwUserID=547336,strPassword=42DBC81EA55C4A2D8BD2B2505073B00C,strMachineID=
ЁО 2017-11-04 15:26:00 ЁПIDЕЧТМвьГЃ: dwUserID=547353,strPassword=42DBC81EA55C4A2D8BD2B2505073B00C,strMachineID=
ЁО 2017-11-04 15:26:05 ЁПIDЕЧТМвьГЃ: dwUserID=547830,strPassword=42DBC81EA55C4A2D8BD2B2505073B00C,strMachineID=
ЁО 2017-11-04 15:26:10 ЁПIDЕЧТМвьГЃ: dwUserID=547652,strPassword=42DBC81EA55C4A2D8BD2B2505073B00C,strMachineID=
ЁО 2017-11-04 15:26:15 ЁПIDЕЧТМвьГЃ: dwUserID=546861,strPassword=42DBC81EA55C4A2D8BD2B2505073B00C,strMachineID=
ЁО 2017-11-04 15:26:21 ЁПIDЕЧТМвьГЃ: dwUserID=546937,strPassword=42DBC81EA55C4A2D8BD2B2505073B00C,strMachineID=
ЁО 2017-11-04 15:26:26 ЁПIDЕЧТМвьГЃ: dwUserID=546800,strPassword=42DBC81EA55C4A2D8BD2B2505073B00C,strMachineID=
ЁО 2017-11-04 15:26:31 ЁПIDЕЧТМвьГЃ: dwUserID=546780,strPassword=42DBC81EA55C4A2D8BD2B2505073B00C,strMachineID=
ЁО 2017-11-04 15:26:36 ЁПIDЕЧТМвьГЃ: dwUserID=547667,strPassword=42DBC81EA55C4A2D8BD2B2505073B00C,strMachineID=
ЁО 2017-11-04 15:26:41 ЁПIDЕЧТМвьГЃ: dwUserID=547713,strPassword=42DBC81EA55C4A2D8BD2B2505073B00C,strMachineID=
ЁО 2017-11-04 15:26:46 ЁПРыПЊЗПМфвьГЃ: dwUserID=547236,dwOnLineTimeCount=1848,dwInoutIndex=8557996,dwLeaveReason=0,lRecordScore=0.00,lRecordInsure0.00,lVariationRevenue=0.00,lVariationUserMedal=0.00,lVariationWinCount=0,lVariationLostCount=0,lVariationDrawCount=0,lVariationFleeCount=0,lVariationExperience=0,dwVariationPlayTimeCount=0,lVariationScore=0.00,lVariationInsure=0.00,lVariationRevenue=0.00,lVariationUserMedal=0.00,lVariationWinCount=0,lVariationLostCount=0,lVariationDrawCount=0,lVariationFleeCount=0,lVariationExperience=0,dwVariationPlayTimeCount=0
