± 2017-11-01 14:16:30 ×踏狗션쩌嫩끽: wTableID=0,wUserCount=0,wAndroidCount=1,lWasteCount=0.00,lRevenueCount=0.00,lUserMemal=132.00,dwPlayTimeCoun=18
± 2017-11-01 16:27:22 ×踏狗션쩌嫩끽: wTableID=0,wUserCount=0,wAndroidCount=1,lWasteCount=0.00,lRevenueCount=0.00,lUserMemal=0.00,dwPlayTimeCoun=20
± 2017-11-01 16:27:26 ×잼역렛쇌嫩끽: dwUserID=547318,dwOnLineTimeCount=155,dwInoutIndex=8582023,dwLeaveReason=0,lRecordScore=0.00,lRecordInsure0.00,lVariationRevenue=0.00,lVariationUserMedal=0.00,lVariationWinCount=0,lVariationLostCount=0,lVariationDrawCount=0,lVariationFleeCount=0,lVariationExperience=0,dwVariationPlayTimeCount=0,lVariationScore=0.00,lVariationInsure=0.00,lVariationRevenue=0.00,lVariationUserMedal=0.00,lVariationWinCount=0,lVariationLostCount=0,lVariationDrawCount=0,lVariationFleeCount=0,lVariationExperience=0,dwVariationPlayTimeCount=0
± 2017-11-01 23:13:55 ×ID되쩌嫩끽: dwUserID=547322,strPassword=F0F6680C744648B0AA4B3F54AC6ADBE5,strMachineID=
± 2017-11-01 23:14:00 ×잼역렛쇌嫩끽: dwUserID=547304,dwOnLineTimeCount=1838,dwInoutIndex=8585127,dwLeaveReason=0,lRecordScore=0.00,lRecordInsure0.00,lVariationRevenue=0.00,lVariationUserMedal=0.00,lVariationWinCount=0,lVariationLostCount=0,lVariationDrawCount=0,lVariationFleeCount=0,lVariationExperience=0,dwVariationPlayTimeCount=0,lVariationScore=0.00,lVariationInsure=0.00,lVariationRevenue=0.00,lVariationUserMedal=0.00,lVariationWinCount=0,lVariationLostCount=0,lVariationDrawCount=0,lVariationFleeCount=0,lVariationExperience=0,dwVariationPlayTimeCount=0
± 2017-11-01 23:14:05 ×잼역렛쇌嫩끽: dwUserID=547894,dwOnLineTimeCount=1828,dwInoutIndex=8585150,dwLeaveReason=0,lRecordScore=0.00,lRecordInsure0.00,lVariationRevenue=0.00,lVariationUserMedal=0.00,lVariationWinCount=0,lVariationLostCount=0,lVariationDrawCount=0,lVariationFleeCount=0,lVariationExperience=0,dwVariationPlayTimeCount=0,lVariationScore=0.00,lVariationInsure=0.00,lVariationRevenue=0.00,lVariationUserMedal=0.00,lVariationWinCount=0,lVariationLostCount=0,lVariationDrawCount=0,lVariationFleeCount=0,lVariationExperience=0,dwVariationPlayTimeCount=0
± 2017-11-01 23:14:10 ×잼역렛쇌嫩끽: dwUserID=548018,dwOnLineTimeCount=1813,dwInoutIndex=8585167,dwLeaveReason=0,lRecordScore=0.00,lRecordInsure0.00,lVariationRevenue=0.00,lVariationUserMedal=0.00,lVariationWinCount=0,lVariationLostCount=0,lVariationDrawCount=0,lVariationFleeCount=0,lVariationExperience=0,dwVariationPlayTimeCount=0,lVariationScore=0.00,lVariationInsure=0.00,lVariationRevenue=0.00,lVariationUserMedal=0.00,lVariationWinCount=0,lVariationLostCount=0,lVariationDrawCount=0,lVariationFleeCount=0,lVariationExperience=0,dwVariationPlayTimeCount=0
± 2017-11-01 23:14:15 ×잼역렛쇌嫩끽: dwUserID=548384,dwOnLineTimeCount=1828,dwInoutIndex=8585161,dwLeaveReason=0,lRecordScore=0.00,lRecordInsure0.00,lVariationRevenue=0.00,lVariationUserMedal=0.00,lVariationWinCount=0,lVariationLostCount=0,lVariationDrawCount=0,lVariationFleeCount=0,lVariationExperience=0,dwVariationPlayTimeCount=0,lVariationScore=0.00,lVariationInsure=0.00,lVariationRevenue=0.00,lVariationUserMedal=0.00,lVariationWinCount=0,lVariationLostCount=0,lVariationDrawCount=0,lVariationFleeCount=0,lVariationExperience=0,dwVariationPlayTimeCount=0
± 2017-11-01 23:14:16 ×踏狗션쩌嫩끽: wTableID=0,wUserCount=0,wAndroidCount=1,lWasteCount=0.00,lRevenueCount=0.00,lUserMemal=0.00,dwPlayTimeCoun=17
± 2017-11-01 23:14:20 ×잼역렛쇌嫩끽: dwUserID=548392,dwOnLineTimeCount=1838,dwInoutIndex=8585156,dwLeaveReason=0,lRecordScore=78793.30,lRecordInsure0.00,lVariationRevenue=1239.70,lVariationUserMedal=29135.00,lVariationWinCount=18,lVariationLostCount=18,lVariationDrawCount=0,lVariationFleeCount=0,lVariationExperience=36,dwVariationPlayTimeCount=621,lVariationScore=0.00,lVariationInsure=0.00,lVariationRevenue=0.00,lVariationUserMedal=0.00,lVariationWinCount=18,lVariationLostCount=18,lVariationDrawCount=0,lVariationFleeCount=0,lVariationExperience=0,dwVariationPlayTimeCount=0
± 2017-11-01 23:15:07 ×踏狗션쩌嫩끽: wTableID=0,wUserCount=0,wAndroidCount=1,lWasteCount=0.00,lRevenueCount=0.00,lUserMemal=0.00,dwPlayTimeCoun=17
± 2017-11-01 23:15:36 ×잼역렛쇌嫩끽: dwUserID=547245,dwOnLineTimeCount=106,dwInoutIndex=8585385,dwLeaveReason=0,lRecordScore=0.00,lRecordInsure0.00,lVariationRevenue=0.00,lVariationUserMedal=0.00,lVariationWinCount=0,lVariationLostCount=0,lVariationDrawCount=0,lVariationFleeCount=0,lVariationExperience=0,dwVariationPlayTimeCount=0,lVariationScore=0.00,lVariationInsure=0.00,lVariationRevenue=0.00,lVariationUserMedal=0.00,lVariationWinCount=0,lVariationLostCount=0,lVariationDrawCount=0,lVariationFleeCount=0,lVariationExperience=0,dwVariationPlayTimeCount=0
± 2017-11-01 23:15:57 ×踏狗션쩌嫩끽: wTableID=0,wUserCount=0,wAndroidCount=1,lWasteCount=0.00,lRevenueCount=0.00,lUserMemal=0.00,dwPlayTimeCoun=17
± 2017-11-01 23:16:01 ×잼역렛쇌嫩끽: dwUserID=547114,dwOnLineTimeCount=147,dwInoutIndex=8585360,dwLeaveReason=0,lRecordScore=0.00,lRecordInsure0.00,lVariationRevenue=0.00,lVariationUserMedal=0.00,lVariationWinCount=0,lVariationLostCount=0,lVariationDrawCount=0,lVariationFleeCount=0,lVariationExperience=0,dwVariationPlayTimeCount=0,lVariationScore=0.00,lVariationInsure=0.00,lVariationRevenue=0.00,lVariationUserMedal=0.00,lVariationWinCount=0,lVariationLostCount=0,lVariationDrawCount=0,lVariationFleeCount=0,lVariationExperience=0,dwVariationPlayTimeCount=0
± 2017-11-01 23:16:37 ×잼역렛쇌嫩끽: dwUserID=547093,dwOnLineTimeCount=188,dwInoutIndex=8585351,dwLeaveReason=0,lRecordScore=0.00,lRecordInsure0.00,lVariationRevenue=0.00,lVariationUserMedal=0.00,lVariationWinCount=0,lVariationLostCount=0,lVariationDrawCount=0,lVariationFleeCount=0,lVariationExperience=0,dwVariationPlayTimeCount=0,lVariationScore=0.00,lVariationInsure=0.00,lVariationRevenue=0.00,lVariationUserMedal=0.00,lVariationWinCount=0,lVariationLostCount=0,lVariationDrawCount=0,lVariationFleeCount=0,lVariationExperience=0,dwVariationPlayTimeCount=0
± 2017-11-01 23:16:48 ×踏狗션쩌嫩끽: wTableID=0,wUserCount=0,wAndroidCount=1,lWasteCount=0.00,lRevenueCount=0.00,lUserMemal=0.00,dwPlayTimeCoun=17
± 2017-11-01 23:16:57 ×잼역렛쇌嫩끽: dwUserID=547318,dwOnLineTimeCount=192,dwInoutIndex=8585378,dwLeaveReason=0,lRecordScore=0.00,lRecordInsure0.00,lVariationRevenue=0.00,lVariationUserMedal=0.00,lVariationWinCount=0,lVariationLostCount=0,lVariationDrawCount=0,lVariationFleeCount=0,lVariationExperience=0,dwVariationPlayTimeCount=0,lVariationScore=0.00,lVariationInsure=0.00,lVariationRevenue=0.00,lVariationUserMedal=0.00,lVariationWinCount=0,lVariationLostCount=0,lVariationDrawCount=0,lVariationFleeCount=0,lVariationExperience=0,dwVariationPlayTimeCount=0
± 2017-11-01 23:17:39 ×踏狗션쩌嫩끽: wTableID=0,wUserCount=0,wAndroidCount=1,lWasteCount=0.00,lRevenueCount=0.00,lUserMemal=0.00,dwPlayTimeCoun=18
± 2017-11-01 23:18:29 ×踏狗션쩌嫩끽: wTableID=0,wUserCount=0,wAndroidCount=1,lWasteCount=0.00,lRevenueCount=0.00,lUserMemal=0.00,dwPlayTimeCoun=17
± 2017-11-01 23:19:20 ×踏狗션쩌嫩끽: wTableID=0,wUserCount=0,wAndroidCount=1,lWasteCount=0.00,lRevenueCount=0.00,lUserMemal=0.00,dwPlayTimeCoun=18
± 2017-11-02 00:47:37 ×ID되쩌嫩끽: dwUserID=547894,strPassword=9E1EEF6F49A648C3B94A74CC2E0228CA,strMachineID=
± 2017-11-02 00:47:42 ×ID되쩌嫩끽: dwUserID=548392,strPassword=9E1EEF6F49A648C3B94A74CC2E0228CA,strMachineID=
± 2017-11-02 00:47:47 ×ID되쩌嫩끽: dwUserID=548320,strPassword=9E1EEF6F49A648C3B94A74CC2E0228CA,strMachineID=
± 2017-11-02 00:47:52 ×ID되쩌嫩끽: dwUserID=547318,strPassword=9E1EEF6F49A648C3B94A74CC2E0228CA,strMachineID=
± 2017-11-02 00:47:57 ×ID되쩌嫩끽: dwUserID=547322,strPassword=9E1EEF6F49A648C3B94A74CC2E0228CA,strMachineID=
± 2017-11-02 00:48:02 ×ID되쩌嫩끽: dwUserID=547114,strPassword=9E1EEF6F49A648C3B94A74CC2E0228CA,strMachineID=
± 2017-11-02 00:48:07 ×ID되쩌嫩끽: dwUserID=547093,strPassword=9E1EEF6F49A648C3B94A74CC2E0228CA,strMachineID=
± 2017-11-02 00:48:12 ×ID되쩌嫩끽: dwUserID=547370,strPassword=9E1EEF6F49A648C3B94A74CC2E0228CA,strMachineID=
± 2017-11-02 00:48:17 ×ID되쩌嫩끽: dwUserID=547395,strPassword=9E1EEF6F49A648C3B94A74CC2E0228CA,strMachineID=
± 2017-11-02 00:48:22 ×ID되쩌嫩끽: dwUserID=547245,strPassword=9E1EEF6F49A648C3B94A74CC2E0228CA,strMachineID=
± 2017-11-04 15:25:11 ×잼역렛쇌嫩끽: dwUserID=547370,dwOnLineTimeCount=1804,dwInoutIndex=8557902,dwLeaveReason=0,lRecordScore=0.00,lRecordInsure0.00,lVariationRevenue=0.00,lVariationUserMedal=0.00,lVariationWinCount=0,lVariationLostCount=0,lVariationDrawCount=0,lVariationFleeCount=0,lVariationExperience=0,dwVariationPlayTimeCount=0,lVariationScore=0.00,lVariationInsure=0.00,lVariationRevenue=0.00,lVariationUserMedal=0.00,lVariationWinCount=0,lVariationLostCount=0,lVariationDrawCount=0,lVariationFleeCount=0,lVariationExperience=0,dwVariationPlayTimeCount=0
± 2017-11-04 15:25:22 ×잼역렛쇌嫩끽: dwUserID=548320,dwOnLineTimeCount=1805,dwInoutIndex=8557921,dwLeaveReason=0,lRecordScore=0.00,lRecordInsure0.00,lVariationRevenue=0.00,lVariationUserMedal=0.00,lVariationWinCount=0,lVariationLostCount=0,lVariationDrawCount=0,lVariationFleeCount=0,lVariationExperience=0,dwVariationPlayTimeCount=0,lVariationScore=0.00,lVariationInsure=0.00,lVariationRevenue=0.00,lVariationUserMedal=0.00,lVariationWinCount=0,lVariationLostCount=0,lVariationDrawCount=0,lVariationFleeCount=0,lVariationExperience=0,dwVariationPlayTimeCount=0
± 2017-11-04 15:25:32 ×잼역렛쇌嫩끽: dwUserID=547871,dwOnLineTimeCount=1805,dwInoutIndex=8557945,dwLeaveReason=0,lRecordScore=-3166.05,lRecordInsure0.00,lVariationRevenue=6.05,lVariationUserMedal=3281.00,lVariationWinCount=1,lVariationLostCount=6,lVariationDrawCount=1,lVariationFleeCount=0,lVariationExperience=8,dwVariationPlayTimeCount=139,lVariationScore=0.00,lVariationInsure=0.00,lVariationRevenue=0.00,lVariationUserMedal=0.00,lVariationWinCount=1,lVariationLostCount=6,lVariationDrawCount=1,lVariationFleeCount=0,lVariationExperience=0,dwVariationPlayTimeCount=0
± 2017-11-04 15:25:37 ×ID되쩌嫩끽: dwUserID=547114,strPassword=D55443824EC0455985774FF888D46646,strMachineID=
± 2017-11-04 15:25:42 ×ID되쩌嫩끽: dwUserID=547871,strPassword=D55443824EC0455985774FF888D46646,strMachineID=
± 2017-11-04 15:25:47 ×ID되쩌嫩끽: dwUserID=547370,strPassword=D55443824EC0455985774FF888D46646,strMachineID=
± 2017-11-04 15:25:52 ×ID되쩌嫩끽: dwUserID=548384,strPassword=D55443824EC0455985774FF888D46646,strMachineID=
± 2017-11-04 15:25:57 ×ID되쩌嫩끽: dwUserID=548320,strPassword=D55443824EC0455985774FF888D46646,strMachineID=
± 2017-11-04 15:26:02 ×ID되쩌嫩끽: dwUserID=547093,strPassword=D55443824EC0455985774FF888D46646,strMachineID=
± 2017-11-04 15:26:07 ×ID되쩌嫩끽: dwUserID=547245,strPassword=D55443824EC0455985774FF888D46646,strMachineID=
± 2017-11-04 15:26:12 ×ID되쩌嫩끽: dwUserID=547318,strPassword=D55443824EC0455985774FF888D46646,strMachineID=
± 2017-11-04 15:26:18 ×ID되쩌嫩끽: dwUserID=547322,strPassword=D55443824EC0455985774FF888D46646,strMachineID=
± 2017-11-04 15:26:23 ×잼역렛쇌嫩끽: dwUserID=547894,dwOnLineTimeCount=1846,dwInoutIndex=8557965,dwLeaveReason=0,lRecordScore=-1941.10,lRecordInsure0.00,lVariationRevenue=449.10,lVariationUserMedal=10474.00,lVariationWinCount=7,lVariationLostCount=9,lVariationDrawCount=0,lVariationFleeCount=0,lVariationExperience=16,dwVariationPlayTimeCount=278,lVariationScore=0.00,lVariationInsure=0.00,lVariationRevenue=0.00,lVariationUserMedal=0.00,lVariationWinCount=7,lVariationLostCount=9,lVariationDrawCount=0,lVariationFleeCount=0,lVariationExperience=0,dwVariationPlayTimeCount=0
± 2017-11-04 21:55:28 ×잼역렛쇌嫩끽: dwUserID=547114,dwOnLineTimeCount=108,dwInoutIndex=8562622,dwLeaveReason=0,lRecordScore=0.00,lRecordInsure0.00,lVariationRevenue=0.00,lVariationUserMedal=0.00,lVariationWinCount=0,lVariationLostCount=0,lVariationDrawCount=0,lVariationFleeCount=0,lVariationExperience=0,dwVariationPlayTimeCount=0,lVariationScore=0.00,lVariationInsure=0.00,lVariationRevenue=0.00,lVariationUserMedal=0.00,lVariationWinCount=0,lVariationLostCount=0,lVariationDrawCount=0,lVariationFleeCount=0,lVariationExperience=0,dwVariationPlayTimeCount=0
± 2017-11-04 21:55:54 ×잼역렛쇌嫩끽: dwUserID=547093,dwOnLineTimeCount=149,dwInoutIndex=8562580,dwLeaveReason=0,lRecordScore=0.00,lRecordInsure0.00,lVariationRevenue=0.00,lVariationUserMedal=0.00,lVariationWinCount=0,lVariationLostCount=0,lVariationDrawCount=0,lVariationFleeCount=0,lVariationExperience=0,dwVariationPlayTimeCount=0,lVariationScore=0.00,lVariationInsure=0.00,lVariationRevenue=0.00,lVariationUserMedal=0.00,lVariationWinCount=0,lVariationLostCount=0,lVariationDrawCount=0,lVariationFleeCount=0,lVariationExperience=0,dwVariationPlayTimeCount=0
± 2017-11-04 21:55:59 ×잼역렛쇌嫩끽: dwUserID=547318,dwOnLineTimeCount=149,dwInoutIndex=8562594,dwLeaveReason=0,lRecordScore=0.00,lRecordInsure0.00,lVariationRevenue=0.00,lVariationUserMedal=0.00,lVariationWinCount=0,lVariationLostCount=0,lVariationDrawCount=0,lVariationFleeCount=0,lVariationExperience=0,dwVariationPlayTimeCount=0,lVariationScore=0.00,lVariationInsure=0.00,lVariationRevenue=0.00,lVariationUserMedal=0.00,lVariationWinCount=0,lVariationLostCount=0,lVariationDrawCount=0,lVariationFleeCount=0,lVariationExperience=0,dwVariationPlayTimeCount=0
± 2017-11-04 21:56:24 ×잼역렛쇌嫩끽: dwUserID=547245,dwOnLineTimeCount=159,dwInoutIndex=8562636,dwLeaveReason=0,lRecordScore=0.00,lRecordInsure0.00,lVariationRevenue=0.00,lVariationUserMedal=0.00,lVariationWinCount=0,lVariationLostCount=0,lVariationDrawCount=0,lVariationFleeCount=0,lVariationExperience=0,dwVariationPlayTimeCount=0,lVariationScore=0.00,lVariationInsure=0.00,lVariationRevenue=0.00,lVariationUserMedal=0.00,lVariationWinCount=0,lVariationLostCount=0,lVariationDrawCount=0,lVariationFleeCount=0,lVariationExperience=0,dwVariationPlayTimeCount=0
± 2017-11-04 21:56:40 ×잼역렛쇌嫩끽: dwUserID=547322,dwOnLineTimeCount=160,dwInoutIndex=8562665,dwLeaveReason=0,lRecordScore=0.00,lRecordInsure0.00,lVariationRevenue=0.00,lVariationUserMedal=0.00,lVariationWinCount=0,lVariationLostCount=0,lVariationDrawCount=0,lVariationFleeCount=0,lVariationExperience=0,dwVariationPlayTimeCount=0,lVariationScore=0.00,lVariationInsure=0.00,lVariationRevenue=0.00,lVariationUserMedal=0.00,lVariationWinCount=0,lVariationLostCount=0,lVariationDrawCount=0,lVariationFleeCount=0,lVariationExperience=0,dwVariationPlayTimeCount=0
