± 2017-11-01 14:16:34 ×踏狗션쩌嫩끽: wTableID=0,wUserCount=0,wAndroidCount=0,lWasteCount=0.00,lRevenueCount=0.00,lUserMemal=0.00,dwPlayTimeCoun=25
± 2017-11-01 16:27:24 ×踏狗션쩌嫩끽: wTableID=0,wUserCount=0,wAndroidCount=0,lWasteCount=0.00,lRevenueCount=0.00,lUserMemal=0.00,dwPlayTimeCoun=29
± 2017-11-01 16:27:28 ×잼역렛쇌嫩끽: dwUserID=548154,dwOnLineTimeCount=191,dwInoutIndex=8581973,dwLeaveReason=0,lRecordScore=16467.00,lRecordInsure0.00,lVariationRevenue=0.00,lVariationUserMedal=0.00,lVariationWinCount=0,lVariationLostCount=0,lVariationDrawCount=0,lVariationFleeCount=0,lVariationExperience=0,dwVariationPlayTimeCount=0,lVariationScore=0.00,lVariationInsure=0.00,lVariationRevenue=0.00,lVariationUserMedal=0.00,lVariationWinCount=0,lVariationLostCount=0,lVariationDrawCount=0,lVariationFleeCount=0,lVariationExperience=0,dwVariationPlayTimeCount=0
± 2017-11-01 16:27:33 ×잼역렛쇌嫩끽: dwUserID=548645,dwOnLineTimeCount=161,dwInoutIndex=8582024,dwLeaveReason=0,lRecordScore=18657.00,lRecordInsure0.00,lVariationRevenue=0.00,lVariationUserMedal=0.00,lVariationWinCount=0,lVariationLostCount=0,lVariationDrawCount=0,lVariationFleeCount=0,lVariationExperience=0,dwVariationPlayTimeCount=0,lVariationScore=0.00,lVariationInsure=0.00,lVariationRevenue=0.00,lVariationUserMedal=0.00,lVariationWinCount=0,lVariationLostCount=0,lVariationDrawCount=0,lVariationFleeCount=0,lVariationExperience=0,dwVariationPlayTimeCount=0
± 2017-11-01 23:13:54 ×ID되쩌嫩끽: dwUserID=548564,strPassword=449C2AB561A84C219991B5DA8CC9CEC1,strMachineID=
± 2017-11-01 23:13:59 ×ID되쩌嫩끽: dwUserID=548154,strPassword=449C2AB561A84C219991B5DA8CC9CEC1,strMachineID=
± 2017-11-01 23:14:04 ×ID되쩌嫩끽: dwUserID=547877,strPassword=449C2AB561A84C219991B5DA8CC9CEC1,strMachineID=
± 2017-11-01 23:14:09 ×ID되쩌嫩끽: dwUserID=547988,strPassword=449C2AB561A84C219991B5DA8CC9CEC1,strMachineID=
± 2017-11-01 23:14:21 ×踏狗션쩌嫩끽: wTableID=0,wUserCount=0,wAndroidCount=0,lWasteCount=0.00,lRevenueCount=0.00,lUserMemal=0.00,dwPlayTimeCoun=26
± 2017-11-01 23:14:25 ×잼역렛쇌嫩끽: dwUserID=547967,dwOnLineTimeCount=51,dwInoutIndex=8585359,dwLeaveReason=0,lRecordScore=25138.00,lRecordInsure0.00,lVariationRevenue=0.00,lVariationUserMedal=0.00,lVariationWinCount=0,lVariationLostCount=0,lVariationDrawCount=0,lVariationFleeCount=0,lVariationExperience=0,dwVariationPlayTimeCount=0,lVariationScore=0.00,lVariationInsure=0.00,lVariationRevenue=0.00,lVariationUserMedal=0.00,lVariationWinCount=0,lVariationLostCount=0,lVariationDrawCount=0,lVariationFleeCount=0,lVariationExperience=0,dwVariationPlayTimeCount=0
± 2017-11-01 23:14:30 ×잼역렛쇌嫩끽: dwUserID=548156,dwOnLineTimeCount=66,dwInoutIndex=8585337,dwLeaveReason=0,lRecordScore=20618.00,lRecordInsure0.00,lVariationRevenue=0.00,lVariationUserMedal=0.00,lVariationWinCount=0,lVariationLostCount=0,lVariationDrawCount=0,lVariationFleeCount=0,lVariationExperience=0,dwVariationPlayTimeCount=0,lVariationScore=0.00,lVariationInsure=0.00,lVariationRevenue=0.00,lVariationUserMedal=0.00,lVariationWinCount=0,lVariationLostCount=0,lVariationDrawCount=0,lVariationFleeCount=0,lVariationExperience=0,dwVariationPlayTimeCount=0
± 2017-11-01 23:14:35 ×잼역렛쇌嫩끽: dwUserID=548231,dwOnLineTimeCount=66,dwInoutIndex=8585350,dwLeaveReason=0,lRecordScore=29579.00,lRecordInsure0.00,lVariationRevenue=0.00,lVariationUserMedal=0.00,lVariationWinCount=0,lVariationLostCount=0,lVariationDrawCount=0,lVariationFleeCount=0,lVariationExperience=0,dwVariationPlayTimeCount=0,lVariationScore=0.00,lVariationInsure=0.00,lVariationRevenue=0.00,lVariationUserMedal=0.00,lVariationWinCount=0,lVariationLostCount=0,lVariationDrawCount=0,lVariationFleeCount=0,lVariationExperience=0,dwVariationPlayTimeCount=0
± 2017-11-01 23:14:40 ×잼역렛쇌嫩끽: dwUserID=548240,dwOnLineTimeCount=61,dwInoutIndex=8585368,dwLeaveReason=0,lRecordScore=13594.00,lRecordInsure0.00,lVariationRevenue=0.00,lVariationUserMedal=0.00,lVariationWinCount=0,lVariationLostCount=0,lVariationDrawCount=0,lVariationFleeCount=0,lVariationExperience=0,dwVariationPlayTimeCount=0,lVariationScore=0.00,lVariationInsure=0.00,lVariationRevenue=0.00,lVariationUserMedal=0.00,lVariationWinCount=0,lVariationLostCount=0,lVariationDrawCount=0,lVariationFleeCount=0,lVariationExperience=0,dwVariationPlayTimeCount=0
± 2017-11-01 23:15:11 ×踏狗션쩌嫩끽: wTableID=0,wUserCount=0,wAndroidCount=0,lWasteCount=0.00,lRevenueCount=0.00,lUserMemal=0.00,dwPlayTimeCoun=25
± 2017-11-01 23:16:02 ×踏狗션쩌嫩끽: wTableID=0,wUserCount=0,wAndroidCount=0,lWasteCount=0.00,lRevenueCount=0.00,lUserMemal=0.00,dwPlayTimeCoun=25
± 2017-11-01 23:16:16 ×잼역렛쇌嫩끽: dwUserID=548645,dwOnLineTimeCount=147,dwInoutIndex=8585384,dwLeaveReason=0,lRecordScore=19544.00,lRecordInsure0.00,lVariationRevenue=0.00,lVariationUserMedal=0.00,lVariationWinCount=0,lVariationLostCount=0,lVariationDrawCount=0,lVariationFleeCount=0,lVariationExperience=0,dwVariationPlayTimeCount=0,lVariationScore=0.00,lVariationInsure=0.00,lVariationRevenue=0.00,lVariationUserMedal=0.00,lVariationWinCount=0,lVariationLostCount=0,lVariationDrawCount=0,lVariationFleeCount=0,lVariationExperience=0,dwVariationPlayTimeCount=0
± 2017-11-01 23:16:52 ×踏狗션쩌嫩끽: wTableID=0,wUserCount=0,wAndroidCount=0,lWasteCount=0.00,lRevenueCount=0.00,lUserMemal=0.00,dwPlayTimeCoun=25
± 2017-11-01 23:17:43 ×踏狗션쩌嫩끽: wTableID=0,wUserCount=0,wAndroidCount=0,lWasteCount=0.00,lRevenueCount=0.00,lUserMemal=0.00,dwPlayTimeCoun=25
± 2017-11-01 23:18:34 ×踏狗션쩌嫩끽: wTableID=0,wUserCount=0,wAndroidCount=0,lWasteCount=0.00,lRevenueCount=0.00,lUserMemal=0.00,dwPlayTimeCoun=26
± 2017-11-01 23:19:24 ×踏狗션쩌嫩끽: wTableID=0,wUserCount=0,wAndroidCount=0,lWasteCount=0.00,lRevenueCount=0.00,lUserMemal=0.00,dwPlayTimeCoun=25
± 2017-11-02 00:47:36 ×ID되쩌嫩끽: dwUserID=548231,strPassword=21FE37D31618426FAD93E52A9CAF00C2,strMachineID=
± 2017-11-02 00:47:41 ×ID되쩌嫩끽: dwUserID=547216,strPassword=21FE37D31618426FAD93E52A9CAF00C2,strMachineID=
± 2017-11-02 00:47:46 ×ID되쩌嫩끽: dwUserID=548564,strPassword=21FE37D31618426FAD93E52A9CAF00C2,strMachineID=
± 2017-11-02 00:47:51 ×ID되쩌嫩끽: dwUserID=548154,strPassword=21FE37D31618426FAD93E52A9CAF00C2,strMachineID=
± 2017-11-02 00:47:56 ×ID되쩌嫩끽: dwUserID=548156,strPassword=21FE37D31618426FAD93E52A9CAF00C2,strMachineID=
± 2017-11-02 00:48:01 ×ID되쩌嫩끽: dwUserID=547877,strPassword=21FE37D31618426FAD93E52A9CAF00C2,strMachineID=
± 2017-11-02 00:48:06 ×ID되쩌嫩끽: dwUserID=546851,strPassword=21FE37D31618426FAD93E52A9CAF00C2,strMachineID=
± 2017-11-02 00:48:11 ×ID되쩌嫩끽: dwUserID=548240,strPassword=21FE37D31618426FAD93E52A9CAF00C2,strMachineID=
± 2017-11-02 00:48:16 ×ID되쩌嫩끽: dwUserID=547967,strPassword=21FE37D31618426FAD93E52A9CAF00C2,strMachineID=
± 2017-11-02 00:48:21 ×ID되쩌嫩끽: dwUserID=548645,strPassword=21FE37D31618426FAD93E52A9CAF00C2,strMachineID=
± 2017-11-04 15:25:23 ×잼역렛쇌嫩끽: dwUserID=548345,dwOnLineTimeCount=1812,dwInoutIndex=8557908,dwLeaveReason=0,lRecordScore=17376.00,lRecordInsure0.00,lVariationRevenue=0.00,lVariationUserMedal=0.00,lVariationWinCount=0,lVariationLostCount=0,lVariationDrawCount=0,lVariationFleeCount=0,lVariationExperience=0,dwVariationPlayTimeCount=0,lVariationScore=0.00,lVariationInsure=0.00,lVariationRevenue=0.00,lVariationUserMedal=0.00,lVariationWinCount=0,lVariationLostCount=0,lVariationDrawCount=0,lVariationFleeCount=0,lVariationExperience=0,dwVariationPlayTimeCount=0
± 2017-11-04 15:25:43 ×잼역렛쇌嫩끽: dwUserID=546930,dwOnLineTimeCount=1802,dwInoutIndex=8557972,dwLeaveReason=0,lRecordScore=0.00,lRecordInsure0.00,lVariationRevenue=0.00,lVariationUserMedal=0.00,lVariationWinCount=0,lVariationLostCount=0,lVariationDrawCount=0,lVariationFleeCount=0,lVariationExperience=0,dwVariationPlayTimeCount=0,lVariationScore=0.00,lVariationInsure=0.00,lVariationRevenue=0.00,lVariationUserMedal=0.00,lVariationWinCount=0,lVariationLostCount=0,lVariationDrawCount=0,lVariationFleeCount=0,lVariationExperience=0,dwVariationPlayTimeCount=0
± 2017-11-04 15:25:53 ×ID되쩌嫩끽: dwUserID=547877,strPassword=AD75AC9CC6D942DEA4759B2A36B701FF,strMachineID=
± 2017-11-04 15:25:58 ×ID되쩌嫩끽: dwUserID=546930,strPassword=AD75AC9CC6D942DEA4759B2A36B701FF,strMachineID=
± 2017-11-04 15:26:03 ×ID되쩌嫩끽: dwUserID=548240,strPassword=AD75AC9CC6D942DEA4759B2A36B701FF,strMachineID=
± 2017-11-04 15:26:08 ×ID되쩌嫩끽: dwUserID=546851,strPassword=AD75AC9CC6D942DEA4759B2A36B701FF,strMachineID=
± 2017-11-04 15:26:14 ×ID되쩌嫩끽: dwUserID=548154,strPassword=AD75AC9CC6D942DEA4759B2A36B701FF,strMachineID=
± 2017-11-04 15:26:19 ×ID되쩌嫩끽: dwUserID=548564,strPassword=AD75AC9CC6D942DEA4759B2A36B701FF,strMachineID=
± 2017-11-04 15:26:24 ×ID되쩌嫩끽: dwUserID=548645,strPassword=AD75AC9CC6D942DEA4759B2A36B701FF,strMachineID=
± 2017-11-04 15:26:29 ×ID되쩌嫩끽: dwUserID=548231,strPassword=AD75AC9CC6D942DEA4759B2A36B701FF,strMachineID=
± 2017-11-04 15:26:34 ×ID되쩌嫩끽: dwUserID=548156,strPassword=AD75AC9CC6D942DEA4759B2A36B701FF,strMachineID=
± 2017-11-04 15:26:39 ×ID되쩌嫩끽: dwUserID=547988,strPassword=AD75AC9CC6D942DEA4759B2A36B701FF,strMachineID=
± 2017-11-04 15:26:44 ×ID되쩌嫩끽: dwUserID=548345,strPassword=AD75AC9CC6D942DEA4759B2A36B701FF,strMachineID=
± 2017-11-04 15:26:49 ×ID되쩌嫩끽: dwUserID=548410,strPassword=AD75AC9CC6D942DEA4759B2A36B701FF,strMachineID=
± 2017-11-04 15:26:54 ×ID되쩌嫩끽: dwUserID=547967,strPassword=AD75AC9CC6D942DEA4759B2A36B701FF,strMachineID=
± 2017-11-04 21:55:12 ×잼역렛쇌嫩끽: dwUserID=548345,dwOnLineTimeCount=1899,dwInoutIndex=8562283,dwLeaveReason=0,lRecordScore=13854.00,lRecordInsure0.00,lVariationRevenue=0.00,lVariationUserMedal=0.00,lVariationWinCount=0,lVariationLostCount=0,lVariationDrawCount=0,lVariationFleeCount=0,lVariationExperience=0,dwVariationPlayTimeCount=0,lVariationScore=0.00,lVariationInsure=0.00,lVariationRevenue=0.00,lVariationUserMedal=0.00,lVariationWinCount=0,lVariationLostCount=0,lVariationDrawCount=0,lVariationFleeCount=0,lVariationExperience=0,dwVariationPlayTimeCount=0
± 2017-11-04 21:55:17 ×잼역렛쇌嫩끽: dwUserID=548410,dwOnLineTimeCount=1929,dwInoutIndex=8562221,dwLeaveReason=0,lRecordScore=28976.00,lRecordInsure0.00,lVariationRevenue=0.00,lVariationUserMedal=0.00,lVariationWinCount=0,lVariationLostCount=0,lVariationDrawCount=0,lVariationFleeCount=0,lVariationExperience=0,dwVariationPlayTimeCount=0,lVariationScore=0.00,lVariationInsure=0.00,lVariationRevenue=0.00,lVariationUserMedal=0.00,lVariationWinCount=0,lVariationLostCount=0,lVariationDrawCount=0,lVariationFleeCount=0,lVariationExperience=0,dwVariationPlayTimeCount=0
± 2017-11-04 21:55:22 ×잼역렛쇌嫩끽: dwUserID=548835,dwOnLineTimeCount=1884,dwInoutIndex=8562325,dwLeaveReason=0,lRecordScore=12874.00,lRecordInsure0.00,lVariationRevenue=0.00,lVariationUserMedal=0.00,lVariationWinCount=0,lVariationLostCount=0,lVariationDrawCount=0,lVariationFleeCount=0,lVariationExperience=0,dwVariationPlayTimeCount=0,lVariationScore=0.00,lVariationInsure=0.00,lVariationRevenue=0.00,lVariationUserMedal=0.00,lVariationWinCount=0,lVariationLostCount=0,lVariationDrawCount=0,lVariationFleeCount=0,lVariationExperience=0,dwVariationPlayTimeCount=0
± 2017-11-04 21:55:27 ×잼역렛쇌嫩끽: dwUserID=546930,dwOnLineTimeCount=1894,dwInoutIndex=8562321,dwLeaveReason=0,lRecordScore=0.00,lRecordInsure0.00,lVariationRevenue=0.00,lVariationUserMedal=0.00,lVariationWinCount=0,lVariationLostCount=0,lVariationDrawCount=0,lVariationFleeCount=0,lVariationExperience=0,dwVariationPlayTimeCount=0,lVariationScore=0.00,lVariationInsure=0.00,lVariationRevenue=0.00,lVariationUserMedal=0.00,lVariationWinCount=0,lVariationLostCount=0,lVariationDrawCount=0,lVariationFleeCount=0,lVariationExperience=0,dwVariationPlayTimeCount=0
± 2017-11-04 21:55:32 ×잼역렛쇌嫩끽: dwUserID=547216,dwOnLineTimeCount=1889,dwInoutIndex=8562328,dwLeaveReason=0,lRecordScore=21877.00,lRecordInsure0.00,lVariationRevenue=0.00,lVariationUserMedal=0.00,lVariationWinCount=0,lVariationLostCount=0,lVariationDrawCount=0,lVariationFleeCount=0,lVariationExperience=0,dwVariationPlayTimeCount=0,lVariationScore=0.00,lVariationInsure=0.00,lVariationRevenue=0.00,lVariationUserMedal=0.00,lVariationWinCount=0,lVariationLostCount=0,lVariationDrawCount=0,lVariationFleeCount=0,lVariationExperience=0,dwVariationPlayTimeCount=0
