± 2017-11-02 00:47:36 ×ID되쩌嫩끽: dwUserID=547806,strPassword=1C5A43555ED24457BCC6CDDF84E5FB59,strMachineID=
± 2017-11-02 00:47:41 ×ID되쩌嫩끽: dwUserID=548421,strPassword=1C5A43555ED24457BCC6CDDF84E5FB59,strMachineID=
± 2017-11-02 00:47:46 ×ID되쩌嫩끽: dwUserID=546992,strPassword=1C5A43555ED24457BCC6CDDF84E5FB59,strMachineID=
± 2017-11-02 00:49:39 ×ID되쩌嫩끽: dwUserID=548858,strPassword=13A2F7D5C432436ABB3B31AB8500EB4C,strMachineID=EDC6D47CBF27AFFF7C2D6E702999B0EC
± 2017-11-02 00:49:41 ×ID되쩌嫩끽: dwUserID=548858,strPassword=13A2F7D5C432436ABB3B31AB8500EB4C,strMachineID=EDC6D47CBF27AFFF7C2D6E702999B0EC
± 2017-11-02 00:49:55 ×ID되쩌嫩끽: dwUserID=548858,strPassword=13A2F7D5C432436ABB3B31AB8500EB4C,strMachineID=EDC6D47CBF27AFFF7C2D6E702999B0EC
± 2017-11-02 00:53:46 ×ID되쩌嫩끽: dwUserID=551354,strPassword=AE854D76B7914CB6ADFAD7B394670116,strMachineID=71E7CF7BAC9B28905F4C72BDE78CFB3E
± 2017-11-02 00:56:00 ×ID되쩌嫩끽: dwUserID=551354,strPassword=AE854D76B7914CB6ADFAD7B394670116,strMachineID=71E7CF7BAC9B28905F4C72BDE78CFB3E
± 2017-11-02 00:56:13 ×ID되쩌嫩끽: dwUserID=551354,strPassword=CD00E4FF33374B76902B4E4A97FB0449,strMachineID=71E7CF7BAC9B28905F4C72BDE78CFB3E
± 2017-11-04 15:25:16 ×잼역렛쇌嫩끽: dwUserID=547569,dwOnLineTimeCount=1801,dwInoutIndex=8557919,dwLeaveReason=0,lRecordScore=0.00,lRecordInsure0.00,lVariationRevenue=0.00,lVariationUserMedal=0.00,lVariationWinCount=0,lVariationLostCount=0,lVariationDrawCount=0,lVariationFleeCount=0,lVariationExperience=0,dwVariationPlayTimeCount=0,lVariationScore=0.00,lVariationInsure=0.00,lVariationRevenue=0.00,lVariationUserMedal=0.00,lVariationWinCount=0,lVariationLostCount=0,lVariationDrawCount=0,lVariationFleeCount=0,lVariationExperience=0,dwVariationPlayTimeCount=0
± 2017-11-04 15:25:22 ×잼역렛쇌嫩끽: dwUserID=548357,dwOnLineTimeCount=1802,dwInoutIndex=8557931,dwLeaveReason=0,lRecordScore=0.00,lRecordInsure0.00,lVariationRevenue=0.00,lVariationUserMedal=0.00,lVariationWinCount=0,lVariationLostCount=0,lVariationDrawCount=0,lVariationFleeCount=0,lVariationExperience=0,dwVariationPlayTimeCount=0,lVariationScore=0.00,lVariationInsure=0.00,lVariationRevenue=0.00,lVariationUserMedal=0.00,lVariationWinCount=0,lVariationLostCount=0,lVariationDrawCount=0,lVariationFleeCount=0,lVariationExperience=0,dwVariationPlayTimeCount=0
± 2017-11-04 15:25:27 ×잼역렛쇌嫩끽: dwUserID=548725,dwOnLineTimeCount=1802,dwInoutIndex=8557943,dwLeaveReason=0,lRecordScore=0.00,lRecordInsure0.00,lVariationRevenue=0.00,lVariationUserMedal=0.00,lVariationWinCount=0,lVariationLostCount=0,lVariationDrawCount=0,lVariationFleeCount=0,lVariationExperience=0,dwVariationPlayTimeCount=0,lVariationScore=0.00,lVariationInsure=0.00,lVariationRevenue=0.00,lVariationUserMedal=0.00,lVariationWinCount=0,lVariationLostCount=0,lVariationDrawCount=0,lVariationFleeCount=0,lVariationExperience=0,dwVariationPlayTimeCount=0
± 2017-11-04 15:25:32 ×잼역렛쇌嫩끽: dwUserID=548421,dwOnLineTimeCount=1802,dwInoutIndex=8557954,dwLeaveReason=0,lRecordScore=0.00,lRecordInsure0.00,lVariationRevenue=0.00,lVariationUserMedal=0.00,lVariationWinCount=0,lVariationLostCount=0,lVariationDrawCount=0,lVariationFleeCount=0,lVariationExperience=0,dwVariationPlayTimeCount=0,lVariationScore=0.00,lVariationInsure=0.00,lVariationRevenue=0.00,lVariationUserMedal=0.00,lVariationWinCount=0,lVariationLostCount=0,lVariationDrawCount=0,lVariationFleeCount=0,lVariationExperience=0,dwVariationPlayTimeCount=0
± 2017-11-04 15:25:37 ×잼역렛쇌嫩끽: dwUserID=547094,dwOnLineTimeCount=1802,dwInoutIndex=8557963,dwLeaveReason=0,lRecordScore=0.00,lRecordInsure0.00,lVariationRevenue=0.00,lVariationUserMedal=0.00,lVariationWinCount=0,lVariationLostCount=0,lVariationDrawCount=0,lVariationFleeCount=0,lVariationExperience=0,dwVariationPlayTimeCount=0,lVariationScore=0.00,lVariationInsure=0.00,lVariationRevenue=0.00,lVariationUserMedal=0.00,lVariationWinCount=0,lVariationLostCount=0,lVariationDrawCount=0,lVariationFleeCount=0,lVariationExperience=0,dwVariationPlayTimeCount=0
± 2017-11-04 15:25:57 ×ID되쩌嫩끽: dwUserID=547129,strPassword=F1F0D735EA564C6A97D90C8DB1DBCEBB,strMachineID=
± 2017-11-04 15:26:02 ×ID되쩌嫩끽: dwUserID=547839,strPassword=F1F0D735EA564C6A97D90C8DB1DBCEBB,strMachineID=
± 2017-11-04 15:26:07 ×ID되쩌嫩끽: dwUserID=547630,strPassword=F1F0D735EA564C6A97D90C8DB1DBCEBB,strMachineID=
± 2017-11-04 15:26:12 ×ID되쩌嫩끽: dwUserID=547502,strPassword=F1F0D735EA564C6A97D90C8DB1DBCEBB,strMachineID=
± 2017-11-04 15:26:18 ×ID되쩌嫩끽: dwUserID=548357,strPassword=F1F0D735EA564C6A97D90C8DB1DBCEBB,strMachineID=
± 2017-11-04 15:26:23 ×ID되쩌嫩끽: dwUserID=548725,strPassword=F1F0D735EA564C6A97D90C8DB1DBCEBB,strMachineID=
± 2017-11-04 15:26:28 ×ID되쩌嫩끽: dwUserID=546992,strPassword=F1F0D735EA564C6A97D90C8DB1DBCEBB,strMachineID=
± 2017-11-04 15:26:33 ×ID되쩌嫩끽: dwUserID=547058,strPassword=F1F0D735EA564C6A97D90C8DB1DBCEBB,strMachineID=
± 2017-11-04 15:26:38 ×ID되쩌嫩끽: dwUserID=547219,strPassword=F1F0D735EA564C6A97D90C8DB1DBCEBB,strMachineID=
± 2017-11-04 15:26:43 ×ID되쩌嫩끽: dwUserID=547818,strPassword=F1F0D735EA564C6A97D90C8DB1DBCEBB,strMachineID=
± 2017-11-04 15:26:48 ×ID되쩌嫩끽: dwUserID=548738,strPassword=F1F0D735EA564C6A97D90C8DB1DBCEBB,strMachineID=
± 2017-11-04 15:26:53 ×ID되쩌嫩끽: dwUserID=547023,strPassword=F1F0D735EA564C6A97D90C8DB1DBCEBB,strMachineID=
± 2017-11-04 15:26:58 ×ID되쩌嫩끽: dwUserID=547569,strPassword=F1F0D735EA564C6A97D90C8DB1DBCEBB,strMachineID=
± 2017-11-04 15:27:03 ×ID되쩌嫩끽: dwUserID=548211,strPassword=F1F0D735EA564C6A97D90C8DB1DBCEBB,strMachineID=
± 2017-11-04 21:55:07 ×잼역렛쇌嫩끽: dwUserID=547058,dwOnLineTimeCount=1859,dwInoutIndex=8562330,dwLeaveReason=0,lRecordScore=0.00,lRecordInsure0.00,lVariationRevenue=0.00,lVariationUserMedal=0.00,lVariationWinCount=0,lVariationLostCount=0,lVariationDrawCount=0,lVariationFleeCount=0,lVariationExperience=0,dwVariationPlayTimeCount=0,lVariationScore=0.00,lVariationInsure=0.00,lVariationRevenue=0.00,lVariationUserMedal=0.00,lVariationWinCount=0,lVariationLostCount=0,lVariationDrawCount=0,lVariationFleeCount=0,lVariationExperience=0,dwVariationPlayTimeCount=0
± 2017-11-04 21:55:12 ×잼역렛쇌嫩끽: dwUserID=547094,dwOnLineTimeCount=1849,dwInoutIndex=8562338,dwLeaveReason=0,lRecordScore=0.00,lRecordInsure0.00,lVariationRevenue=0.00,lVariationUserMedal=0.00,lVariationWinCount=0,lVariationLostCount=0,lVariationDrawCount=0,lVariationFleeCount=0,lVariationExperience=0,dwVariationPlayTimeCount=0,lVariationScore=0.00,lVariationInsure=0.00,lVariationRevenue=0.00,lVariationUserMedal=0.00,lVariationWinCount=0,lVariationLostCount=0,lVariationDrawCount=0,lVariationFleeCount=0,lVariationExperience=0,dwVariationPlayTimeCount=0
± 2017-11-04 21:55:17 ×잼역렛쇌嫩끽: dwUserID=547173,dwOnLineTimeCount=1915,dwInoutIndex=8562259,dwLeaveReason=0,lRecordScore=0.00,lRecordInsure0.00,lVariationRevenue=0.00,lVariationUserMedal=0.00,lVariationWinCount=0,lVariationLostCount=0,lVariationDrawCount=0,lVariationFleeCount=0,lVariationExperience=0,dwVariationPlayTimeCount=0,lVariationScore=0.00,lVariationInsure=0.00,lVariationRevenue=0.00,lVariationUserMedal=0.00,lVariationWinCount=0,lVariationLostCount=0,lVariationDrawCount=0,lVariationFleeCount=0,lVariationExperience=0,dwVariationPlayTimeCount=0
