ЁО 2017-11-01 23:13:53 ЁПcatch:[GSP_GR_EfficacyUserID]вьГЃЃКевВЛЕНДцДЂЙ§ГЬ 'GSP_GR_EfficacyUserID'ЁЃ [ 0x80040e14 ]
ЁО 2017-11-01 23:13:53 ЁПcatch:[GSP_GR_EfficacyUserID]вьГЃЃКевВЛЕНДцДЂЙ§ГЬ 'GSP_GR_EfficacyUserID'ЁЃ [ 0x80040e14 ]
ЁО 2017-11-01 23:13:53 ЁПcatch:[GSP_GR_EfficacyUserID]вьГЃЃКевВЛЕНДцДЂЙ§ГЬ 'GSP_GR_EfficacyUserID'ЁЃ [ 0x80040e14 ]
ЁО 2017-11-01 23:13:54 ЁПcatch:[GSP_GR_EfficacyUserID]вьГЃЃКевВЛЕНДцДЂЙ§ГЬ 'GSP_GR_EfficacyUserID'ЁЃ [ 0x80040e14 ]
ЁО 2017-11-01 23:13:54 ЁПcatch:[GSP_GR_EfficacyUserID]вьГЃЃКевВЛЕНДцДЂЙ§ГЬ 'GSP_GR_EfficacyUserID'ЁЃ [ 0x80040e14 ]
ЁО 2017-11-01 23:13:55 ЁПcatch:[GSP_GR_EfficacyUserID]вьГЃЃКевВЛЕНДцДЂЙ§ГЬ 'GSP_GR_EfficacyUserID'ЁЃ [ 0x80040e14 ]
ЁО 2017-11-01 23:13:56 ЁПcatch:[GSP_GR_LeaveGameServer]вьГЃЃКевВЛЕНДцДЂЙ§ГЬ 'GSP_GR_LeaveGameServer'ЁЃ [ 0x80040e14 ]
ЁО 2017-11-01 23:13:58 ЁПcatch:[GSP_GR_EfficacyUserID]вьГЃЃКевВЛЕНДцДЂЙ§ГЬ 'GSP_GR_EfficacyUserID'ЁЃ [ 0x80040e14 ]
ЁО 2017-11-01 23:13:58 ЁПcatch:[GSP_GR_LeaveGameServer]вьГЃЃКевВЛЕНДцДЂЙ§ГЬ 'GSP_GR_LeaveGameServer'ЁЃ [ 0x80040e14 ]
ЁО 2017-11-01 23:13:58 ЁПcatch:[GSP_GR_EfficacyUserID]вьГЃЃКевВЛЕНДцДЂЙ§ГЬ 'GSP_GR_EfficacyUserID'ЁЃ [ 0x80040e14 ]
ЁО 2017-11-01 23:13:59 ЁПcatch:[GSP_GR_LeaveGameServer]вьГЃЃКевВЛЕНДцДЂЙ§ГЬ 'GSP_GR_LeaveGameServer'ЁЃ [ 0x80040e14 ]
ЁО 2017-11-01 23:13:59 ЁПcatch:[GSP_GR_EfficacyUserID]вьГЃЃКевВЛЕНДцДЂЙ§ГЬ 'GSP_GR_EfficacyUserID'ЁЃ [ 0x80040e14 ]
ЁО 2017-11-01 23:13:59 ЁПcatch:[GSP_GR_EfficacyUserID]вьГЃЃКевВЛЕНДцДЂЙ§ГЬ 'GSP_GR_EfficacyUserID'ЁЃ [ 0x80040e14 ]
ЁО 2017-11-01 23:14:00 ЁПcatch:[GSP_GR_LeaveGameServer]вьГЃЃКевВЛЕНДцДЂЙ§ГЬ 'GSP_GR_LeaveGameServer'ЁЃ [ 0x80040e14 ]
ЁО 2017-11-01 23:14:03 ЁПcatch:[GSP_GR_EfficacyUserID]вьГЃЃКевВЛЕНДцДЂЙ§ГЬ 'GSP_GR_EfficacyUserID'ЁЃ [ 0x80040e14 ]
ЁО 2017-11-01 23:14:03 ЁПcatch:[GSP_GR_LeaveGameServer]вьГЃЃКевВЛЕНДцДЂЙ§ГЬ 'GSP_GR_LeaveGameServer'ЁЃ [ 0x80040e14 ]
ЁО 2017-11-01 23:14:04 ЁПcatch:[GSP_GR_EfficacyUserID]вьГЃЃКевВЛЕНДцДЂЙ§ГЬ 'GSP_GR_EfficacyUserID'ЁЃ [ 0x80040e14 ]
ЁО 2017-11-01 23:14:04 ЁПcatch:[GSP_GR_LeaveGameServer]вьГЃЃКевВЛЕНДцДЂЙ§ГЬ 'GSP_GR_LeaveGameServer'ЁЃ [ 0x80040e14 ]
ЁО 2017-11-01 23:14:04 ЁПcatch:[GSP_GR_EfficacyUserID]вьГЃЃКевВЛЕНДцДЂЙ§ГЬ 'GSP_GR_EfficacyUserID'ЁЃ [ 0x80040e14 ]
ЁО 2017-11-01 23:14:04 ЁПcatch:[GSP_GR_EfficacyUserID]вьГЃЃКевВЛЕНДцДЂЙ§ГЬ 'GSP_GR_EfficacyUserID'ЁЃ [ 0x80040e14 ]
ЁО 2017-11-01 23:14:05 ЁПcatch:[GSP_GR_LeaveGameServer]вьГЃЃКевВЛЕНДцДЂЙ§ГЬ 'GSP_GR_LeaveGameServer'ЁЃ [ 0x80040e14 ]
ЁО 2017-11-01 23:14:08 ЁПcatch:[GSP_GR_RecordDrawInfo]вьГЃЃКЮЊЙ§ГЬЛђКЏЪ§ GSP_GR_RecordDrawInfo жИЖЈСЫЙ§ЖрЕФВЮЪ§ЁЃ [ 0x80040e14 ]
ЁО 2017-11-01 23:14:08 ЁПcatch:[GSP_GR_LeaveGameServer]вьГЃЃКевВЛЕНДцДЂЙ§ГЬ 'GSP_GR_LeaveGameServer'ЁЃ [ 0x80040e14 ]
ЁО 2017-11-01 23:14:09 ЁПcatch:[GSP_GR_EfficacyUserID]вьГЃЃКевВЛЕНДцДЂЙ§ГЬ 'GSP_GR_EfficacyUserID'ЁЃ [ 0x80040e14 ]
ЁО 2017-11-01 23:14:09 ЁПcatch:[GSP_GR_EfficacyUserID]вьГЃЃКевВЛЕНДцДЂЙ§ГЬ 'GSP_GR_EfficacyUserID'ЁЃ [ 0x80040e14 ]
ЁО 2017-11-01 23:14:09 ЁПcatch:[GSP_GR_EfficacyUserID]вьГЃЃКевВЛЕНДцДЂЙ§ГЬ 'GSP_GR_EfficacyUserID'ЁЃ [ 0x80040e14 ]
ЁО 2017-11-01 23:14:10 ЁПcatch:[GSP_GR_LeaveGameServer]вьГЃЃКевВЛЕНДцДЂЙ§ГЬ 'GSP_GR_LeaveGameServer'ЁЃ [ 0x80040e14 ]
ЁО 2017-11-01 23:14:13 ЁПcatch:[GSP_GR_LeaveGameServer]вьГЃЃКевВЛЕНДцДЂЙ§ГЬ 'GSP_GR_LeaveGameServer'ЁЃ [ 0x80040e14 ]
ЁО 2017-11-01 23:14:14 ЁПcatch:[GSP_GR_EfficacyUserID]вьГЃЃКевВЛЕНДцДЂЙ§ГЬ 'GSP_GR_EfficacyUserID'ЁЃ [ 0x80040e14 ]
ЁО 2017-11-01 23:14:14 ЁПcatch:[GSP_GR_EfficacyUserID]вьГЃЃКевВЛЕНДцДЂЙ§ГЬ 'GSP_GR_EfficacyUserID'ЁЃ [ 0x80040e14 ]
ЁО 2017-11-01 23:14:15 ЁПcatch:[GSP_GR_LeaveGameServer]вьГЃЃКевВЛЕНДцДЂЙ§ГЬ 'GSP_GR_LeaveGameServer'ЁЃ [ 0x80040e14 ]
ЁО 2017-11-01 23:14:16 ЁПcatch:[GSP_GR_RecordDrawInfo]вьГЃЃКЮЊЙ§ГЬЛђКЏЪ§ GSP_GR_RecordDrawInfo жИЖЈСЫЙ§ЖрЕФВЮЪ§ЁЃ [ 0x80040e14 ]
ЁО 2017-11-01 23:14:17 ЁПcatch:[GSP_GP_EfficacyAccounts]вьГЃЃКевВЛЕНДцДЂЙ§ГЬ 'GSP_GP_EfficacyAccounts'ЁЃ [ 0x80040e14 ]
ЁО 2017-11-01 23:14:18 ЁПcatch:[GSP_GR_LeaveGameServer]вьГЃЃКевВЛЕНДцДЂЙ§ГЬ 'GSP_GR_LeaveGameServer'ЁЃ [ 0x80040e14 ]
ЁО 2017-11-01 23:14:19 ЁПcatch:[GSP_GR_EfficacyUserID]вьГЃЃКевВЛЕНДцДЂЙ§ГЬ 'GSP_GR_EfficacyUserID'ЁЃ [ 0x80040e14 ]
ЁО 2017-11-01 23:14:19 ЁПcatch:[GSP_GR_EfficacyUserID]вьГЃЃКевВЛЕНДцДЂЙ§ГЬ 'GSP_GR_EfficacyUserID'ЁЃ [ 0x80040e14 ]
ЁО 2017-11-01 23:14:20 ЁПcatch:[GSP_GR_LeaveGameServer]вьГЃЃКевВЛЕНДцДЂЙ§ГЬ 'GSP_GR_LeaveGameServer'ЁЃ [ 0x80040e14 ]
ЁО 2017-11-01 23:14:21 ЁПcatch:[GSP_GR_RecordDrawInfo]вьГЃЃКЮЊЙ§ГЬЛђКЏЪ§ GSP_GR_RecordDrawInfo жИЖЈСЫЙ§ЖрЕФВЮЪ§ЁЃ [ 0x80040e14 ]
ЁО 2017-11-01 23:14:21 ЁПcatch:[GSP_GP_EfficacyAccounts]вьГЃЃКевВЛЕНДцДЂЙ§ГЬ 'GSP_GP_EfficacyAccounts'ЁЃ [ 0x80040e14 ]
ЁО 2017-11-01 23:14:23 ЁПcatch:[GSP_GR_LeaveGameServer]вьГЃЃКевВЛЕНДцДЂЙ§ГЬ 'GSP_GR_LeaveGameServer'ЁЃ [ 0x80040e14 ]
ЁО 2017-11-01 23:14:24 ЁПcatch:[GSP_GR_EfficacyUserID]вьГЃЃКевВЛЕНДцДЂЙ§ГЬ 'GSP_GR_EfficacyUserID'ЁЃ [ 0x80040e14 ]
ЁО 2017-11-01 23:14:24 ЁПcatch:[GSP_GR_LeaveGameServer]вьГЃЃКевВЛЕНДцДЂЙ§ГЬ 'GSP_GR_LeaveGameServer'ЁЃ [ 0x80040e14 ]
ЁО 2017-11-01 23:14:25 ЁПcatch:[GSP_GR_LeaveGameServer]вьГЃЃКевВЛЕНДцДЂЙ§ГЬ 'GSP_GR_LeaveGameServer'ЁЃ [ 0x80040e14 ]
ЁО 2017-11-01 23:14:28 ЁПcatch:[GSP_GR_LeaveGameServer]вьГЃЃКевВЛЕНДцДЂЙ§ГЬ 'GSP_GR_LeaveGameServer'ЁЃ [ 0x80040e14 ]
ЁО 2017-11-01 23:14:29 ЁПcatch:[GSP_GR_EfficacyUserID]вьГЃЃКевВЛЕНДцДЂЙ§ГЬ 'GSP_GR_EfficacyUserID'ЁЃ [ 0x80040e14 ]
ЁО 2017-11-01 23:14:29 ЁПcatch:[GSP_GR_LeaveGameServer]вьГЃЃКевВЛЕНДцДЂЙ§ГЬ 'GSP_GR_LeaveGameServer'ЁЃ [ 0x80040e14 ]
ЁО 2017-11-01 23:14:30 ЁПcatch:[GSP_GR_LeaveGameServer]вьГЃЃКевВЛЕНДцДЂЙ§ГЬ 'GSP_GR_LeaveGameServer'ЁЃ [ 0x80040e14 ]
ЁО 2017-11-01 23:14:34 ЁПcatch:[GSP_GR_EfficacyUserID]вьГЃЃКевВЛЕНДцДЂЙ§ГЬ 'GSP_GR_EfficacyUserID'ЁЃ [ 0x80040e14 ]
ЁО 2017-11-01 23:14:34 ЁПcatch:[GSP_GR_LeaveGameServer]вьГЃЃКевВЛЕНДцДЂЙ§ГЬ 'GSP_GR_LeaveGameServer'ЁЃ [ 0x80040e14 ]
ЁО 2017-11-01 23:14:35 ЁПcatch:[GSP_GR_LeaveGameServer]вьГЃЃКевВЛЕНДцДЂЙ§ГЬ 'GSP_GR_LeaveGameServer'ЁЃ [ 0x80040e14 ]
ЁО 2017-11-01 23:14:39 ЁПcatch:[GSP_GR_LeaveGameServer]вьГЃЃКевВЛЕНДцДЂЙ§ГЬ 'GSP_GR_LeaveGameServer'ЁЃ [ 0x80040e14 ]
ЁО 2017-11-01 23:14:39 ЁПcatch:[GSP_GR_LeaveGameServer]вьГЃЃКевВЛЕНДцДЂЙ§ГЬ 'GSP_GR_LeaveGameServer'ЁЃ [ 0x80040e14 ]
ЁО 2017-11-01 23:14:40 ЁПcatch:[GSP_GR_RecordDrawInfo]вьГЃЃКЮЊЙ§ГЬЛђКЏЪ§ GSP_GR_RecordDrawInfo жИЖЈСЫЙ§ЖрЕФВЮЪ§ЁЃ [ 0x80040e14 ]
ЁО 2017-11-01 23:14:40 ЁПcatch:[GSP_GR_LeaveGameServer]вьГЃЃКевВЛЕНДцДЂЙ§ГЬ 'GSP_GR_LeaveGameServer'ЁЃ [ 0x80040e14 ]
ЁО 2017-11-01 23:14:40 ЁПcatch:[GSP_GR_LeaveGameServer]вьГЃЃКевВЛЕНДцДЂЙ§ГЬ 'GSP_GR_LeaveGameServer'ЁЃ [ 0x80040e14 ]
ЁО 2017-11-01 23:14:44 ЁПcatch:[GSP_GR_LeaveGameServer]вьГЃЃКевВЛЕНДцДЂЙ§ГЬ 'GSP_GR_LeaveGameServer'ЁЃ [ 0x80040e14 ]
ЁО 2017-11-01 23:14:44 ЁПcatch:[GSP_GR_LeaveGameServer]вьГЃЃКевВЛЕНДцДЂЙ§ГЬ 'GSP_GR_LeaveGameServer'ЁЃ [ 0x80040e14 ]
ЁО 2017-11-01 23:14:49 ЁПcatch:[GSP_GR_LeaveGameServer]вьГЃЃКевВЛЕНДцДЂЙ§ГЬ 'GSP_GR_LeaveGameServer'ЁЃ [ 0x80040e14 ]
ЁО 2017-11-01 23:14:49 ЁПcatch:[GSP_GR_LeaveGameServer]вьГЃЃКевВЛЕНДцДЂЙ§ГЬ 'GSP_GR_LeaveGameServer'ЁЃ [ 0x80040e14 ]
ЁО 2017-11-01 23:14:53 ЁПcatch:[GSP_GR_RecordDrawInfo]вьГЃЃКЮЊЙ§ГЬЛђКЏЪ§ GSP_GR_RecordDrawInfo жИЖЈСЫЙ§ЖрЕФВЮЪ§ЁЃ [ 0x80040e14 ]
ЁО 2017-11-01 23:14:54 ЁПcatch:[GSP_GR_LeaveGameServer]вьГЃЃКевВЛЕНДцДЂЙ§ГЬ 'GSP_GR_LeaveGameServer'ЁЃ [ 0x80040e14 ]
ЁО 2017-11-01 23:14:54 ЁПcatch:[GSP_GR_LeaveGameServer]вьГЃЃКевВЛЕНДцДЂЙ§ГЬ 'GSP_GR_LeaveGameServer'ЁЃ [ 0x80040e14 ]
ЁО 2017-11-01 23:15:07 ЁПcatch:[GSP_GR_RecordDrawInfo]вьГЃЃКЮЊЙ§ГЬЛђКЏЪ§ GSP_GR_RecordDrawInfo жИЖЈСЫЙ§ЖрЕФВЮЪ§ЁЃ [ 0x80040e14 ]
ЁО 2017-11-01 23:15:11 ЁПcatch:[GSP_GR_RecordDrawInfo]вьГЃЃКЮЊЙ§ГЬЛђКЏЪ§ GSP_GR_RecordDrawInfo жИЖЈСЫЙ§ЖрЕФВЮЪ§ЁЃ [ 0x80040e14 ]
ЁО 2017-11-01 23:15:22 ЁПcatch:[GSP_GR_LeaveGameServer]вьГЃЃКевВЛЕНДцДЂЙ§ГЬ 'GSP_GR_LeaveGameServer'ЁЃ [ 0x80040e14 ]
ЁО 2017-11-01 23:15:30 ЁПcatch:[GSP_GR_RecordDrawInfo]вьГЃЃКЮЊЙ§ГЬЛђКЏЪ§ GSP_GR_RecordDrawInfo жИЖЈСЫЙ§ЖрЕФВЮЪ§ЁЃ [ 0x80040e14 ]
ЁО 2017-11-01 23:15:36 ЁПcatch:[GSP_GR_LeaveGameServer]вьГЃЃКевВЛЕНДцДЂЙ§ГЬ 'GSP_GR_LeaveGameServer'ЁЃ [ 0x80040e14 ]
ЁО 2017-11-01 23:15:39 ЁПcatch:[GSP_GR_RecordDrawInfo]вьГЃЃКЮЊЙ§ГЬЛђКЏЪ§ GSP_GR_RecordDrawInfo жИЖЈСЫЙ§ЖрЕФВЮЪ§ЁЃ [ 0x80040e14 ]
ЁО 2017-11-01 23:15:57 ЁПcatch:[GSP_GR_RecordDrawInfo]вьГЃЃКЮЊЙ§ГЬЛђКЏЪ§ GSP_GR_RecordDrawInfo жИЖЈСЫЙ§ЖрЕФВЮЪ§ЁЃ [ 0x80040e14 ]
ЁО 2017-11-01 23:16:01 ЁПcatch:[GSP_GR_LeaveGameServer]вьГЃЃКевВЛЕНДцДЂЙ§ГЬ 'GSP_GR_LeaveGameServer'ЁЃ [ 0x80040e14 ]
ЁО 2017-11-01 23:16:02 ЁПcatch:[GSP_GR_RecordDrawInfo]вьГЃЃКЮЊЙ§ГЬЛђКЏЪ§ GSP_GR_RecordDrawInfo жИЖЈСЫЙ§ЖрЕФВЮЪ§ЁЃ [ 0x80040e14 ]
ЁО 2017-11-01 23:16:16 ЁПcatch:[GSP_GR_LeaveGameServer]вьГЃЃКевВЛЕНДцДЂЙ§ГЬ 'GSP_GR_LeaveGameServer'ЁЃ [ 0x80040e14 ]
ЁО 2017-11-01 23:16:21 ЁПcatch:[GSP_GR_RecordDrawInfo]вьГЃЃКЮЊЙ§ГЬЛђКЏЪ§ GSP_GR_RecordDrawInfo жИЖЈСЫЙ§ЖрЕФВЮЪ§ЁЃ [ 0x80040e14 ]
ЁО 2017-11-01 23:16:23 ЁПcatch:[GSP_GP_OnLineCountInfo]вьГЃЃКевВЛЕНДцДЂЙ§ГЬ 'GSP_GP_OnLineCountInfo'ЁЃ [ 0x80040e14 ]
ЁО 2017-11-01 23:16:24 ЁПcatch:[GSP_GR_RecordDrawInfo]вьГЃЃКЮЊЙ§ГЬЛђКЏЪ§ GSP_GR_RecordDrawInfo жИЖЈСЫЙ§ЖрЕФВЮЪ§ЁЃ [ 0x80040e14 ]
ЁО 2017-11-01 23:16:30 ЁПcatch:[GSP_GR_LeaveGameServer]вьГЃЃКевВЛЕНДцДЂЙ§ГЬ 'GSP_GR_LeaveGameServer'ЁЃ [ 0x80040e14 ]
ЁО 2017-11-01 23:16:37 ЁПcatch:[GSP_GR_LeaveGameServer]вьГЃЃКевВЛЕНДцДЂЙ§ГЬ 'GSP_GR_LeaveGameServer'ЁЃ [ 0x80040e14 ]
ЁО 2017-11-01 23:16:48 ЁПcatch:[GSP_GR_RecordDrawInfo]вьГЃЃКЮЊЙ§ГЬЛђКЏЪ§ GSP_GR_RecordDrawInfo жИЖЈСЫЙ§ЖрЕФВЮЪ§ЁЃ [ 0x80040e14 ]
ЁО 2017-11-01 23:16:48 ЁПcatch:[GSP_GR_LeaveGameServer]вьГЃЃКевВЛЕНДцДЂЙ§ГЬ 'GSP_GR_LeaveGameServer'ЁЃ [ 0x80040e14 ]
ЁО 2017-11-01 23:16:52 ЁПcatch:[GSP_GR_RecordDrawInfo]вьГЃЃКЮЊЙ§ГЬЛђКЏЪ§ GSP_GR_RecordDrawInfo жИЖЈСЫЙ§ЖрЕФВЮЪ§ЁЃ [ 0x80040e14 ]
ЁО 2017-11-01 23:16:57 ЁПcatch:[GSP_GR_LeaveGameServer]вьГЃЃКевВЛЕНДцДЂЙ§ГЬ 'GSP_GR_LeaveGameServer'ЁЃ [ 0x80040e14 ]
ЁО 2017-11-01 23:17:10 ЁПcatch:[GSP_GR_RecordDrawInfo]вьГЃЃКЮЊЙ§ГЬЛђКЏЪ§ GSP_GR_RecordDrawInfo жИЖЈСЫЙ§ЖрЕФВЮЪ§ЁЃ [ 0x80040e14 ]
ЁО 2017-11-01 23:17:11 ЁПcatch:[GSP_GR_RecordDrawInfo]вьГЃЃКЮЊЙ§ГЬЛђКЏЪ§ GSP_GR_RecordDrawInfo жИЖЈСЫЙ§ЖрЕФВЮЪ§ЁЃ [ 0x80040e14 ]
ЁО 2017-11-01 23:17:26 ЁПcatch:[GSP_GR_LoadAndroidUser]вьГЃЃКЙ§ГЬЛђКЏЪ§ 'GSP_GR_LoadAndroidUser' ашвЊВЮЪ§ '@dwAndroidCount'ЃЌЕЋЮДЬсЙЉИУВЮЪ§ЁЃ [ 0x80040e10 ]
ЁО 2017-11-01 23:17:39 ЁПcatch:[GSP_GR_RecordDrawInfo]вьГЃЃКЮЊЙ§ГЬЛђКЏЪ§ GSP_GR_RecordDrawInfo жИЖЈСЫЙ§ЖрЕФВЮЪ§ЁЃ [ 0x80040e14 ]
ЁО 2017-11-01 23:17:43 ЁПcatch:[GSP_GR_RecordDrawInfo]вьГЃЃКЮЊЙ§ГЬЛђКЏЪ§ GSP_GR_RecordDrawInfo жИЖЈСЫЙ§ЖрЕФВЮЪ§ЁЃ [ 0x80040e14 ]
ЁО 2017-11-01 23:17:56 ЁПcatch:[GSP_GR_RecordDrawInfo]вьГЃЃКЮЊЙ§ГЬЛђКЏЪ§ GSP_GR_RecordDrawInfo жИЖЈСЫЙ§ЖрЕФВЮЪ§ЁЃ [ 0x80040e14 ]
ЁО 2017-11-01 23:18:29 ЁПcatch:[GSP_GR_RecordDrawInfo]вьГЃЃКЮЊЙ§ГЬЛђКЏЪ§ GSP_GR_RecordDrawInfo жИЖЈСЫЙ§ЖрЕФВЮЪ§ЁЃ [ 0x80040e14 ]
ЁО 2017-11-01 23:18:34 ЁПcatch:[GSP_GR_RecordDrawInfo]вьГЃЃКЮЊЙ§ГЬЛђКЏЪ§ GSP_GR_RecordDrawInfo жИЖЈСЫЙ§ЖрЕФВЮЪ§ЁЃ [ 0x80040e14 ]
ЁО 2017-11-01 23:18:41 ЁПcatch:[GSP_GR_RecordDrawInfo]вьГЃЃКЮЊЙ§ГЬЛђКЏЪ§ GSP_GR_RecordDrawInfo жИЖЈСЫЙ§ЖрЕФВЮЪ§ЁЃ [ 0x80040e14 ]
ЁО 2017-11-01 23:19:20 ЁПcatch:[GSP_GR_RecordDrawInfo]вьГЃЃКЮЊЙ§ГЬЛђКЏЪ§ GSP_GR_RecordDrawInfo жИЖЈСЫЙ§ЖрЕФВЮЪ§ЁЃ [ 0x80040e14 ]
ЁО 2017-11-01 23:19:23 ЁПcatch:[GSP_GR_LoadAndroidUser]вьГЃЃКЙ§ГЬЛђКЏЪ§ 'GSP_GR_LoadAndroidUser' ашвЊВЮЪ§ '@dwAndroidCount'ЃЌЕЋЮДЬсЙЉИУВЮЪ§ЁЃ [ 0x80040e10 ]
ЁО 2017-11-01 23:19:24 ЁПcatch:[GSP_GR_RecordDrawInfo]вьГЃЃКЮЊЙ§ГЬЛђКЏЪ§ GSP_GR_RecordDrawInfo жИЖЈСЫЙ§ЖрЕФВЮЪ§ЁЃ [ 0x80040e14 ]
ЁО 2017-11-01 23:19:26 ЁПcatch:[GSP_GR_RecordDrawInfo]вьГЃЃКЮЊЙ§ГЬЛђКЏЪ§ GSP_GR_RecordDrawInfo жИЖЈСЫЙ§ЖрЕФВЮЪ§ЁЃ [ 0x80040e14 ]
ЁО 2017-11-01 23:19:50 ЁПcatch:[GSP_GR_LeaveGameServer]вьГЃЃКевВЛЕНДцДЂЙ§ГЬ 'GSP_GR_LeaveGameServer'ЁЃ [ 0x80040e14 ]
ЁО 2017-11-02 00:47:35 ЁПcatch:[GSP_GR_EfficacyUserID]вьГЃЃКевВЛЕНДцДЂЙ§ГЬ 'GSP_GR_EfficacyUserID'ЁЃ [ 0x80040e14 ]
ЁО 2017-11-02 00:47:35 ЁПcatch:[GSP_GR_EfficacyUserID]вьГЃЃКевВЛЕНДцДЂЙ§ГЬ 'GSP_GR_EfficacyUserID'ЁЃ [ 0x80040e14 ]
ЁО 2017-11-02 00:47:35 ЁПcatch:[GSP_GR_EfficacyUserID]вьГЃЃКевВЛЕНДцДЂЙ§ГЬ 'GSP_GR_EfficacyUserID'ЁЃ [ 0x80040e14 ]
ЁО 2017-11-02 00:47:35 ЁПcatch:[GSP_GR_EfficacyUserID]вьГЃЃКевВЛЕНДцДЂЙ§ГЬ 'GSP_GR_EfficacyUserID'ЁЃ [ 0x80040e14 ]
ЁО 2017-11-02 00:47:35 ЁПcatch:[GSP_GR_EfficacyUserID]вьГЃЃКевВЛЕНДцДЂЙ§ГЬ 'GSP_GR_EfficacyUserID'ЁЃ [ 0x80040e14 ]
ЁО 2017-11-02 00:47:36 ЁПcatch:[GSP_GR_EfficacyUserID]вьГЃЃКевВЛЕНДцДЂЙ§ГЬ 'GSP_GR_EfficacyUserID'ЁЃ [ 0x80040e14 ]
ЁО 2017-11-02 00:47:36 ЁПcatch:[GSP_GR_EfficacyUserID]вьГЃЃКевВЛЕНДцДЂЙ§ГЬ 'GSP_GR_EfficacyUserID'ЁЃ [ 0x80040e14 ]
ЁО 2017-11-02 00:47:36 ЁПcatch:[GSP_GR_EfficacyUserID]вьГЃЃКевВЛЕНДцДЂЙ§ГЬ 'GSP_GR_EfficacyUserID'ЁЃ [ 0x80040e14 ]
ЁО 2017-11-02 00:47:36 ЁПcatch:[GSP_GR_EfficacyUserID]вьГЃЃКевВЛЕНДцДЂЙ§ГЬ 'GSP_GR_EfficacyUserID'ЁЃ [ 0x80040e14 ]
ЁО 2017-11-02 00:47:36 ЁПcatch:[GSP_GR_EfficacyUserID]вьГЃЃКевВЛЕНДцДЂЙ§ГЬ 'GSP_GR_EfficacyUserID'ЁЃ [ 0x80040e14 ]
ЁО 2017-11-02 00:47:37 ЁПcatch:[GSP_GR_EfficacyUserID]вьГЃЃКевВЛЕНДцДЂЙ§ГЬ 'GSP_GR_EfficacyUserID'ЁЃ [ 0x80040e14 ]
ЁО 2017-11-02 00:47:37 ЁПcatch:[GSP_GR_EfficacyUserID]вьГЃЃКевВЛЕНДцДЂЙ§ГЬ 'GSP_GR_EfficacyUserID'ЁЃ [ 0x80040e14 ]
ЁО 2017-11-02 00:47:37 ЁПcatch:[GSP_GR_EfficacyUserID]вьГЃЃКевВЛЕНДцДЂЙ§ГЬ 'GSP_GR_EfficacyUserID'ЁЃ [ 0x80040e14 ]
ЁО 2017-11-02 00:47:39 ЁПcatch:[GSP_GR_EfficacyUserID]вьГЃЃКевВЛЕНДцДЂЙ§ГЬ 'GSP_GR_EfficacyUserID'ЁЃ [ 0x80040e14 ]
ЁО 2017-11-02 00:47:40 ЁПcatch:[GSP_GR_EfficacyUserID]вьГЃЃКевВЛЕНДцДЂЙ§ГЬ 'GSP_GR_EfficacyUserID'ЁЃ [ 0x80040e14 ]
ЁО 2017-11-02 00:47:40 ЁПcatch:[GSP_GR_EfficacyUserID]вьГЃЃКевВЛЕНДцДЂЙ§ГЬ 'GSP_GR_EfficacyUserID'ЁЃ [ 0x80040e14 ]
ЁО 2017-11-02 00:47:40 ЁПcatch:[GSP_GR_EfficacyUserID]вьГЃЃКевВЛЕНДцДЂЙ§ГЬ 'GSP_GR_EfficacyUserID'ЁЃ [ 0x80040e14 ]
ЁО 2017-11-02 00:47:40 ЁПcatch:[GSP_GR_EfficacyUserID]вьГЃЃКевВЛЕНДцДЂЙ§ГЬ 'GSP_GR_EfficacyUserID'ЁЃ [ 0x80040e14 ]
ЁО 2017-11-02 00:47:40 ЁПcatch:[GSP_GR_EfficacyUserID]вьГЃЃКевВЛЕНДцДЂЙ§ГЬ 'GSP_GR_EfficacyUserID'ЁЃ [ 0x80040e14 ]
ЁО 2017-11-02 00:47:41 ЁПcatch:[GSP_GR_EfficacyUserID]вьГЃЃКевВЛЕНДцДЂЙ§ГЬ 'GSP_GR_EfficacyUserID'ЁЃ [ 0x80040e14 ]
ЁО 2017-11-02 00:47:41 ЁПcatch:[GSP_GR_EfficacyUserID]вьГЃЃКевВЛЕНДцДЂЙ§ГЬ 'GSP_GR_EfficacyUserID'ЁЃ [ 0x80040e14 ]
ЁО 2017-11-02 00:47:41 ЁПcatch:[GSP_GR_EfficacyUserID]вьГЃЃКевВЛЕНДцДЂЙ§ГЬ 'GSP_GR_EfficacyUserID'ЁЃ [ 0x80040e14 ]
ЁО 2017-11-02 00:47:41 ЁПcatch:[GSP_GR_EfficacyUserID]вьГЃЃКевВЛЕНДцДЂЙ§ГЬ 'GSP_GR_EfficacyUserID'ЁЃ [ 0x80040e14 ]
ЁО 2017-11-02 00:47:41 ЁПcatch:[GSP_GR_EfficacyUserID]вьГЃЃКевВЛЕНДцДЂЙ§ГЬ 'GSP_GR_EfficacyUserID'ЁЃ [ 0x80040e14 ]
ЁО 2017-11-02 00:47:42 ЁПcatch:[GSP_GR_EfficacyUserID]вьГЃЃКевВЛЕНДцДЂЙ§ГЬ 'GSP_GR_EfficacyUserID'ЁЃ [ 0x80040e14 ]
ЁО 2017-11-02 00:47:42 ЁПcatch:[GSP_GR_EfficacyUserID]вьГЃЃКевВЛЕНДцДЂЙ§ГЬ 'GSP_GR_EfficacyUserID'ЁЃ [ 0x80040e14 ]
ЁО 2017-11-02 00:47:42 ЁПcatch:[GSP_GR_EfficacyUserID]вьГЃЃКевВЛЕНДцДЂЙ§ГЬ 'GSP_GR_EfficacyUserID'ЁЃ [ 0x80040e14 ]
ЁО 2017-11-02 00:47:44 ЁПcatch:[GSP_GR_EfficacyUserID]вьГЃЃКевВЛЕНДцДЂЙ§ГЬ 'GSP_GR_EfficacyUserID'ЁЃ [ 0x80040e14 ]
ЁО 2017-11-02 00:47:45 ЁПcatch:[GSP_GR_EfficacyUserID]вьГЃЃКевВЛЕНДцДЂЙ§ГЬ 'GSP_GR_EfficacyUserID'ЁЃ [ 0x80040e14 ]
ЁО 2017-11-02 00:47:45 ЁПcatch:[GSP_GR_EfficacyUserID]вьГЃЃКевВЛЕНДцДЂЙ§ГЬ 'GSP_GR_EfficacyUserID'ЁЃ [ 0x80040e14 ]
ЁО 2017-11-02 00:47:45 ЁПcatch:[GSP_GR_EfficacyUserID]вьГЃЃКевВЛЕНДцДЂЙ§ГЬ 'GSP_GR_EfficacyUserID'ЁЃ [ 0x80040e14 ]
ЁО 2017-11-02 00:47:45 ЁПcatch:[GSP_GR_EfficacyUserID]вьГЃЃКевВЛЕНДцДЂЙ§ГЬ 'GSP_GR_EfficacyUserID'ЁЃ [ 0x80040e14 ]
ЁО 2017-11-02 00:47:45 ЁПcatch:[GSP_GR_EfficacyUserID]вьГЃЃКевВЛЕНДцДЂЙ§ГЬ 'GSP_GR_EfficacyUserID'ЁЃ [ 0x80040e14 ]
ЁО 2017-11-02 00:47:46 ЁПcatch:[GSP_GR_EfficacyUserID]вьГЃЃКевВЛЕНДцДЂЙ§ГЬ 'GSP_GR_EfficacyUserID'ЁЃ [ 0x80040e14 ]
ЁО 2017-11-02 00:47:46 ЁПcatch:[GSP_GR_EfficacyUserID]вьГЃЃКевВЛЕНДцДЂЙ§ГЬ 'GSP_GR_EfficacyUserID'ЁЃ [ 0x80040e14 ]
ЁО 2017-11-02 00:47:46 ЁПcatch:[GSP_GR_EfficacyUserID]вьГЃЃКевВЛЕНДцДЂЙ§ГЬ 'GSP_GR_EfficacyUserID'ЁЃ [ 0x80040e14 ]
ЁО 2017-11-02 00:47:46 ЁПcatch:[GSP_GR_EfficacyUserID]вьГЃЃКевВЛЕНДцДЂЙ§ГЬ 'GSP_GR_EfficacyUserID'ЁЃ [ 0x80040e14 ]
ЁО 2017-11-02 00:47:46 ЁПcatch:[GSP_GR_EfficacyUserID]вьГЃЃКевВЛЕНДцДЂЙ§ГЬ 'GSP_GR_EfficacyUserID'ЁЃ [ 0x80040e14 ]
ЁО 2017-11-02 00:47:47 ЁПcatch:[GSP_GR_EfficacyUserID]вьГЃЃКевВЛЕНДцДЂЙ§ГЬ 'GSP_GR_EfficacyUserID'ЁЃ [ 0x80040e14 ]
ЁО 2017-11-02 00:47:47 ЁПcatch:[GSP_GR_EfficacyUserID]вьГЃЃКевВЛЕНДцДЂЙ§ГЬ 'GSP_GR_EfficacyUserID'ЁЃ [ 0x80040e14 ]
ЁО 2017-11-02 00:47:47 ЁПcatch:[GSP_GR_EfficacyUserID]вьГЃЃКевВЛЕНДцДЂЙ§ГЬ 'GSP_GR_EfficacyUserID'ЁЃ [ 0x80040e14 ]
ЁО 2017-11-02 00:47:50 ЁПcatch:[GSP_GR_EfficacyUserID]вьГЃЃКевВЛЕНДцДЂЙ§ГЬ 'GSP_GR_EfficacyUserID'ЁЃ [ 0x80040e14 ]
ЁО 2017-11-02 00:47:50 ЁПcatch:[GSP_GR_EfficacyUserID]вьГЃЃКевВЛЕНДцДЂЙ§ГЬ 'GSP_GR_EfficacyUserID'ЁЃ [ 0x80040e14 ]
ЁО 2017-11-02 00:47:50 ЁПcatch:[GSP_GR_EfficacyUserID]вьГЃЃКевВЛЕНДцДЂЙ§ГЬ 'GSP_GR_EfficacyUserID'ЁЃ [ 0x80040e14 ]
ЁО 2017-11-02 00:47:50 ЁПcatch:[GSP_GR_EfficacyUserID]вьГЃЃКевВЛЕНДцДЂЙ§ГЬ 'GSP_GR_EfficacyUserID'ЁЃ [ 0x80040e14 ]
ЁО 2017-11-02 00:47:51 ЁПcatch:[GSP_GR_EfficacyUserID]вьГЃЃКевВЛЕНДцДЂЙ§ГЬ 'GSP_GR_EfficacyUserID'ЁЃ [ 0x80040e14 ]
ЁО 2017-11-02 00:47:51 ЁПcatch:[GSP_GR_EfficacyUserID]вьГЃЃКевВЛЕНДцДЂЙ§ГЬ 'GSP_GR_EfficacyUserID'ЁЃ [ 0x80040e14 ]
ЁО 2017-11-02 00:47:51 ЁПcatch:[GSP_GR_EfficacyUserID]вьГЃЃКевВЛЕНДцДЂЙ§ГЬ 'GSP_GR_EfficacyUserID'ЁЃ [ 0x80040e14 ]
ЁО 2017-11-02 00:47:51 ЁПcatch:[GSP_GR_EfficacyUserID]вьГЃЃКевВЛЕНДцДЂЙ§ГЬ 'GSP_GR_EfficacyUserID'ЁЃ [ 0x80040e14 ]
ЁО 2017-11-02 00:47:52 ЁПcatch:[GSP_GR_EfficacyUserID]вьГЃЃКевВЛЕНДцДЂЙ§ГЬ 'GSP_GR_EfficacyUserID'ЁЃ [ 0x80040e14 ]
ЁО 2017-11-02 00:47:52 ЁПcatch:[GSP_GR_EfficacyUserID]вьГЃЃКевВЛЕНДцДЂЙ§ГЬ 'GSP_GR_EfficacyUserID'ЁЃ [ 0x80040e14 ]
ЁО 2017-11-02 00:47:52 ЁПcatch:[GSP_GR_EfficacyUserID]вьГЃЃКевВЛЕНДцДЂЙ§ГЬ 'GSP_GR_EfficacyUserID'ЁЃ [ 0x80040e14 ]
ЁО 2017-11-02 00:47:55 ЁПcatch:[GSP_GR_EfficacyUserID]вьГЃЃКевВЛЕНДцДЂЙ§ГЬ 'GSP_GR_EfficacyUserID'ЁЃ [ 0x80040e14 ]
ЁО 2017-11-02 00:47:55 ЁПcatch:[GSP_GR_EfficacyUserID]вьГЃЃКевВЛЕНДцДЂЙ§ГЬ 'GSP_GR_EfficacyUserID'ЁЃ [ 0x80040e14 ]
ЁО 2017-11-02 00:47:55 ЁПcatch:[GSP_GR_EfficacyUserID]вьГЃЃКевВЛЕНДцДЂЙ§ГЬ 'GSP_GR_EfficacyUserID'ЁЃ [ 0x80040e14 ]
ЁО 2017-11-02 00:47:56 ЁПcatch:[GSP_GR_EfficacyUserID]вьГЃЃКевВЛЕНДцДЂЙ§ГЬ 'GSP_GR_EfficacyUserID'ЁЃ [ 0x80040e14 ]
ЁО 2017-11-02 00:47:56 ЁПcatch:[GSP_GR_EfficacyUserID]вьГЃЃКевВЛЕНДцДЂЙ§ГЬ 'GSP_GR_EfficacyUserID'ЁЃ [ 0x80040e14 ]
ЁО 2017-11-02 00:47:56 ЁПcatch:[GSP_GR_EfficacyUserID]вьГЃЃКевВЛЕНДцДЂЙ§ГЬ 'GSP_GR_EfficacyUserID'ЁЃ [ 0x80040e14 ]
ЁО 2017-11-02 00:47:56 ЁПcatch:[GSP_GR_EfficacyUserID]вьГЃЃКевВЛЕНДцДЂЙ§ГЬ 'GSP_GR_EfficacyUserID'ЁЃ [ 0x80040e14 ]
ЁО 2017-11-02 00:47:57 ЁПcatch:[GSP_GR_EfficacyUserID]вьГЃЃКевВЛЕНДцДЂЙ§ГЬ 'GSP_GR_EfficacyUserID'ЁЃ [ 0x80040e14 ]
ЁО 2017-11-02 00:47:57 ЁПcatch:[GSP_GR_EfficacyUserID]вьГЃЃКевВЛЕНДцДЂЙ§ГЬ 'GSP_GR_EfficacyUserID'ЁЃ [ 0x80040e14 ]
ЁО 2017-11-02 00:48:00 ЁПcatch:[GSP_GR_EfficacyUserID]вьГЃЃКевВЛЕНДцДЂЙ§ГЬ 'GSP_GR_EfficacyUserID'ЁЃ [ 0x80040e14 ]
ЁО 2017-11-02 00:48:00 ЁПcatch:[GSP_GR_EfficacyUserID]вьГЃЃКевВЛЕНДцДЂЙ§ГЬ 'GSP_GR_EfficacyUserID'ЁЃ [ 0x80040e14 ]
ЁО 2017-11-02 00:48:00 ЁПcatch:[GSP_GR_EfficacyUserID]вьГЃЃКевВЛЕНДцДЂЙ§ГЬ 'GSP_GR_EfficacyUserID'ЁЃ [ 0x80040e14 ]
ЁО 2017-11-02 00:48:01 ЁПcatch:[GSP_GR_EfficacyUserID]вьГЃЃКевВЛЕНДцДЂЙ§ГЬ 'GSP_GR_EfficacyUserID'ЁЃ [ 0x80040e14 ]
ЁО 2017-11-02 00:48:01 ЁПcatch:[GSP_GR_EfficacyUserID]вьГЃЃКевВЛЕНДцДЂЙ§ГЬ 'GSP_GR_EfficacyUserID'ЁЃ [ 0x80040e14 ]
ЁО 2017-11-02 00:48:01 ЁПcatch:[GSP_GR_EfficacyUserID]вьГЃЃКевВЛЕНДцДЂЙ§ГЬ 'GSP_GR_EfficacyUserID'ЁЃ [ 0x80040e14 ]
ЁО 2017-11-02 00:48:02 ЁПcatch:[GSP_GR_EfficacyUserID]вьГЃЃКевВЛЕНДцДЂЙ§ГЬ 'GSP_GR_EfficacyUserID'ЁЃ [ 0x80040e14 ]
ЁО 2017-11-02 00:48:02 ЁПcatch:[GSP_GR_EfficacyUserID]вьГЃЃКевВЛЕНДцДЂЙ§ГЬ 'GSP_GR_EfficacyUserID'ЁЃ [ 0x80040e14 ]
ЁО 2017-11-02 00:48:05 ЁПcatch:[GSP_GR_EfficacyUserID]вьГЃЃКевВЛЕНДцДЂЙ§ГЬ 'GSP_GR_EfficacyUserID'ЁЃ [ 0x80040e14 ]
ЁО 2017-11-02 00:48:05 ЁПcatch:[GSP_GR_EfficacyUserID]вьГЃЃКевВЛЕНДцДЂЙ§ГЬ 'GSP_GR_EfficacyUserID'ЁЃ [ 0x80040e14 ]
ЁО 2017-11-02 00:48:05 ЁПcatch:[GSP_GR_EfficacyUserID]вьГЃЃКевВЛЕНДцДЂЙ§ГЬ 'GSP_GR_EfficacyUserID'ЁЃ [ 0x80040e14 ]
ЁО 2017-11-02 00:48:06 ЁПcatch:[GSP_GR_EfficacyUserID]вьГЃЃКевВЛЕНДцДЂЙ§ГЬ 'GSP_GR_EfficacyUserID'ЁЃ [ 0x80040e14 ]
ЁО 2017-11-02 00:48:06 ЁПcatch:[GSP_GR_EfficacyUserID]вьГЃЃКевВЛЕНДцДЂЙ§ГЬ 'GSP_GR_EfficacyUserID'ЁЃ [ 0x80040e14 ]
ЁО 2017-11-02 00:48:06 ЁПcatch:[GSP_GR_EfficacyUserID]вьГЃЃКевВЛЕНДцДЂЙ§ГЬ 'GSP_GR_EfficacyUserID'ЁЃ [ 0x80040e14 ]
ЁО 2017-11-02 00:48:07 ЁПcatch:[GSP_GR_EfficacyUserID]вьГЃЃКевВЛЕНДцДЂЙ§ГЬ 'GSP_GR_EfficacyUserID'ЁЃ [ 0x80040e14 ]
ЁО 2017-11-02 00:48:07 ЁПcatch:[GSP_GR_EfficacyUserID]вьГЃЃКевВЛЕНДцДЂЙ§ГЬ 'GSP_GR_EfficacyUserID'ЁЃ [ 0x80040e14 ]
ЁО 2017-11-02 00:48:10 ЁПcatch:[GSP_GR_EfficacyUserID]вьГЃЃКевВЛЕНДцДЂЙ§ГЬ 'GSP_GR_EfficacyUserID'ЁЃ [ 0x80040e14 ]
ЁО 2017-11-02 00:48:10 ЁПcatch:[GSP_GR_EfficacyUserID]вьГЃЃКевВЛЕНДцДЂЙ§ГЬ 'GSP_GR_EfficacyUserID'ЁЃ [ 0x80040e14 ]
ЁО 2017-11-02 00:48:10 ЁПcatch:[GSP_GR_EfficacyUserID]вьГЃЃКевВЛЕНДцДЂЙ§ГЬ 'GSP_GR_EfficacyUserID'ЁЃ [ 0x80040e14 ]
ЁО 2017-11-02 00:48:11 ЁПcatch:[GSP_GR_EfficacyUserID]вьГЃЃКевВЛЕНДцДЂЙ§ГЬ 'GSP_GR_EfficacyUserID'ЁЃ [ 0x80040e14 ]
ЁО 2017-11-02 00:48:11 ЁПcatch:[GSP_GR_EfficacyUserID]вьГЃЃКевВЛЕНДцДЂЙ§ГЬ 'GSP_GR_EfficacyUserID'ЁЃ [ 0x80040e14 ]
ЁО 2017-11-02 00:48:11 ЁПcatch:[GSP_GR_EfficacyUserID]вьГЃЃКевВЛЕНДцДЂЙ§ГЬ 'GSP_GR_EfficacyUserID'ЁЃ [ 0x80040e14 ]
ЁО 2017-11-02 00:48:12 ЁПcatch:[GSP_GR_EfficacyUserID]вьГЃЃКевВЛЕНДцДЂЙ§ГЬ 'GSP_GR_EfficacyUserID'ЁЃ [ 0x80040e14 ]
ЁО 2017-11-02 00:48:12 ЁПcatch:[GSP_GR_EfficacyUserID]вьГЃЃКевВЛЕНДцДЂЙ§ГЬ 'GSP_GR_EfficacyUserID'ЁЃ [ 0x80040e14 ]
ЁО 2017-11-02 00:48:15 ЁПcatch:[GSP_GR_EfficacyUserID]вьГЃЃКевВЛЕНДцДЂЙ§ГЬ 'GSP_GR_EfficacyUserID'ЁЃ [ 0x80040e14 ]
ЁО 2017-11-02 00:48:15 ЁПcatch:[GSP_GR_EfficacyUserID]вьГЃЃКевВЛЕНДцДЂЙ§ГЬ 'GSP_GR_EfficacyUserID'ЁЃ [ 0x80040e14 ]
ЁО 2017-11-02 00:48:16 ЁПcatch:[GSP_GR_EfficacyUserID]вьГЃЃКевВЛЕНДцДЂЙ§ГЬ 'GSP_GR_EfficacyUserID'ЁЃ [ 0x80040e14 ]
ЁО 2017-11-02 00:48:16 ЁПcatch:[GSP_GR_EfficacyUserID]вьГЃЃКевВЛЕНДцДЂЙ§ГЬ 'GSP_GR_EfficacyUserID'ЁЃ [ 0x80040e14 ]
ЁО 2017-11-02 00:48:17 ЁПcatch:[GSP_GR_EfficacyUserID]вьГЃЃКевВЛЕНДцДЂЙ§ГЬ 'GSP_GR_EfficacyUserID'ЁЃ [ 0x80040e14 ]
ЁО 2017-11-02 00:48:17 ЁПcatch:[GSP_GR_EfficacyUserID]вьГЃЃКевВЛЕНДцДЂЙ§ГЬ 'GSP_GR_EfficacyUserID'ЁЃ [ 0x80040e14 ]
ЁО 2017-11-02 00:48:21 ЁПcatch:[GSP_GR_EfficacyUserID]вьГЃЃКевВЛЕНДцДЂЙ§ГЬ 'GSP_GR_EfficacyUserID'ЁЃ [ 0x80040e14 ]
ЁО 2017-11-02 00:48:21 ЁПcatch:[GSP_GR_EfficacyUserID]вьГЃЃКевВЛЕНДцДЂЙ§ГЬ 'GSP_GR_EfficacyUserID'ЁЃ [ 0x80040e14 ]
ЁО 2017-11-02 00:48:21 ЁПcatch:[GSP_GR_EfficacyUserID]вьГЃЃКевВЛЕНДцДЂЙ§ГЬ 'GSP_GR_EfficacyUserID'ЁЃ [ 0x80040e14 ]
ЁО 2017-11-02 00:48:22 ЁПcatch:[GSP_GR_EfficacyUserID]вьГЃЃКевВЛЕНДцДЂЙ§ГЬ 'GSP_GR_EfficacyUserID'ЁЃ [ 0x80040e14 ]
ЁО 2017-11-02 00:48:22 ЁПcatch:[GSP_GR_EfficacyUserID]вьГЃЃКевВЛЕНДцДЂЙ§ГЬ 'GSP_GR_EfficacyUserID'ЁЃ [ 0x80040e14 ]
ЁО 2017-11-02 00:48:26 ЁПcatch:[GSP_GR_EfficacyUserID]вьГЃЃКевВЛЕНДцДЂЙ§ГЬ 'GSP_GR_EfficacyUserID'ЁЃ [ 0x80040e14 ]
ЁО 2017-11-02 00:48:31 ЁПcatch:[GSP_GR_EfficacyUserID]вьГЃЃКевВЛЕНДцДЂЙ§ГЬ 'GSP_GR_EfficacyUserID'ЁЃ [ 0x80040e14 ]
ЁО 2017-11-02 00:49:39 ЁПcatch:[GSP_GR_EfficacyUserID]вьГЃЃКевВЛЕНДцДЂЙ§ГЬ 'GSP_GR_EfficacyUserID'ЁЃ [ 0x80040e14 ]
ЁО 2017-11-02 00:49:41 ЁПcatch:[GSP_GR_EfficacyUserID]вьГЃЃКевВЛЕНДцДЂЙ§ГЬ 'GSP_GR_EfficacyUserID'ЁЃ [ 0x80040e14 ]
ЁО 2017-11-02 00:49:51 ЁПcatch:[GSP_GR_EfficacyUserID]вьГЃЃКевВЛЕНДцДЂЙ§ГЬ 'GSP_GR_EfficacyUserID'ЁЃ [ 0x80040e14 ]
ЁО 2017-11-02 00:49:55 ЁПcatch:[GSP_GR_EfficacyUserID]вьГЃЃКевВЛЕНДцДЂЙ§ГЬ 'GSP_GR_EfficacyUserID'ЁЃ [ 0x80040e14 ]
ЁО 2017-11-02 00:53:46 ЁПcatch:[GSP_GR_EfficacyUserID]вьГЃЃКевВЛЕНДцДЂЙ§ГЬ 'GSP_GR_EfficacyUserID'ЁЃ [ 0x80040e14 ]
ЁО 2017-11-02 00:55:22 ЁПcatch:[GSP_GR_EfficacyUserID]вьГЃЃКевВЛЕНДцДЂЙ§ГЬ 'GSP_GR_EfficacyUserID'ЁЃ [ 0x80040e14 ]
ЁО 2017-11-02 00:55:51 ЁПcatch:[GSP_GR_EfficacyUserID]вьГЃЃКевВЛЕНДцДЂЙ§ГЬ 'GSP_GR_EfficacyUserID'ЁЃ [ 0x80040e14 ]
ЁО 2017-11-02 00:55:56 ЁПcatch:[GSP_GR_EfficacyUserID]вьГЃЃКевВЛЕНДцДЂЙ§ГЬ 'GSP_GR_EfficacyUserID'ЁЃ [ 0x80040e14 ]
ЁО 2017-11-02 00:56:00 ЁПcatch:[GSP_GR_EfficacyUserID]вьГЃЃКевВЛЕНДцДЂЙ§ГЬ 'GSP_GR_EfficacyUserID'ЁЃ [ 0x80040e14 ]
ЁО 2017-11-02 00:56:01 ЁПcatch:[GSP_GR_EfficacyUserID]вьГЃЃКевВЛЕНДцДЂЙ§ГЬ 'GSP_GR_EfficacyUserID'ЁЃ [ 0x80040e14 ]
ЁО 2017-11-02 00:56:06 ЁПcatch:[GSP_GR_EfficacyUserID]вьГЃЃКевВЛЕНДцДЂЙ§ГЬ 'GSP_GR_EfficacyUserID'ЁЃ [ 0x80040e14 ]
ЁО 2017-11-02 00:56:11 ЁПcatch:[GSP_GR_EfficacyUserID]вьГЃЃКевВЛЕНДцДЂЙ§ГЬ 'GSP_GR_EfficacyUserID'ЁЃ [ 0x80040e14 ]
ЁО 2017-11-02 00:56:13 ЁПcatch:[GSP_GR_EfficacyUserID]вьГЃЃКевВЛЕНДцДЂЙ§ГЬ 'GSP_GR_EfficacyUserID'ЁЃ [ 0x80040e14 ]
ЁО 2017-11-02 00:56:16 ЁПcatch:[GSP_GR_EfficacyUserID]вьГЃЃКевВЛЕНДцДЂЙ§ГЬ 'GSP_GR_EfficacyUserID'ЁЃ [ 0x80040e14 ]
ЁО 2017-11-02 00:56:21 ЁПcatch:[GSP_GR_EfficacyUserID]вьГЃЃКевВЛЕНДцДЂЙ§ГЬ 'GSP_GR_EfficacyUserID'ЁЃ [ 0x80040e14 ]
ЁО 2017-11-02 00:56:26 ЁПcatch:[GSP_GR_EfficacyUserID]вьГЃЃКевВЛЕНДцДЂЙ§ГЬ 'GSP_GR_EfficacyUserID'ЁЃ [ 0x80040e14 ]
ЁО 2017-11-02 00:56:31 ЁПcatch:[GSP_GR_EfficacyUserID]вьГЃЃКевВЛЕНДцДЂЙ§ГЬ 'GSP_GR_EfficacyUserID'ЁЃ [ 0x80040e14 ]
ЁО 2017-11-02 00:56:36 ЁПcatch:[GSP_GR_EfficacyUserID]вьГЃЃКевВЛЕНДцДЂЙ§ГЬ 'GSP_GR_EfficacyUserID'ЁЃ [ 0x80040e14 ]
ЁО 2017-11-04 15:25:01 ЁПcatch:[GSP_GR_LeaveGameServer]вьГЃЃКгУЛЇ 'sa' ЕЧТМЪЇАмЁЃ [ 0x80040e14 ]
ЁО 2017-11-04 15:25:03 ЁПcatch:[GSP_GR_LeaveGameServer]вьГЃЃКгУЛЇ 'sa' ЕЧТМЪЇАмЁЃ [ 0x80040e14 ]
ЁО 2017-11-04 15:25:06 ЁПcatch:[GSP_GR_LeaveGameServer]вьГЃЃКгУЛЇ 'sa' ЕЧТМЪЇАмЁЃ [ 0x80040e14 ]
ЁО 2017-11-04 15:25:06 ЁПcatch:[GSP_GR_LeaveGameServer]вьГЃЃКгУЛЇ 'sa' ЕЧТМЪЇАмЁЃ [ 0x80040e14 ]
ЁО 2017-11-04 15:25:08 ЁПcatch:[GSP_GR_LeaveGameServer]вьГЃЃКгУЛЇ 'sa' ЕЧТМЪЇАмЁЃ [ 0x80040e14 ]
ЁО 2017-11-04 15:25:11 ЁПcatch:[GSP_GR_LeaveGameServer]вьГЃЃКгУЛЇ 'sa' ЕЧТМЪЇАмЁЃ [ 0x80040e14 ]
ЁО 2017-11-04 15:25:11 ЁПcatch:[GSP_GR_LeaveGameServer]вьГЃЃКгУЛЇ 'sa' ЕЧТМЪЇАмЁЃ [ 0x80040e14 ]
ЁО 2017-11-04 15:25:11 ЁПcatch:[GSP_GR_LeaveGameServer]вьГЃЃКгУЛЇ 'sa' ЕЧТМЪЇАмЁЃ [ 0x80040e14 ]
ЁО 2017-11-04 15:25:12 ЁПcatch:[GSP_GR_LeaveGameServer]вьГЃЃКгУЛЇ 'sa' ЕЧТМЪЇАмЁЃ [ 0x80040e14 ]
ЁО 2017-11-04 15:25:13 ЁПcatch:[GSP_GR_LeaveGameServer]вьГЃЃКгУЛЇ 'sa' ЕЧТМЪЇАмЁЃ [ 0x80040e14 ]
ЁО 2017-11-04 15:25:14 ЁПcatch:[GSP_GR_LeaveGameServer]вьГЃЃКгУЛЇ 'sa' ЕЧТМЪЇАмЁЃ [ 0x80040e14 ]
ЁО 2017-11-04 15:25:14 ЁПcatch:[GSP_GR_LeaveGameServer]вьГЃЃКгУЛЇ 'sa' ЕЧТМЪЇАмЁЃ [ 0x80040e14 ]
ЁО 2017-11-04 15:25:15 ЁПcatch:[GSP_GR_LeaveGameServer]вьГЃЃКгУЛЇ 'sa' ЕЧТМЪЇАмЁЃ [ 0x80040e14 ]
ЁО 2017-11-04 15:25:16 ЁПcatch:[GSP_GR_LeaveGameServer]вьГЃЃКгУЛЇ 'sa' ЕЧТМЪЇАмЁЃ [ 0x80040e14 ]
ЁО 2017-11-04 15:25:21 ЁПcatch:[GSP_GR_LeaveGameServer]вьГЃЃКгУЛЇ 'sa' ЕЧТМЪЇАмЁЃ [ 0x80040e14 ]
ЁО 2017-11-04 15:25:22 ЁПcatch:[GSP_GR_LeaveGameServer]вьГЃЃКгУЛЇ 'sa' ЕЧТМЪЇАмЁЃ [ 0x80040e14 ]
ЁО 2017-11-04 15:25:22 ЁПcatch:[GSP_GR_LeaveGameServer]вьГЃЃКгУЛЇ 'sa' ЕЧТМЪЇАмЁЃ [ 0x80040e14 ]
ЁО 2017-11-04 15:25:23 ЁПcatch:[GSP_GR_LeaveGameServer]вьГЃЃКгУЛЇ 'sa' ЕЧТМЪЇАмЁЃ [ 0x80040e14 ]
ЁО 2017-11-04 15:25:24 ЁПcatch:[GSP_GR_LeaveGameServer]вьГЃЃКгУЛЇ 'sa' ЕЧТМЪЇАмЁЃ [ 0x80040e14 ]
ЁО 2017-11-04 15:25:25 ЁПcatch:[GSP_GR_LeaveGameServer]вьГЃЃКгУЛЇ 'sa' ЕЧТМЪЇАмЁЃ [ 0x80040e14 ]
ЁО 2017-11-04 15:25:25 ЁПcatch:[GSP_GR_LeaveGameServer]вьГЃЃКгУЛЇ 'sa' ЕЧТМЪЇАмЁЃ [ 0x80040e14 ]
ЁО 2017-11-04 15:25:26 ЁПcatch:[GSP_GR_LeaveGameServer]вьГЃЃКгУЛЇ 'sa' ЕЧТМЪЇАмЁЃ [ 0x80040e14 ]
ЁО 2017-11-04 15:25:27 ЁПcatch:[GSP_GR_LeaveGameServer]вьГЃЃКгУЛЇ 'sa' ЕЧТМЪЇАмЁЃ [ 0x80040e14 ]
ЁО 2017-11-04 15:25:27 ЁПcatch:[GSP_GR_LeaveGameServer]вьГЃЃКгУЛЇ 'sa' ЕЧТМЪЇАмЁЃ [ 0x80040e14 ]
ЁО 2017-11-04 15:25:30 ЁПcatch:[GSP_GR_LeaveGameServer]вьГЃЃКгУЛЇ 'sa' ЕЧТМЪЇАмЁЃ [ 0x80040e14 ]
ЁО 2017-11-04 15:25:32 ЁПcatch:[GSP_GR_LeaveGameServer]вьГЃЃКгУЛЇ 'sa' ЕЧТМЪЇАмЁЃ [ 0x80040e14 ]
ЁО 2017-11-04 15:25:32 ЁПcatch:[GSP_GR_LeaveGameServer]вьГЃЃКгУЛЇ 'sa' ЕЧТМЪЇАмЁЃ [ 0x80040e14 ]
ЁО 2017-11-04 15:25:37 ЁПcatch:[GSP_GR_LeaveGameServer]вьГЃЃКгУЛЇ 'sa' ЕЧТМЪЇАмЁЃ [ 0x80040e14 ]
ЁО 2017-11-04 15:25:37 ЁПcatch:[GSP_GR_EfficacyUserID]вьГЃЃКгУЛЇ 'sa' ЕЧТМЪЇАмЁЃ [ 0x80040e14 ]
ЁО 2017-11-04 15:25:37 ЁПcatch:[GSP_GR_EfficacyUserID]вьГЃЃКгУЛЇ 'sa' ЕЧТМЪЇАмЁЃ [ 0x80040e14 ]
ЁО 2017-11-04 15:25:37 ЁПcatch:[GSP_GR_EfficacyUserID]вьГЃЃКгУЛЇ 'sa' ЕЧТМЪЇАмЁЃ [ 0x80040e14 ]
ЁО 2017-11-04 15:25:37 ЁПcatch:[GSP_GR_EfficacyUserID]вьГЃЃКгУЛЇ 'sa' ЕЧТМЪЇАмЁЃ [ 0x80040e14 ]
ЁО 2017-11-04 15:25:38 ЁПcatch:[GSP_GR_EfficacyUserID]вьГЃЃКгУЛЇ 'sa' ЕЧТМЪЇАмЁЃ [ 0x80040e14 ]
ЁО 2017-11-04 15:25:39 ЁПcatch:[GSP_GR_EfficacyUserID]вьГЃЃКгУЛЇ 'sa' ЕЧТМЪЇАмЁЃ [ 0x80040e14 ]
ЁО 2017-11-04 15:25:42 ЁПcatch:[GSP_GR_EfficacyUserID]вьГЃЃКгУЛЇ 'sa' ЕЧТМЪЇАмЁЃ [ 0x80040e14 ]
ЁО 2017-11-04 15:25:42 ЁПcatch:[GSP_GR_EfficacyUserID]вьГЃЃКгУЛЇ 'sa' ЕЧТМЪЇАмЁЃ [ 0x80040e14 ]
ЁО 2017-11-04 15:25:42 ЁПcatch:[GSP_GR_EfficacyUserID]вьГЃЃКгУЛЇ 'sa' ЕЧТМЪЇАмЁЃ [ 0x80040e14 ]
ЁО 2017-11-04 15:25:42 ЁПcatch:[GSP_GR_EfficacyUserID]вьГЃЃКгУЛЇ 'sa' ЕЧТМЪЇАмЁЃ [ 0x80040e14 ]
ЁО 2017-11-04 15:25:43 ЁПcatch:[GSP_GR_LeaveGameServer]вьГЃЃКгУЛЇ 'sa' ЕЧТМЪЇАмЁЃ [ 0x80040e14 ]
ЁО 2017-11-04 15:25:43 ЁПcatch:[GSP_GR_EfficacyUserID]вьГЃЃКгУЛЇ 'sa' ЕЧТМЪЇАмЁЃ [ 0x80040e14 ]
ЁО 2017-11-04 15:25:44 ЁПcatch:[GSP_GR_EfficacyUserID]вьГЃЃКгУЛЇ 'sa' ЕЧТМЪЇАмЁЃ [ 0x80040e14 ]
ЁО 2017-11-04 15:25:47 ЁПcatch:[GSP_GR_EfficacyUserID]вьГЃЃКгУЛЇ 'sa' ЕЧТМЪЇАмЁЃ [ 0x80040e14 ]
ЁО 2017-11-04 15:25:47 ЁПcatch:[GSP_GR_EfficacyUserID]вьГЃЃКгУЛЇ 'sa' ЕЧТМЪЇАмЁЃ [ 0x80040e14 ]
ЁО 2017-11-04 15:25:47 ЁПcatch:[GSP_GR_EfficacyUserID]вьГЃЃКгУЛЇ 'sa' ЕЧТМЪЇАмЁЃ [ 0x80040e14 ]
ЁО 2017-11-04 15:25:47 ЁПcatch:[GSP_GR_EfficacyUserID]вьГЃЃКгУЛЇ 'sa' ЕЧТМЪЇАмЁЃ [ 0x80040e14 ]
ЁО 2017-11-04 15:25:49 ЁПcatch:[GSP_GR_EfficacyUserID]вьГЃЃКгУЛЇ 'sa' ЕЧТМЪЇАмЁЃ [ 0x80040e14 ]
ЁО 2017-11-04 15:25:49 ЁПcatch:[GSP_GR_EfficacyUserID]вьГЃЃКгУЛЇ 'sa' ЕЧТМЪЇАмЁЃ [ 0x80040e14 ]
ЁО 2017-11-04 15:25:50 ЁПcatch:[GSP_GR_LeaveGameServer]вьГЃЃКгУЛЇ 'sa' ЕЧТМЪЇАмЁЃ [ 0x80040e14 ]
ЁО 2017-11-04 15:25:52 ЁПcatch:[GSP_GR_EfficacyUserID]вьГЃЃКгУЛЇ 'sa' ЕЧТМЪЇАмЁЃ [ 0x80040e14 ]
ЁО 2017-11-04 15:25:52 ЁПcatch:[GSP_GR_EfficacyUserID]вьГЃЃКгУЛЇ 'sa' ЕЧТМЪЇАмЁЃ [ 0x80040e14 ]
ЁО 2017-11-04 15:25:52 ЁПcatch:[GSP_GR_EfficacyUserID]вьГЃЃКгУЛЇ 'sa' ЕЧТМЪЇАмЁЃ [ 0x80040e14 ]
ЁО 2017-11-04 15:25:53 ЁПcatch:[GSP_GR_EfficacyUserID]вьГЃЃКгУЛЇ 'sa' ЕЧТМЪЇАмЁЃ [ 0x80040e14 ]
ЁО 2017-11-04 15:25:54 ЁПcatch:[GSP_GR_EfficacyUserID]вьГЃЃКгУЛЇ 'sa' ЕЧТМЪЇАмЁЃ [ 0x80040e14 ]
ЁО 2017-11-04 15:25:54 ЁПcatch:[GSP_GR_EfficacyUserID]вьГЃЃКгУЛЇ 'sa' ЕЧТМЪЇАмЁЃ [ 0x80040e14 ]
ЁО 2017-11-04 15:25:55 ЁПcatch:[GSP_GR_EfficacyUserID]вьГЃЃКгУЛЇ 'sa' ЕЧТМЪЇАмЁЃ [ 0x80040e14 ]
ЁО 2017-11-04 15:25:55 ЁПcatch:[GSP_GR_EfficacyUserID]вьГЃЃКгУЛЇ 'sa' ЕЧТМЪЇАмЁЃ [ 0x80040e14 ]
ЁО 2017-11-04 15:25:55 ЁПcatch:[GSP_GR_EfficacyUserID]вьГЃЃКгУЛЇ 'sa' ЕЧТМЪЇАмЁЃ [ 0x80040e14 ]
ЁО 2017-11-04 15:25:56 ЁПcatch:[GSP_GR_EfficacyUserID]вьГЃЃКгУЛЇ 'sa' ЕЧТМЪЇАмЁЃ [ 0x80040e14 ]
ЁО 2017-11-04 15:25:56 ЁПcatch:[GSP_GR_EfficacyUserID]вьГЃЃКгУЛЇ 'sa' ЕЧТМЪЇАмЁЃ [ 0x80040e14 ]
ЁО 2017-11-04 15:25:56 ЁПcatch:[GSP_GR_EfficacyUserID]вьГЃЃКгУЛЇ 'sa' ЕЧТМЪЇАмЁЃ [ 0x80040e14 ]
ЁО 2017-11-04 15:25:57 ЁПcatch:[GSP_GR_EfficacyUserID]вьГЃЃКгУЛЇ 'sa' ЕЧТМЪЇАмЁЃ [ 0x80040e14 ]
ЁО 2017-11-04 15:25:57 ЁПcatch:[GSP_GR_EfficacyUserID]вьГЃЃКгУЛЇ 'sa' ЕЧТМЪЇАмЁЃ [ 0x80040e14 ]
ЁО 2017-11-04 15:25:57 ЁПcatch:[GSP_GR_EfficacyUserID]вьГЃЃКгУЛЇ 'sa' ЕЧТМЪЇАмЁЃ [ 0x80040e14 ]
ЁО 2017-11-04 15:25:57 ЁПcatch:[GSP_GR_EfficacyUserID]вьГЃЃКгУЛЇ 'sa' ЕЧТМЪЇАмЁЃ [ 0x80040e14 ]
ЁО 2017-11-04 15:25:58 ЁПcatch:[GSP_GR_EfficacyUserID]вьГЃЃКгУЛЇ 'sa' ЕЧТМЪЇАмЁЃ [ 0x80040e14 ]
ЁО 2017-11-04 15:25:59 ЁПcatch:[GSP_GR_EfficacyUserID]вьГЃЃКгУЛЇ 'sa' ЕЧТМЪЇАмЁЃ [ 0x80040e14 ]
ЁО 2017-11-04 15:25:59 ЁПcatch:[GSP_GR_EfficacyUserID]вьГЃЃКгУЛЇ 'sa' ЕЧТМЪЇАмЁЃ [ 0x80040e14 ]
ЁО 2017-11-04 15:26:00 ЁПcatch:[GSP_GR_EfficacyUserID]вьГЃЃКгУЛЇ 'sa' ЕЧТМЪЇАмЁЃ [ 0x80040e14 ]
ЁО 2017-11-04 15:26:00 ЁПcatch:[GSP_GR_EfficacyUserID]вьГЃЃКгУЛЇ 'sa' ЕЧТМЪЇАмЁЃ [ 0x80040e14 ]
ЁО 2017-11-04 15:26:00 ЁПcatch:[GSP_GR_EfficacyUserID]вьГЃЃКгУЛЇ 'sa' ЕЧТМЪЇАмЁЃ [ 0x80040e14 ]
ЁО 2017-11-04 15:26:01 ЁПcatch:[GSP_GR_EfficacyUserID]вьГЃЃКгУЛЇ 'sa' ЕЧТМЪЇАмЁЃ [ 0x80040e14 ]
ЁО 2017-11-04 15:26:02 ЁПcatch:[GSP_GR_EfficacyUserID]вьГЃЃКгУЛЇ 'sa' ЕЧТМЪЇАмЁЃ [ 0x80040e14 ]
ЁО 2017-11-04 15:26:02 ЁПcatch:[GSP_GR_EfficacyUserID]вьГЃЃКгУЛЇ 'sa' ЕЧТМЪЇАмЁЃ [ 0x80040e14 ]
ЁО 2017-11-04 15:26:02 ЁПcatch:[GSP_GR_EfficacyUserID]вьГЃЃКгУЛЇ 'sa' ЕЧТМЪЇАмЁЃ [ 0x80040e14 ]
ЁО 2017-11-04 15:26:02 ЁПcatch:[GSP_GR_EfficacyUserID]вьГЃЃКгУЛЇ 'sa' ЕЧТМЪЇАмЁЃ [ 0x80040e14 ]
ЁО 2017-11-04 15:26:02 ЁПcatch:[GSP_GR_EfficacyUserID]вьГЃЃКгУЛЇ 'sa' ЕЧТМЪЇАмЁЃ [ 0x80040e14 ]
ЁО 2017-11-04 15:26:03 ЁПcatch:[GSP_GR_EfficacyUserID]вьГЃЃКгУЛЇ 'sa' ЕЧТМЪЇАмЁЃ [ 0x80040e14 ]
ЁО 2017-11-04 15:26:03 ЁПcatch:[GSP_GR_EfficacyUserID]вьГЃЃКгУЛЇ 'sa' ЕЧТМЪЇАмЁЃ [ 0x80040e14 ]
ЁО 2017-11-04 15:26:04 ЁПcatch:[GSP_GR_EfficacyUserID]вьГЃЃКгУЛЇ 'sa' ЕЧТМЪЇАмЁЃ [ 0x80040e14 ]
ЁО 2017-11-04 15:26:04 ЁПcatch:[GSP_GR_EfficacyUserID]вьГЃЃКгУЛЇ 'sa' ЕЧТМЪЇАмЁЃ [ 0x80040e14 ]
ЁО 2017-11-04 15:26:05 ЁПcatch:[GSP_GR_EfficacyUserID]вьГЃЃКгУЛЇ 'sa' ЕЧТМЪЇАмЁЃ [ 0x80040e14 ]
ЁО 2017-11-04 15:26:05 ЁПcatch:[GSP_GR_EfficacyUserID]вьГЃЃКгУЛЇ 'sa' ЕЧТМЪЇАмЁЃ [ 0x80040e14 ]
ЁО 2017-11-04 15:26:05 ЁПcatch:[GSP_GR_EfficacyUserID]вьГЃЃКгУЛЇ 'sa' ЕЧТМЪЇАмЁЃ [ 0x80040e14 ]
ЁО 2017-11-04 15:26:07 ЁПcatch:[GSP_GR_EfficacyUserID]вьГЃЃКгУЛЇ 'sa' ЕЧТМЪЇАмЁЃ [ 0x80040e14 ]
ЁО 2017-11-04 15:26:07 ЁПcatch:[GSP_GR_EfficacyUserID]вьГЃЃКгУЛЇ 'sa' ЕЧТМЪЇАмЁЃ [ 0x80040e14 ]
ЁО 2017-11-04 15:26:07 ЁПcatch:[GSP_GR_EfficacyUserID]вьГЃЃКгУЛЇ 'sa' ЕЧТМЪЇАмЁЃ [ 0x80040e14 ]
ЁО 2017-11-04 15:26:07 ЁПcatch:[GSP_GR_EfficacyUserID]вьГЃЃКгУЛЇ 'sa' ЕЧТМЪЇАмЁЃ [ 0x80040e14 ]
ЁО 2017-11-04 15:26:07 ЁПcatch:[GSP_GR_EfficacyUserID]вьГЃЃКгУЛЇ 'sa' ЕЧТМЪЇАмЁЃ [ 0x80040e14 ]
ЁО 2017-11-04 15:26:07 ЁПcatch:[GSP_GR_EfficacyUserID]вьГЃЃКгУЛЇ 'sa' ЕЧТМЪЇАмЁЃ [ 0x80040e14 ]
ЁО 2017-11-04 15:26:08 ЁПcatch:[GSP_GR_EfficacyUserID]вьГЃЃКгУЛЇ 'sa' ЕЧТМЪЇАмЁЃ [ 0x80040e14 ]
ЁО 2017-11-04 15:26:08 ЁПcatch:[GSP_GR_EfficacyUserID]вьГЃЃКгУЛЇ 'sa' ЕЧТМЪЇАмЁЃ [ 0x80040e14 ]
ЁО 2017-11-04 15:26:09 ЁПcatch:[GSP_GR_EfficacyUserID]вьГЃЃКгУЛЇ 'sa' ЕЧТМЪЇАмЁЃ [ 0x80040e14 ]
ЁО 2017-11-04 15:26:10 ЁПcatch:[GSP_GR_EfficacyUserID]вьГЃЃКгУЛЇ 'sa' ЕЧТМЪЇАмЁЃ [ 0x80040e14 ]
ЁО 2017-11-04 15:26:10 ЁПcatch:[GSP_GR_EfficacyUserID]вьГЃЃКгУЛЇ 'sa' ЕЧТМЪЇАмЁЃ [ 0x80040e14 ]
ЁО 2017-11-04 15:26:10 ЁПcatch:[GSP_GR_EfficacyUserID]вьГЃЃКгУЛЇ 'sa' ЕЧТМЪЇАмЁЃ [ 0x80040e14 ]
ЁО 2017-11-04 15:26:12 ЁПcatch:[GSP_GR_EfficacyUserID]вьГЃЃКгУЛЇ 'sa' ЕЧТМЪЇАмЁЃ [ 0x80040e14 ]
ЁО 2017-11-04 15:26:12 ЁПcatch:[GSP_GR_EfficacyUserID]вьГЃЃКгУЛЇ 'sa' ЕЧТМЪЇАмЁЃ [ 0x80040e14 ]
ЁО 2017-11-04 15:26:12 ЁПcatch:[GSP_GR_EfficacyUserID]вьГЃЃКгУЛЇ 'sa' ЕЧТМЪЇАмЁЃ [ 0x80040e14 ]
ЁО 2017-11-04 15:26:12 ЁПcatch:[GSP_GR_EfficacyUserID]вьГЃЃКгУЛЇ 'sa' ЕЧТМЪЇАмЁЃ [ 0x80040e14 ]
ЁО 2017-11-04 15:26:13 ЁПcatch:[GSP_GR_EfficacyUserID]вьГЃЃКгУЛЇ 'sa' ЕЧТМЪЇАмЁЃ [ 0x80040e14 ]
ЁО 2017-11-04 15:26:14 ЁПcatch:[GSP_GR_EfficacyUserID]вьГЃЃКгУЛЇ 'sa' ЕЧТМЪЇАмЁЃ [ 0x80040e14 ]
ЁО 2017-11-04 15:26:15 ЁПcatch:[GSP_GR_EfficacyUserID]вьГЃЃКгУЛЇ 'sa' ЕЧТМЪЇАмЁЃ [ 0x80040e14 ]
ЁО 2017-11-04 15:26:15 ЁПcatch:[GSP_GR_EfficacyUserID]вьГЃЃКгУЛЇ 'sa' ЕЧТМЪЇАмЁЃ [ 0x80040e14 ]
ЁО 2017-11-04 15:26:15 ЁПcatch:[GSP_GR_EfficacyUserID]вьГЃЃКгУЛЇ 'sa' ЕЧТМЪЇАмЁЃ [ 0x80040e14 ]
ЁО 2017-11-04 15:26:17 ЁПcatch:[GSP_GR_EfficacyUserID]вьГЃЃКгУЛЇ 'sa' ЕЧТМЪЇАмЁЃ [ 0x80040e14 ]
ЁО 2017-11-04 15:26:18 ЁПcatch:[GSP_GR_EfficacyUserID]вьГЃЃКгУЛЇ 'sa' ЕЧТМЪЇАмЁЃ [ 0x80040e14 ]
ЁО 2017-11-04 15:26:18 ЁПcatch:[GSP_GR_EfficacyUserID]вьГЃЃКгУЛЇ 'sa' ЕЧТМЪЇАмЁЃ [ 0x80040e14 ]
ЁО 2017-11-04 15:26:18 ЁПcatch:[GSP_GR_EfficacyUserID]вьГЃЃКгУЛЇ 'sa' ЕЧТМЪЇАмЁЃ [ 0x80040e14 ]
ЁО 2017-11-04 15:26:19 ЁПcatch:[GSP_GR_EfficacyUserID]вьГЃЃКгУЛЇ 'sa' ЕЧТМЪЇАмЁЃ [ 0x80040e14 ]
ЁО 2017-11-04 15:26:20 ЁПcatch:[GSP_GR_EfficacyUserID]вьГЃЃКгУЛЇ 'sa' ЕЧТМЪЇАмЁЃ [ 0x80040e14 ]
ЁО 2017-11-04 15:26:21 ЁПcatch:[GSP_GR_EfficacyUserID]вьГЃЃКгУЛЇ 'sa' ЕЧТМЪЇАмЁЃ [ 0x80040e14 ]
ЁО 2017-11-04 15:26:21 ЁПcatch:[GSP_GR_EfficacyUserID]вьГЃЃКгУЛЇ 'sa' ЕЧТМЪЇАмЁЃ [ 0x80040e14 ]
ЁО 2017-11-04 15:26:22 ЁПcatch:[GSP_GR_EfficacyUserID]вьГЃЃКгУЛЇ 'sa' ЕЧТМЪЇАмЁЃ [ 0x80040e14 ]
ЁО 2017-11-04 15:26:23 ЁПcatch:[GSP_GR_LeaveGameServer]вьГЃЃКгУЛЇ 'sa' ЕЧТМЪЇАмЁЃ [ 0x80040e14 ]
ЁО 2017-11-04 15:26:23 ЁПcatch:[GSP_GR_EfficacyUserID]вьГЃЃКгУЛЇ 'sa' ЕЧТМЪЇАмЁЃ [ 0x80040e14 ]
ЁО 2017-11-04 15:26:23 ЁПcatch:[GSP_GR_EfficacyUserID]вьГЃЃКгУЛЇ 'sa' ЕЧТМЪЇАмЁЃ [ 0x80040e14 ]
ЁО 2017-11-04 15:26:24 ЁПcatch:[GSP_GR_EfficacyUserID]вьГЃЃКгУЛЇ 'sa' ЕЧТМЪЇАмЁЃ [ 0x80040e14 ]
ЁО 2017-11-04 15:26:25 ЁПcatch:[GSP_GR_EfficacyUserID]вьГЃЃКгУЛЇ 'sa' ЕЧТМЪЇАмЁЃ [ 0x80040e14 ]
ЁО 2017-11-04 15:26:26 ЁПcatch:[GSP_GR_EfficacyUserID]вьГЃЃКгУЛЇ 'sa' ЕЧТМЪЇАмЁЃ [ 0x80040e14 ]
ЁО 2017-11-04 15:26:26 ЁПcatch:[GSP_GR_EfficacyUserID]вьГЃЃКгУЛЇ 'sa' ЕЧТМЪЇАмЁЃ [ 0x80040e14 ]
ЁО 2017-11-04 15:26:27 ЁПcatch:[GSP_GR_EfficacyUserID]вьГЃЃКгУЛЇ 'sa' ЕЧТМЪЇАмЁЃ [ 0x80040e14 ]
ЁО 2017-11-04 15:26:28 ЁПcatch:[GSP_GR_EfficacyUserID]вьГЃЃКгУЛЇ 'sa' ЕЧТМЪЇАмЁЃ [ 0x80040e14 ]
ЁО 2017-11-04 15:26:28 ЁПcatch:[GSP_GR_EfficacyUserID]вьГЃЃКгУЛЇ 'sa' ЕЧТМЪЇАмЁЃ [ 0x80040e14 ]
ЁО 2017-11-04 15:26:29 ЁПcatch:[GSP_GR_EfficacyUserID]вьГЃЃКгУЛЇ 'sa' ЕЧТМЪЇАмЁЃ [ 0x80040e14 ]
ЁО 2017-11-04 15:26:31 ЁПcatch:[GSP_GR_EfficacyUserID]вьГЃЃКгУЛЇ 'sa' ЕЧТМЪЇАмЁЃ [ 0x80040e14 ]
ЁО 2017-11-04 15:26:31 ЁПcatch:[GSP_GR_EfficacyUserID]вьГЃЃКгУЛЇ 'sa' ЕЧТМЪЇАмЁЃ [ 0x80040e14 ]
ЁО 2017-11-04 15:26:31 ЁПcatch:[GSP_GR_EfficacyUserID]вьГЃЃКгУЛЇ 'sa' ЕЧТМЪЇАмЁЃ [ 0x80040e14 ]
ЁО 2017-11-04 15:26:32 ЁПcatch:[GSP_GR_EfficacyUserID]вьГЃЃКгУЛЇ 'sa' ЕЧТМЪЇАмЁЃ [ 0x80040e14 ]
ЁО 2017-11-04 15:26:33 ЁПcatch:[GSP_GR_EfficacyUserID]вьГЃЃКгУЛЇ 'sa' ЕЧТМЪЇАмЁЃ [ 0x80040e14 ]
ЁО 2017-11-04 15:26:33 ЁПcatch:[GSP_GR_EfficacyUserID]вьГЃЃКгУЛЇ 'sa' ЕЧТМЪЇАмЁЃ [ 0x80040e14 ]
ЁО 2017-11-04 15:26:34 ЁПcatch:[GSP_GR_EfficacyUserID]вьГЃЃКгУЛЇ 'sa' ЕЧТМЪЇАмЁЃ [ 0x80040e14 ]
ЁО 2017-11-04 15:26:36 ЁПcatch:[GSP_GR_LeaveGameServer]вьГЃЃКгУЛЇ 'sa' ЕЧТМЪЇАмЁЃ [ 0x80040e14 ]
ЁО 2017-11-04 15:26:36 ЁПcatch:[GSP_GR_EfficacyUserID]вьГЃЃКгУЛЇ 'sa' ЕЧТМЪЇАмЁЃ [ 0x80040e14 ]
ЁО 2017-11-04 15:26:36 ЁПcatch:[GSP_GR_EfficacyUserID]вьГЃЃКгУЛЇ 'sa' ЕЧТМЪЇАмЁЃ [ 0x80040e14 ]
ЁО 2017-11-04 15:26:37 ЁПcatch:[GSP_GR_EfficacyUserID]вьГЃЃКгУЛЇ 'sa' ЕЧТМЪЇАмЁЃ [ 0x80040e14 ]
ЁО 2017-11-04 15:26:38 ЁПcatch:[GSP_GR_EfficacyUserID]вьГЃЃКгУЛЇ 'sa' ЕЧТМЪЇАмЁЃ [ 0x80040e14 ]
ЁО 2017-11-04 15:26:38 ЁПcatch:[GSP_GR_EfficacyUserID]вьГЃЃКгУЛЇ 'sa' ЕЧТМЪЇАмЁЃ [ 0x80040e14 ]
ЁО 2017-11-04 15:26:39 ЁПcatch:[GSP_GR_EfficacyUserID]вьГЃЃКгУЛЇ 'sa' ЕЧТМЪЇАмЁЃ [ 0x80040e14 ]
ЁО 2017-11-04 15:26:41 ЁПcatch:[GSP_GR_LeaveGameServer]вьГЃЃКгУЛЇ 'sa' ЕЧТМЪЇАмЁЃ [ 0x80040e14 ]
ЁО 2017-11-04 15:26:41 ЁПcatch:[GSP_GR_EfficacyUserID]вьГЃЃКгУЛЇ 'sa' ЕЧТМЪЇАмЁЃ [ 0x80040e14 ]
ЁО 2017-11-04 15:26:41 ЁПcatch:[GSP_GR_EfficacyUserID]вьГЃЃКгУЛЇ 'sa' ЕЧТМЪЇАмЁЃ [ 0x80040e14 ]
ЁО 2017-11-04 15:26:42 ЁПcatch:[GSP_GR_EfficacyUserID]вьГЃЃКгУЛЇ 'sa' ЕЧТМЪЇАмЁЃ [ 0x80040e14 ]
ЁО 2017-11-04 15:26:43 ЁПcatch:[GSP_GR_EfficacyUserID]вьГЃЃКгУЛЇ 'sa' ЕЧТМЪЇАмЁЃ [ 0x80040e14 ]
ЁО 2017-11-04 15:26:43 ЁПcatch:[GSP_GR_EfficacyUserID]вьГЃЃКгУЛЇ 'sa' ЕЧТМЪЇАмЁЃ [ 0x80040e14 ]
ЁО 2017-11-04 15:26:44 ЁПcatch:[GSP_GR_EfficacyUserID]вьГЃЃКгУЛЇ 'sa' ЕЧТМЪЇАмЁЃ [ 0x80040e14 ]
ЁО 2017-11-04 15:26:46 ЁПcatch:[GSP_GR_EfficacyUserID]вьГЃЃКгУЛЇ 'sa' ЕЧТМЪЇАмЁЃ [ 0x80040e14 ]
ЁО 2017-11-04 15:26:46 ЁПcatch:[GSP_GR_LeaveGameServer]вьГЃЃКгУЛЇ 'sa' ЕЧТМЪЇАмЁЃ [ 0x80040e14 ]
ЁО 2017-11-04 15:26:47 ЁПcatch:[GSP_GR_LeaveGameServer]вьГЃЃКгУЛЇ 'sa' ЕЧТМЪЇАмЁЃ [ 0x80040e14 ]
ЁО 2017-11-04 15:26:48 ЁПcatch:[GSP_GR_EfficacyUserID]вьГЃЃКгУЛЇ 'sa' ЕЧТМЪЇАмЁЃ [ 0x80040e14 ]
ЁО 2017-11-04 15:26:48 ЁПcatch:[GSP_GR_EfficacyUserID]вьГЃЃКгУЛЇ 'sa' ЕЧТМЪЇАмЁЃ [ 0x80040e14 ]
ЁО 2017-11-04 15:26:49 ЁПcatch:[GSP_GR_EfficacyUserID]вьГЃЃКгУЛЇ 'sa' ЕЧТМЪЇАмЁЃ [ 0x80040e14 ]
ЁО 2017-11-04 15:26:51 ЁПcatch:[GSP_GR_EfficacyUserID]вьГЃЃКгУЛЇ 'sa' ЕЧТМЪЇАмЁЃ [ 0x80040e14 ]
ЁО 2017-11-04 15:26:53 ЁПcatch:[GSP_GR_EfficacyUserID]вьГЃЃКгУЛЇ 'sa' ЕЧТМЪЇАмЁЃ [ 0x80040e14 ]
ЁО 2017-11-04 15:26:53 ЁПcatch:[GSP_GR_LeaveGameServer]вьГЃЃКгУЛЇ 'sa' ЕЧТМЪЇАмЁЃ [ 0x80040e14 ]
ЁО 2017-11-04 15:26:54 ЁПcatch:[GSP_GR_EfficacyUserID]вьГЃЃКгУЛЇ 'sa' ЕЧТМЪЇАмЁЃ [ 0x80040e14 ]
ЁО 2017-11-04 15:26:56 ЁПcatch:[GSP_GR_EfficacyUserID]вьГЃЃКгУЛЇ 'sa' ЕЧТМЪЇАмЁЃ [ 0x80040e14 ]
ЁО 2017-11-04 15:26:58 ЁПcatch:[GSP_GR_EfficacyUserID]вьГЃЃКгУЛЇ 'sa' ЕЧТМЪЇАмЁЃ [ 0x80040e14 ]
ЁО 2017-11-04 15:26:59 ЁПcatch:[GSP_GR_LeaveGameServer]вьГЃЃКгУЛЇ 'sa' ЕЧТМЪЇАмЁЃ [ 0x80040e14 ]
ЁО 2017-11-04 15:27:01 ЁПcatch:[GSP_GR_EfficacyUserID]вьГЃЃКгУЛЇ 'sa' ЕЧТМЪЇАмЁЃ [ 0x80040e14 ]
ЁО 2017-11-04 15:27:03 ЁПcatch:[GSP_GR_EfficacyUserID]вьГЃЃКгУЛЇ 'sa' ЕЧТМЪЇАмЁЃ [ 0x80040e14 ]
ЁО 2017-11-04 21:55:06 ЁПcatch:[GSP_GR_LeaveGameServer]вьГЃЃКгУЛЇ 'sa' ЕЧТМЪЇАмЁЃ [ 0x80040e14 ]
ЁО 2017-11-04 21:55:06 ЁПcatch:[GSP_GR_LeaveGameServer]вьГЃЃКгУЛЇ 'sa' ЕЧТМЪЇАмЁЃ [ 0x80040e14 ]
ЁО 2017-11-04 21:55:07 ЁПcatch:[GSP_GR_LeaveGameServer]вьГЃЃКгУЛЇ 'sa' ЕЧТМЪЇАмЁЃ [ 0x80040e14 ]
ЁО 2017-11-04 21:55:11 ЁПcatch:[GSP_GR_LeaveGameServer]вьГЃЃКгУЛЇ 'sa' ЕЧТМЪЇАмЁЃ [ 0x80040e14 ]
ЁО 2017-11-04 21:55:11 ЁПcatch:[GSP_GR_LeaveGameServer]вьГЃЃКгУЛЇ 'sa' ЕЧТМЪЇАмЁЃ [ 0x80040e14 ]
ЁО 2017-11-04 21:55:12 ЁПcatch:[GSP_GR_LeaveGameServer]вьГЃЃКгУЛЇ 'sa' ЕЧТМЪЇАмЁЃ [ 0x80040e14 ]
ЁО 2017-11-04 21:55:12 ЁПcatch:[GSP_GR_LeaveGameServer]вьГЃЃКгУЛЇ 'sa' ЕЧТМЪЇАмЁЃ [ 0x80040e14 ]
ЁО 2017-11-04 21:55:14 ЁПcatch:[GSP_GR_LeaveGameServer]вьГЃЃКгУЛЇ 'sa' ЕЧТМЪЇАмЁЃ [ 0x80040e14 ]
ЁО 2017-11-04 21:55:16 ЁПcatch:[GSP_GR_LeaveGameServer]вьГЃЃКгУЛЇ 'sa' ЕЧТМЪЇАмЁЃ [ 0x80040e14 ]
ЁО 2017-11-04 21:55:17 ЁПcatch:[GSP_GR_LeaveGameServer]вьГЃЃКгУЛЇ 'sa' ЕЧТМЪЇАмЁЃ [ 0x80040e14 ]
ЁО 2017-11-04 21:55:17 ЁПcatch:[GSP_GR_LeaveGameServer]вьГЃЃКгУЛЇ 'sa' ЕЧТМЪЇАмЁЃ [ 0x80040e14 ]
ЁО 2017-11-04 21:55:17 ЁПcatch:[GSP_GR_LeaveGameServer]вьГЃЃКгУЛЇ 'sa' ЕЧТМЪЇАмЁЃ [ 0x80040e14 ]
ЁО 2017-11-04 21:55:19 ЁПcatch:[GSP_GR_LeaveGameServer]вьГЃЃКгУЛЇ 'sa' ЕЧТМЪЇАмЁЃ [ 0x80040e14 ]
ЁО 2017-11-04 21:55:22 ЁПcatch:[GSP_GR_LeaveGameServer]вьГЃЃКгУЛЇ 'sa' ЕЧТМЪЇАмЁЃ [ 0x80040e14 ]
ЁО 2017-11-04 21:55:22 ЁПcatch:[GSP_GR_LeaveGameServer]вьГЃЃКгУЛЇ 'sa' ЕЧТМЪЇАмЁЃ [ 0x80040e14 ]
ЁО 2017-11-04 21:55:24 ЁПcatch:[GSP_GR_LeaveGameServer]вьГЃЃКгУЛЇ 'sa' ЕЧТМЪЇАмЁЃ [ 0x80040e14 ]
ЁО 2017-11-04 21:55:27 ЁПcatch:[GSP_GR_LeaveGameServer]вьГЃЃКгУЛЇ 'sa' ЕЧТМЪЇАмЁЃ [ 0x80040e14 ]
ЁО 2017-11-04 21:55:27 ЁПcatch:[GSP_GR_LeaveGameServer]вьГЃЃКгУЛЇ 'sa' ЕЧТМЪЇАмЁЃ [ 0x80040e14 ]
ЁО 2017-11-04 21:55:28 ЁПcatch:[GSP_GR_LeaveGameServer]вьГЃЃКгУЛЇ 'sa' ЕЧТМЪЇАмЁЃ [ 0x80040e14 ]
ЁО 2017-11-04 21:55:29 ЁПcatch:[GSP_GR_LeaveGameServer]вьГЃЃКгУЛЇ 'sa' ЕЧТМЪЇАмЁЃ [ 0x80040e14 ]
ЁО 2017-11-04 21:55:29 ЁПcatch:[GSP_GR_LeaveGameServer]вьГЃЃКгУЛЇ 'sa' ЕЧТМЪЇАмЁЃ [ 0x80040e14 ]
ЁО 2017-11-04 21:55:29 ЁПcatch:[GSP_GR_LeaveGameServer]вьГЃЃКгУЛЇ 'sa' ЕЧТМЪЇАмЁЃ [ 0x80040e14 ]
ЁО 2017-11-04 21:55:32 ЁПcatch:[GSP_GR_LeaveGameServer]вьГЃЃКгУЛЇ 'sa' ЕЧТМЪЇАмЁЃ [ 0x80040e14 ]
ЁО 2017-11-04 21:55:34 ЁПcatch:[GSP_GR_LeaveGameServer]вьГЃЃКгУЛЇ 'sa' ЕЧТМЪЇАмЁЃ [ 0x80040e14 ]
ЁО 2017-11-04 21:55:48 ЁПcatch:[GSP_GR_LeaveGameServer]вьГЃЃКгУЛЇ 'sa' ЕЧТМЪЇАмЁЃ [ 0x80040e14 ]
ЁО 2017-11-04 21:55:53 ЁПcatch:[GSP_GR_LeaveGameServer]вьГЃЃКгУЛЇ 'sa' ЕЧТМЪЇАмЁЃ [ 0x80040e14 ]
ЁО 2017-11-04 21:55:54 ЁПcatch:[GSP_GR_LeaveGameServer]вьГЃЃКгУЛЇ 'sa' ЕЧТМЪЇАмЁЃ [ 0x80040e14 ]
ЁО 2017-11-04 21:55:59 ЁПcatch:[GSP_GR_LeaveGameServer]вьГЃЃКгУЛЇ 'sa' ЕЧТМЪЇАмЁЃ [ 0x80040e14 ]
ЁО 2017-11-04 21:56:23 ЁПcatch:[GSP_GR_LeaveGameServer]вьГЃЃКгУЛЇ 'sa' ЕЧТМЪЇАмЁЃ [ 0x80040e14 ]
ЁО 2017-11-04 21:56:24 ЁПcatch:[GSP_GR_LeaveGameServer]вьГЃЃКгУЛЇ 'sa' ЕЧТМЪЇАмЁЃ [ 0x80040e14 ]
ЁО 2017-11-04 21:56:29 ЁПcatch:[GSP_GR_LeaveGameServer]вьГЃЃКгУЛЇ 'sa' ЕЧТМЪЇАмЁЃ [ 0x80040e14 ]
ЁО 2017-11-04 21:56:40 ЁПcatch:[GSP_GR_LeaveGameServer]вьГЃЃКгУЛЇ 'sa' ЕЧТМЪЇАмЁЃ [ 0x80040e14 ]
ЁО 2017-11-04 21:56:49 ЁПcatch:[GSP_GR_LeaveGameServer]вьГЃЃКгУЛЇ 'sa' ЕЧТМЪЇАмЁЃ [ 0x80040e14 ]
ЁО 2017-11-04 21:56:54 ЁПcatch:[GSP_GR_LeaveGameServer]вьГЃЃКгУЛЇ 'sa' ЕЧТМЪЇАмЁЃ [ 0x80040e14 ]
