【 2017-10-30 19:12:19 】打中炸弹check:v74238, 23, 分:20000.00,倍数200, 子弹:100
【 2017-10-30 19:12:20 】打中炸弹check:5460, 23, 分:20000.00,倍数200, 子弹:100
【 2017-10-30 19:12:20 】打中炸弹check:1345545734, 23, 分:20000.00,倍数200, 子弹:100
【 2017-10-30 19:12:20 】打中炸弹check:v74238, 23, 分:20000.00,倍数200, 子弹:100
【 2017-10-30 19:12:20 】打中炸弹check:1345545734, 23, 分:20000.00,倍数200, 子弹:100
【 2017-10-30 19:12:21 】打中炸弹check:v74238, 23, 分:20000.00,倍数200, 子弹:100
【 2017-10-30 19:12:21 】打中炸弹check:21678, 23, 分:120000.00,倍数200, 子弹:600
【 2017-10-30 19:12:21 】打中炸弹check:ifbt001959, 23, 分:20000.00,倍数200, 子弹:100
【 2017-10-30 19:12:21 】打中炸弹check:v74238, 23, 分:20000.00,倍数200, 子弹:100
【 2017-10-30 19:12:22 】打中炸弹check:21678, 23, 分:120000.00,倍数200, 子弹:600
【 2017-10-30 19:12:22 】打中炸弹check:v74238, 23, 分:20000.00,倍数200, 子弹:100
【 2017-10-30 19:12:22 】打中炸弹check:ifbt001959, 23, 分:20000.00,倍数200, 子弹:100
【 2017-10-30 19:12:23 】打中炸弹check:ifbt001959, 23, 分:20000.00,倍数200, 子弹:100
【 2017-10-30 19:12:23 】打中炸弹check:ifbt001959, 23, 分:20000.00,倍数200, 子弹:100
【 2017-10-30 19:12:23 】打中炸弹check:v74238, 23, 分:20000.00,倍数200, 子弹:100
【 2017-10-30 19:12:24 】打中炸弹check:v74238, 23, 分:20000.00,倍数200, 子弹:100
【 2017-10-30 19:12:24 】打中炸弹check:ifbt001959, 23, 分:20000.00,倍数200, 子弹:100
【 2017-10-30 19:12:24 】打中炸弹check:v74238, 23, 分:20000.00,倍数200, 子弹:100
【 2017-10-30 19:12:24 】打中炸弹check:ifbt001959, 23, 分:20000.00,倍数200, 子弹:100
【 2017-10-30 19:12:24 】打中炸弹check:v74238, 23, 分:20000.00,倍数200, 子弹:100
【 2017-10-30 19:12:25 】打中炸弹check:ifbt001959, 23, 分:20000.00,倍数200, 子弹:100
【 2017-10-30 19:12:25 】打中炸弹check:21678, 23, 分:120000.00,倍数200, 子弹:600
【 2017-10-30 19:12:25 】打中炸弹check:1345545734, 23, 分:20000.00,倍数200, 子弹:100
【 2017-10-30 19:12:25 】打中炸弹check:ifbt001959, 23, 分:20000.00,倍数200, 子弹:100
【 2017-10-30 19:12:25 】打中炸弹check:v74238, 23, 分:20000.00,倍数200, 子弹:100
【 2017-10-30 19:12:25 】打中炸弹check:21678, 23, 分:120000.00,倍数200, 子弹:600
【 2017-10-30 19:12:25 】打中炸弹check:1345545734, 23, 分:20000.00,倍数200, 子弹:100
【 2017-10-30 19:12:26 】打中炸弹check:1345545734, 23, 分:20000.00,倍数200, 子弹:100
【 2017-10-30 19:12:26 】打中炸弹check:ifbt001959, 23, 分:20000.00,倍数200, 子弹:100
【 2017-10-30 19:12:26 】打中炸弹check:21678, 23, 分:120000.00,倍数200, 子弹:600
【 2017-10-30 19:12:26 】打中炸弹check:1345545734, 23, 分:20000.00,倍数200, 子弹:100
【 2017-10-30 19:12:27 】打中炸弹check:21678, 23, 分:120000.00,倍数200, 子弹:600
【 2017-10-30 19:12:27 】打中炸弹check:v74238, 23, 分:20000.00,倍数200, 子弹:100
【 2017-10-30 19:12:27 】打中炸弹check:5460, 23, 分:20000.00,倍数200, 子弹:100
【 2017-10-30 19:12:27 】打中炸弹check:ifbt001959, 23, 分:20000.00,倍数200, 子弹:100
【 2017-10-30 19:12:27 】打中炸弹check:v74238, 23, 分:20000.00,倍数200, 子弹:100
【 2017-10-30 19:12:28 】打中炸弹check:1345545734, 23, 分:20000.00,倍数200, 子弹:100
【 2017-10-30 19:12:28 】打中炸弹check:v74238, 23, 分:20000.00,倍数200, 子弹:100
【 2017-10-30 19:12:28 】打中炸弹check:21678, 23, 分:120000.00,倍数200, 子弹:600
【 2017-10-30 19:12:28 】打中炸弹check:1345545734, 23, 分:20000.00,倍数200, 子弹:100
【 2017-10-30 19:12:28 】打中炸弹check:21678, 23, 分:120000.00,倍数200, 子弹:600
【 2017-10-30 19:12:29 】打中炸弹check:5656GBG, 23, 分:60000.00,倍数200, 子弹:300
【 2017-10-30 19:12:29 】打中炸弹check:1345545734, 23, 分:20000.00,倍数200, 子弹:100
【 2017-10-30 19:12:29 】打中炸弹check:1345545734, 23, 分:20000.00,倍数200, 子弹:100
【 2017-10-30 19:12:30 】打中炸弹check:21678, 23, 分:120000.00,倍数200, 子弹:600
【 2017-10-30 19:12:30 】打中炸弹check:21678, 23, 分:120000.00,倍数200, 子弹:600
【 2017-10-30 19:12:30 】打中炸弹check:21678, 23, 分:120000.00,倍数200, 子弹:600
【 2017-10-30 19:12:31 】打中炸弹check:1345545734, 23, 分:20000.00,倍数200, 子弹:100
【 2017-10-30 19:12:31 】打中炸弹check:WB0001, 23, 分:20000.00,倍数200, 子弹:100
【 2017-10-30 19:12:32 】打中炸弹check:1345545734, 23, 分:20000.00,倍数200, 子弹:100
【 2017-10-30 19:12:32 】打中炸弹check:WB0001, 23, 分:20000.00,倍数200, 子弹:100
【 2017-10-30 19:12:33 】打中炸弹check:1345545734, 23, 分:20000.00,倍数200, 子弹:100
【 2017-10-30 19:12:33 】打中炸弹check:1345545734, 23, 分:20000.00,倍数200, 子弹:100
【 2017-10-30 19:12:35 】打中炸弹check:5656GBG, 23, 分:60000.00,倍数200, 子弹:300
【 2017-10-30 19:12:37 】打中炸弹check:ifbt001959, 23, 分:20000.00,倍数200, 子弹:100
【 2017-10-30 19:12:39 】打中炸弹check:855848, 23, 分:20000.00,倍数200, 子弹:100
【 2017-10-30 19:12:39 】打中炸弹check:855848, 23, 分:20000.00,倍数200, 子弹:100
【 2017-10-30 19:12:40 】打中炸弹check:855848, 23, 分:20000.00,倍数200, 子弹:100
【 2017-10-30 19:12:41 】打中炸弹check:5460, 23, 分:20000.00,倍数200, 子弹:100
【 2017-10-30 19:12:41 】打中炸弹check:855848, 23, 分:20000.00,倍数200, 子弹:100
【 2017-10-30 19:12:41 】打中炸弹check:855848, 23, 分:20000.00,倍数200, 子弹:100
【 2017-10-30 19:12:42 】打中炸弹check:855848, 23, 分:20000.00,倍数200, 子弹:100
【 2017-10-30 19:14:46 】打中炸弹check:21678, 39, 分:0.00,倍数0, 子弹:700
【 2017-10-30 19:14:46 】打中炸弹check:21678, 39, 分:0.00,倍数0, 子弹:700
【 2017-10-30 19:14:47 】打中炸弹check:21678, 39, 分:0.00,倍数0, 子弹:700
【 2017-10-30 19:14:47 】打中炸弹check:21678, 39, 分:0.00,倍数0, 子弹:700
【 2017-10-30 19:14:47 】打中炸弹check:21678, 39, 分:0.00,倍数0, 子弹:700
【 2017-10-30 19:14:48 】打中炸弹check:5460, 39, 分:0.00,倍数0, 子弹:200
【 2017-10-30 19:14:48 】打中炸弹check:5460, 39, 分:0.00,倍数0, 子弹:200
【 2017-10-30 19:14:48 】打中炸弹check:21678, 39, 分:0.00,倍数0, 子弹:700
【 2017-10-30 19:14:48 】打中炸弹check:21678, 39, 分:0.00,倍数0, 子弹:700
【 2017-10-30 19:14:49 】打中炸弹check:1345545734, 23, 分:100000.00,倍数200, 子弹:500
【 2017-10-30 19:14:49 】打中炸弹check:21678, 39, 分:0.00,倍数0, 子弹:700
【 2017-10-30 19:14:53 】打中炸弹check:ifbt001959, 23, 分:60000.00,倍数200, 子弹:300
【 2017-10-30 19:14:53 】打中炸弹check:ifbt001959, 23, 分:60000.00,倍数200, 子弹:300
【 2017-10-30 19:14:54 】打中炸弹check:ifbt001959, 22, 分:30000.00,倍数100, 子弹:300
【 2017-10-30 19:14:54 】打中炸弹check:1345545734, 23, 分:100000.00,倍数200, 子弹:500
【 2017-10-31 18:10:14 】打中炸弹check:0155874, 33, 分:0.00,倍数0, 子弹:900
【 2017-10-31 18:10:15 】打中炸弹check:855848, 33, 分:0.00,倍数0, 子弹:300
【 2017-10-31 18:10:16 】打中炸弹check:sdg754, 33, 分:0.00,倍数0, 子弹:400
【 2017-10-31 18:10:16 】打中炸弹check:sdg754, 33, 分:0.00,倍数0, 子弹:400
【 2017-10-31 18:10:16 】打中炸弹check:0155874, 33, 分:0.00,倍数0, 子弹:900
【 2017-10-31 18:10:17 】打中炸弹check:sdg754, 33, 分:0.00,倍数0, 子弹:400
【 2017-10-31 18:10:17 】打中炸弹check:46458886, 33, 分:0.00,倍数0, 子弹:100
【 2017-10-31 18:10:17 】打中炸弹check:46458886, 33, 分:0.00,倍数0, 子弹:100
【 2017-10-31 18:10:18 】打中炸弹check:0155874, 33, 分:0.00,倍数0, 子弹:900
【 2017-10-31 18:10:19 】打中炸弹check:46458886, 33, 分:0.00,倍数0, 子弹:100
【 2017-10-31 18:10:21 】打中炸弹check:ifbt001959, 33, 分:0.00,倍数0, 子弹:300
【 2017-10-31 18:10:21 】打中炸弹check:ifbt001959, 33, 分:0.00,倍数0, 子弹:300
【 2017-10-31 18:10:22 】打中炸弹check:ifbt001959, 33, 分:0.00,倍数0, 子弹:300
【 2017-10-31 18:10:22 】打中炸弹check:lei8757286, 33, 分:0.00,倍数0, 子弹:100
【 2017-10-31 18:10:22 】打中炸弹check:ifbt001959, 33, 分:0.00,倍数0, 子弹:300
【 2017-10-31 18:10:23 】打中炸弹check:lei8757286, 33, 分:0.00,倍数0, 子弹:100
【 2017-10-31 18:10:23 】打中炸弹check:ifbt001959, 33, 分:0.00,倍数0, 子弹:300
【 2017-10-31 18:10:23 】打中炸弹check:lei8757286, 33, 分:0.00,倍数0, 子弹:100
【 2017-10-31 18:10:24 】打中炸弹check:lei8757286, 33, 分:0.00,倍数0, 子弹:100
【 2017-10-31 18:10:25 】打中炸弹check:ifbt001959, 33, 分:0.00,倍数0, 子弹:300
【 2017-10-31 18:10:25 】打中炸弹check:ifbt001959, 33, 分:0.00,倍数0, 子弹:300
【 2017-11-02 22:08:57 】打中炸弹check:ifpw0031, 39, 分:0.00,倍数0, 子弹:100
【 2017-11-02 22:08:57 】打中炸弹check:ifpw0031, 39, 分:0.00,倍数0, 子弹:100
【 2017-11-02 22:08:58 】打中炸弹check:ifpw0031, 39, 分:0.00,倍数0, 子弹:100
【 2017-11-02 22:08:58 】打中炸弹check:ifpw0031, 39, 分:0.00,倍数0, 子弹:100
【 2017-11-02 22:08:59 】打中炸弹check:ifpw0031, 39, 分:0.00,倍数0, 子弹:100
【 2017-11-02 22:08:59 】打中炸弹check:ifpw0031, 39, 分:0.00,倍数0, 子弹:100
【 2017-11-02 22:09:00 】打中炸弹check:ifpw0031, 39, 分:0.00,倍数0, 子弹:100
【 2017-11-02 22:09:00 】打中炸弹check:ifpw0031, 39, 分:0.00,倍数0, 子弹:100
【 2017-11-02 22:09:01 】打中炸弹check:ifpw0031, 39, 分:0.00,倍数0, 子弹:100
【 2017-11-02 22:09:02 】打中炸弹check:ifpw0031, 37, 分:0.00,倍数0, 子弹:100
【 2017-11-02 22:09:02 】打中炸弹check:ifpw0031, 37, 分:0.00,倍数0, 子弹:100
【 2017-11-02 22:09:03 】打中炸弹check:ifpw0031, 37, 分:0.00,倍数0, 子弹:100
【 2017-11-02 22:09:04 】打中炸弹check:ifpw0031, 37, 分:0.00,倍数0, 子弹:100
【 2017-11-02 22:09:05 】打中炸弹check:ifpw0031, 37, 分:0.00,倍数0, 子弹:100
【 2017-11-06 00:29:34 】打中炸弹check:0155874, 37, 分:0.00,倍数0, 子弹:300
【 2017-11-06 00:29:34 】打中炸弹check:0155874, 37, 分:0.00,倍数0, 子弹:300
【 2017-11-06 00:29:35 】打中炸弹check:46458886, 37, 分:0.00,倍数0, 子弹:600
【 2017-11-06 00:29:35 】打中炸弹check:0155874, 37, 分:0.00,倍数0, 子弹:300
【 2017-11-06 00:29:35 】打中炸弹check:v74238, 30, 分:0.00,倍数0, 子弹:100
【 2017-11-06 00:29:35 】打中炸弹check:0155874, 37, 分:0.00,倍数0, 子弹:300
【 2017-11-06 00:29:35 】打中炸弹check:0155874, 37, 分:0.00,倍数0, 子弹:300
【 2017-11-06 00:29:36 】打中炸弹check:0155874, 37, 分:0.00,倍数0, 子弹:300
【 2017-11-06 00:29:36 】打中炸弹check:v74238, 30, 分:0.00,倍数0, 子弹:100
【 2017-11-06 00:29:36 】打中炸弹check:68990578, 37, 分:0.00,倍数0, 子弹:600
【 2017-11-06 00:29:36 】打中炸弹check:0155874, 37, 分:0.00,倍数0, 子弹:300
【 2017-11-06 00:29:36 】打中炸弹check:v74238, 30, 分:0.00,倍数0, 子弹:100
【 2017-11-06 00:29:36 】打中炸弹check:68990578, 37, 分:0.00,倍数0, 子弹:600
【 2017-11-06 00:29:36 】打中炸弹check:ifbt001959, 37, 分:0.00,倍数0, 子弹:200
【 2017-11-06 00:29:36 】打中炸弹check:68990578, 37, 分:0.00,倍数0, 子弹:600
【 2017-11-06 00:29:36 】打中炸弹check:ifbt001959, 37, 分:0.00,倍数0, 子弹:200
【 2017-11-06 00:29:36 】打中炸弹check:ifbt001959, 37, 分:0.00,倍数0, 子弹:200
【 2017-11-06 00:29:36 】打中炸弹check:ifbt001959, 37, 分:0.00,倍数0, 子弹:200
【 2017-11-06 00:29:37 】打中炸弹check:0155874, 37, 分:0.00,倍数0, 子弹:400
【 2017-11-06 00:29:37 】打中炸弹check:ifbt001959, 37, 分:0.00,倍数0, 子弹:200
【 2017-11-06 00:29:37 】打中炸弹check:v74238, 30, 分:0.00,倍数0, 子弹:100
【 2017-11-06 00:29:37 】打中炸弹check:ifbt001959, 37, 分:0.00,倍数0, 子弹:200
【 2017-11-06 00:29:37 】打中炸弹check:0155874, 37, 分:0.00,倍数0, 子弹:400
【 2017-11-06 00:29:37 】打中炸弹check:v74238, 30, 分:0.00,倍数0, 子弹:100
【 2017-11-06 00:29:37 】打中炸弹check:68990578, 37, 分:0.00,倍数0, 子弹:600
【 2017-11-06 00:29:38 】打中炸弹check:ahao888, 30, 分:0.00,倍数0, 子弹:100
【 2017-11-06 00:29:38 】打中炸弹check:ifbt001959, 30, 分:0.00,倍数0, 子弹:200
【 2017-11-06 00:29:38 】打中炸弹check:ahao888, 30, 分:0.00,倍数0, 子弹:100
【 2017-11-06 00:29:38 】打中炸弹check:1345545734, 30, 分:0.00,倍数0, 子弹:700
【 2017-11-06 00:29:38 】打中炸弹check:sdg754, 30, 分:0.00,倍数0, 子弹:300
【 2017-11-06 00:29:38 】打中炸弹check:1345545734, 30, 分:0.00,倍数0, 子弹:700
【 2017-11-06 00:29:38 】打中炸弹check:ahao888, 30, 分:0.00,倍数0, 子弹:100
【 2017-11-06 00:29:38 】打中炸弹check:68990578, 30, 分:0.00,倍数0, 子弹:600
【 2017-11-06 00:29:39 】打中炸弹check:sdg754, 30, 分:0.00,倍数0, 子弹:300
【 2017-11-06 00:29:39 】打中炸弹check:ahao888, 30, 分:0.00,倍数0, 子弹:100
【 2017-11-06 00:29:39 】打中炸弹check:1345545734, 30, 分:0.00,倍数0, 子弹:700
【 2017-11-06 00:29:39 】打中炸弹check:68990578, 30, 分:0.00,倍数0, 子弹:600
【 2017-11-06 00:29:39 】打中炸弹check:sdg754, 30, 分:0.00,倍数0, 子弹:300
【 2017-11-06 00:29:39 】打中炸弹check:v74238, 30, 分:0.00,倍数0, 子弹:100
【 2017-11-06 00:29:39 】打中炸弹check:ahao888, 30, 分:0.00,倍数0, 子弹:100
【 2017-11-06 00:29:39 】打中炸弹check:68990578, 30, 分:0.00,倍数0, 子弹:600
【 2017-11-06 00:29:39 】打中炸弹check:1345545734, 30, 分:0.00,倍数0, 子弹:700
【 2017-11-06 00:29:39 】打中炸弹check:sdg754, 30, 分:0.00,倍数0, 子弹:300
【 2017-11-06 00:29:39 】打中炸弹check:v74238, 30, 分:0.00,倍数0, 子弹:100
【 2017-11-06 00:29:40 】打中炸弹check:ahao888, 30, 分:0.00,倍数0, 子弹:100
【 2017-11-06 00:29:40 】打中炸弹check:68990578, 30, 分:0.00,倍数0, 子弹:600
【 2017-11-06 00:29:40 】打中炸弹check:v74238, 30, 分:0.00,倍数0, 子弹:100
【 2017-11-06 00:29:40 】打中炸弹check:1345545734, 30, 分:0.00,倍数0, 子弹:700
【 2017-11-06 00:29:40 】打中炸弹check:sdg754, 30, 分:0.00,倍数0, 子弹:300
【 2017-11-06 00:29:40 】打中炸弹check:68990578, 30, 分:0.00,倍数0, 子弹:600
【 2017-11-06 00:29:40 】打中炸弹check:1345545734, 30, 分:0.00,倍数0, 子弹:700
【 2017-11-06 00:29:40 】打中炸弹check:sdg754, 30, 分:0.00,倍数0, 子弹:300
【 2017-11-06 00:29:40 】打中炸弹check:ahao888, 30, 分:0.00,倍数0, 子弹:100
【 2017-11-06 00:29:40 】打中炸弹check:v74238, 30, 分:0.00,倍数0, 子弹:100
【 2017-11-06 00:29:40 】打中炸弹check:1345545734, 30, 分:0.00,倍数0, 子弹:700
【 2017-11-06 00:29:40 】打中炸弹check:68990578, 30, 分:0.00,倍数0, 子弹:600
【 2017-11-06 00:29:40 】打中炸弹check:1345545734, 37, 分:0.00,倍数0, 子弹:700
【 2017-11-06 00:29:40 】打中炸弹check:sdg754, 30, 分:0.00,倍数0, 子弹:300
【 2017-11-06 00:29:41 】打中炸弹check:v74238, 30, 分:0.00,倍数0, 子弹:100
【 2017-11-06 00:29:41 】打中炸弹check:68990578, 30, 分:0.00,倍数0, 子弹:600
【 2017-11-06 00:29:41 】打中炸弹check:1345545734, 37, 分:0.00,倍数0, 子弹:700
【 2017-11-06 00:29:41 】打中炸弹check:sdg754, 30, 分:0.00,倍数0, 子弹:300
【 2017-11-06 00:29:41 】打中炸弹check:v74238, 30, 分:0.00,倍数0, 子弹:100
【 2017-11-06 00:29:41 】打中炸弹check:68990578, 30, 分:0.00,倍数0, 子弹:600
【 2017-11-06 00:29:41 】打中炸弹check:1345545734, 37, 分:0.00,倍数0, 子弹:700
【 2017-11-06 00:29:41 】打中炸弹check:sdg754, 30, 分:0.00,倍数0, 子弹:300
【 2017-11-06 00:29:41 】打中炸弹check:ahao888, 30, 分:0.00,倍数0, 子弹:100
【 2017-11-06 00:29:41 】打中炸弹check:v74238, 30, 分:0.00,倍数0, 子弹:100
【 2017-11-06 00:29:42 】打中炸弹check:68990578, 30, 分:0.00,倍数0, 子弹:600
【 2017-11-06 00:29:42 】打中炸弹check:sdg754, 30, 分:0.00,倍数0, 子弹:300
【 2017-11-06 00:29:42 】打中炸弹check:1345545734, 37, 分:0.00,倍数0, 子弹:600
【 2017-11-06 00:29:42 】打中炸弹check:v74238, 30, 分:0.00,倍数0, 子弹:100
【 2017-11-06 00:29:42 】打中炸弹check:68990578, 30, 分:0.00,倍数0, 子弹:600
【 2017-11-06 00:29:42 】打中炸弹check:sdg754, 30, 分:0.00,倍数0, 子弹:300
【 2017-11-06 00:29:42 】打中炸弹check:ahao888, 30, 分:0.00,倍数0, 子弹:100
【 2017-11-06 00:29:42 】打中炸弹check:68990578, 30, 分:0.00,倍数0, 子弹:600
【 2017-11-06 00:29:42 】打中炸弹check:v74238, 30, 分:0.00,倍数0, 子弹:100
【 2017-11-06 00:29:42 】打中炸弹check:ahao888, 30, 分:0.00,倍数0, 子弹:100
【 2017-11-06 00:29:43 】打中炸弹check:sdg754, 30, 分:0.00,倍数0, 子弹:300
【 2017-11-06 00:29:43 】打中炸弹check:68990578, 30, 分:0.00,倍数0, 子弹:600
【 2017-11-06 00:29:43 】打中炸弹check:46458886, 37, 分:0.00,倍数0, 子弹:600
【 2017-11-06 00:29:43 】打中炸弹check:v74238, 30, 分:0.00,倍数0, 子弹:100
【 2017-11-06 00:29:43 】打中炸弹check:sdg754, 30, 分:0.00,倍数0, 子弹:300
【 2017-11-06 00:29:43 】打中炸弹check:68990578, 30, 分:0.00,倍数0, 子弹:600
【 2017-11-06 00:29:43 】打中炸弹check:v74238, 30, 分:0.00,倍数0, 子弹:100
【 2017-11-06 00:29:43 】打中炸弹check:ahao888, 30, 分:0.00,倍数0, 子弹:100
【 2017-11-06 00:29:43 】打中炸弹check:sdg754, 30, 分:0.00,倍数0, 子弹:300
【 2017-11-06 00:29:43 】打中炸弹check:68990578, 30, 分:0.00,倍数0, 子弹:600
【 2017-11-06 00:29:44 】打中炸弹check:v74238, 30, 分:0.00,倍数0, 子弹:100
【 2017-11-06 00:29:44 】打中炸弹check:46458886, 37, 分:0.00,倍数0, 子弹:600
【 2017-11-06 00:29:44 】打中炸弹check:sdg754, 30, 分:0.00,倍数0, 子弹:300
【 2017-11-06 00:29:44 】打中炸弹check:68990578, 30, 分:0.00,倍数0, 子弹:600
【 2017-11-06 00:29:44 】打中炸弹check:v74238, 30, 分:0.00,倍数0, 子弹:100
【 2017-11-06 00:29:44 】打中炸弹check:68990578, 30, 分:0.00,倍数0, 子弹:600
【 2017-11-06 00:29:44 】打中炸弹check:ahao888, 30, 分:0.00,倍数0, 子弹:100
【 2017-11-06 00:29:44 】打中炸弹check:sdg754, 30, 分:0.00,倍数0, 子弹:300
【 2017-11-06 00:29:44 】打中炸弹check:1345545734, 37, 分:0.00,倍数0, 子弹:600
【 2017-11-06 00:29:44 】打中炸弹check:v74238, 30, 分:0.00,倍数0, 子弹:100
【 2017-11-06 00:29:44 】打中炸弹check:68990578, 30, 分:0.00,倍数0, 子弹:600
【 2017-11-06 00:29:44 】打中炸弹check:ahao888, 30, 分:0.00,倍数0, 子弹:100
【 2017-11-06 00:29:45 】打中炸弹check:sdg754, 37, 分:0.00,倍数0, 子弹:300
【 2017-11-06 00:29:45 】打中炸弹check:68990578, 37, 分:0.00,倍数0, 子弹:600
【 2017-11-06 00:29:45 】打中炸弹check:1345545734, 37, 分:0.00,倍数0, 子弹:600
【 2017-11-06 00:29:45 】打中炸弹check:ahao888, 30, 分:0.00,倍数0, 子弹:100
【 2017-11-06 00:29:45 】打中炸弹check:ahao888, 30, 分:0.00,倍数0, 子弹:100
【 2017-11-06 00:29:45 】打中炸弹check:sdg754, 37, 分:0.00,倍数0, 子弹:300
【 2017-11-06 00:29:45 】打中炸弹check:1345545734, 37, 分:0.00,倍数0, 子弹:600
【 2017-11-06 00:29:46 】打中炸弹check:ahao888, 30, 分:0.00,倍数0, 子弹:100
【 2017-11-06 00:29:47 】打中炸弹check:ahao888, 30, 分:0.00,倍数0, 子弹:100
【 2017-11-06 00:29:47 】打中炸弹check:ahao888, 30, 分:0.00,倍数0, 子弹:100
【 2017-11-06 00:29:47 】打中炸弹check:ahao888, 30, 分:0.00,倍数0, 子弹:100
【 2017-11-06 00:29:48 】打中炸弹check:ahao888, 30, 分:0.00,倍数0, 子弹:100
【 2017-11-06 00:29:48 】打中炸弹check:sdg754, 30, 分:0.00,倍数0, 子弹:300
【 2017-11-06 00:29:48 】打中炸弹check:ahao888, 30, 分:0.00,倍数0, 子弹:100
【 2017-11-06 00:29:49 】打中炸弹check:sdg754, 30, 分:0.00,倍数0, 子弹:300
【 2017-11-06 00:29:49 】打中炸弹check:ahao888, 30, 分:0.00,倍数0, 子弹:100
【 2017-11-06 00:29:49 】打中炸弹check:ahao888, 30, 分:0.00,倍数0, 子弹:100
【 2017-11-06 00:29:50 】打中炸弹check:ahao888, 30, 分:0.00,倍数0, 子弹:100
【 2017-11-06 00:29:50 】打中炸弹check:v74238, 37, 分:0.00,倍数0, 子弹:100
【 2017-11-06 00:29:50 】打中炸弹check:ahao888, 30, 分:0.00,倍数0, 子弹:100
【 2017-11-06 00:29:50 】打中炸弹check:v74238, 37, 分:0.00,倍数0, 子弹:100
【 2017-11-06 00:29:51 】打中炸弹check:v74238, 37, 分:0.00,倍数0, 子弹:100
【 2017-11-06 00:29:51 】打中炸弹check:ahao888, 30, 分:0.00,倍数0, 子弹:100
【 2017-11-06 00:29:51 】打中炸弹check:v74238, 37, 分:0.00,倍数0, 子弹:100
【 2017-11-06 00:29:51 】打中炸弹check:sdg754, 30, 分:0.00,倍数0, 子弹:300
【 2017-11-06 00:29:51 】打中炸弹check:ahao888, 30, 分:0.00,倍数0, 子弹:100
【 2017-11-06 00:29:51 】打中炸弹check:v74238, 37, 分:0.00,倍数0, 子弹:100
【 2017-11-06 00:29:52 】打中炸弹check:sdg754, 30, 分:0.00,倍数0, 子弹:300
【 2017-11-06 00:29:52 】打中炸弹check:ahao888, 30, 分:0.00,倍数0, 子弹:100
【 2017-11-06 00:29:52 】打中炸弹check:ahao888, 30, 分:0.00,倍数0, 子弹:100
【 2017-11-06 00:29:53 】打中炸弹check:ahao888, 30, 分:0.00,倍数0, 子弹:100
【 2017-11-06 00:29:53 】打中炸弹check:ahao888, 30, 分:0.00,倍数0, 子弹:100
【 2017-11-06 00:29:53 】打中炸弹check:ahao888, 30, 分:0.00,倍数0, 子弹:100
【 2017-11-06 00:29:54 】打中炸弹check:ahao888, 30, 分:0.00,倍数0, 子弹:100
【 2017-11-06 00:29:54 】打中炸弹check:ahao888, 30, 分:0.00,倍数0, 子弹:100
【 2017-11-06 00:29:55 】打中炸弹check:ahao888, 30, 分:0.00,倍数0, 子弹:100
【 2017-11-06 00:29:56 】打中炸弹check:ahao888, 30, 分:0.00,倍数0, 子弹:100
【 2017-11-06 00:29:56 】打中炸弹check:ahao888, 30, 分:0.00,倍数0, 子弹:100
【 2017-11-06 00:29:56 】打中炸弹check:1345545734, 23, 分:120000.00,倍数200, 子弹:600
【 2017-11-06 00:29:56 】打中炸弹check:ahao888, 30, 分:0.00,倍数0, 子弹:100
【 2017-11-06 00:29:57 】打中炸弹check:ahao888, 30, 分:0.00,倍数0, 子弹:100
【 2017-11-06 00:29:57 】打中炸弹check:1345545734, 23, 分:120000.00,倍数200, 子弹:600
【 2017-11-06 00:29:57 】打中炸弹check:ahao888, 30, 分:0.00,倍数0, 子弹:100
【 2017-11-06 00:29:57 】打中炸弹check:1345545734, 23, 分:120000.00,倍数200, 子弹:600
【 2017-11-06 00:29:58 】打中炸弹check:ahao888, 30, 分:0.00,倍数0, 子弹:100
【 2017-11-06 00:29:58 】打中炸弹check:ahao888, 30, 分:0.00,倍数0, 子弹:100
【 2017-11-06 00:29:58 】打中炸弹check:ahao888, 30, 分:0.00,倍数0, 子弹:100
【 2017-11-06 00:30:08 】打中炸弹check:sdg754, 23, 分:60000.00,倍数200, 子弹:300
【 2017-11-06 00:30:08 】打中炸弹check:68990578, 23, 分:140000.00,倍数200, 子弹:700
【 2017-11-06 00:30:09 】打中炸弹check:68990578, 23, 分:140000.00,倍数200, 子弹:700
【 2017-11-06 00:30:09 】打中炸弹check:ifbt001959, 22, 分:20000.00,倍数100, 子弹:200
【 2017-11-06 00:30:11 】打中炸弹check:0155874, 23, 分:80000.00,倍数200, 子弹:400
【 2017-11-06 00:30:11 】打中炸弹check:0155874, 23, 分:80000.00,倍数200, 子弹:400
【 2017-11-06 00:30:11 】打中炸弹check:0155874, 23, 分:80000.00,倍数200, 子弹:400
【 2017-11-06 00:30:12 】打中炸弹check:0155874, 23, 分:80000.00,倍数200, 子弹:400
【 2017-11-06 00:30:12 】打中炸弹check:0155874, 23, 分:80000.00,倍数200, 子弹:400
【 2017-11-06 00:30:13 】打中炸弹check:46458886, 23, 分:120000.00,倍数200, 子弹:600
【 2017-11-06 00:30:13 】打中炸弹check:0155874, 23, 分:80000.00,倍数200, 子弹:400
【 2017-11-06 00:30:13 】打中炸弹check:0155874, 23, 分:80000.00,倍数200, 子弹:400
【 2017-11-06 00:30:14 】打中炸弹check:0155874, 23, 分:80000.00,倍数200, 子弹:400
【 2017-11-06 01:04:26 】打中炸弹check:1345545734, 33, 分:0.00,倍数0, 子弹:600
【 2017-11-06 01:04:26 】打中炸弹check:1345545734, 33, 分:0.00,倍数0, 子弹:600
【 2017-11-06 01:04:26 】打中炸弹check:1345545734, 33, 分:0.00,倍数0, 子弹:600
【 2017-11-06 01:04:27 】打中炸弹check:1345545734, 33, 分:0.00,倍数0, 子弹:600
【 2017-11-06 01:04:27 】打中炸弹check:1345545734, 33, 分:0.00,倍数0, 子弹:600
【 2017-11-06 01:04:28 】打中炸弹check:1345545734, 33, 分:0.00,倍数0, 子弹:600
【 2017-11-06 01:04:29 】打中炸弹check:46458886, 33, 分:0.00,倍数0, 子弹:100
【 2017-11-06 01:04:37 】打中炸弹check:ahao888, 23, 分:180000.00,倍数200, 子弹:900
【 2017-11-06 01:04:37 】打中炸弹check:ahao888, 23, 分:180000.00,倍数200, 子弹:900
【 2017-11-06 01:04:38 】打中炸弹check:ahao888, 23, 分:180000.00,倍数200, 子弹:900
【 2017-11-06 01:04:39 】打中炸弹check:ahao888, 23, 分:180000.00,倍数200, 子弹:900
【 2017-11-06 01:04:39 】打中炸弹check:ahao888, 23, 分:180000.00,倍数200, 子弹:900
【 2017-11-06 01:04:40 】打中炸弹check:46458886, 23, 分:20000.00,倍数200, 子弹:100
【 2017-11-06 01:04:40 】打中炸弹check:ahao888, 23, 分:180000.00,倍数200, 子弹:900
【 2017-11-06 01:04:40 】打中炸弹check:46458886, 23, 分:20000.00,倍数200, 子弹:100
【 2017-11-06 01:04:41 】打中炸弹check:ahao888, 23, 分:180000.00,倍数200, 子弹:900
【 2017-11-06 01:04:41 】打中炸弹check:ahao888, 23, 分:180000.00,倍数200, 子弹:900
【 2017-11-06 01:04:42 】打中炸弹check:ahao888, 23, 分:180000.00,倍数200, 子弹:900
【 2017-11-06 01:04:43 】打中炸弹check:ahao888, 23, 分:180000.00,倍数200, 子弹:900
【 2017-11-06 01:04:44 】打中炸弹check:ahao888, 23, 分:180000.00,倍数200, 子弹:900
【 2017-11-06 01:04:45 】打中炸弹check:ahao888, 23, 分:180000.00,倍数200, 子弹:900
【 2017-11-06 01:04:45 】打中炸弹check:ahao888, 23, 分:180000.00,倍数200, 子弹:900
【 2017-11-06 01:04:46 】打中炸弹check:46458886, 23, 分:20000.00,倍数200, 子弹:100
【 2017-11-06 01:04:46 】打中炸弹check:ahao888, 23, 分:180000.00,倍数200, 子弹:900
【 2017-11-06 01:04:47 】打中炸弹check:ahao888, 23, 分:180000.00,倍数200, 子弹:900
【 2017-11-06 01:04:47 】打中炸弹check:ahao888, 23, 分:180000.00,倍数200, 子弹:900
【 2017-11-06 01:04:48 】打中炸弹check:1345545734, 22, 分:60000.00,倍数100, 子弹:600
【 2017-11-06 01:04:48 】打中炸弹check:1345545734, 22, 分:60000.00,倍数100, 子弹:600
【 2017-11-06 01:04:49 】打中炸弹check:ahao888, 23, 分:180000.00,倍数200, 子弹:900
【 2017-11-06 01:04:49 】打中炸弹check:1345545734, 22, 分:60000.00,倍数100, 子弹:600
【 2017-11-06 01:04:49 】打中炸弹check:1345545734, 22, 分:60000.00,倍数100, 子弹:600
【 2017-11-06 01:04:49 】打中炸弹check:ahao888, 23, 分:180000.00,倍数200, 子弹:900
【 2017-11-06 01:04:49 】打中炸弹check:1345545734, 22, 分:60000.00,倍数100, 子弹:600
【 2017-11-06 01:04:50 】打中炸弹check:1345545734, 22, 分:60000.00,倍数100, 子弹:600
【 2017-11-06 01:04:50 】打中炸弹check:ahao888, 22, 分:90000.00,倍数100, 子弹:900
【 2017-11-06 01:04:51 】打中炸弹check:1345545734, 22, 分:60000.00,倍数100, 子弹:600
【 2017-11-06 01:04:51 】打中炸弹check:ahao888, 22, 分:90000.00,倍数100, 子弹:900
【 2017-11-06 01:04:51 】打中炸弹check:ahao888, 22, 分:90000.00,倍数100, 子弹:900
【 2017-11-06 01:04:52 】打中炸弹check:ahao888, 22, 分:90000.00,倍数100, 子弹:900
【 2017-11-06 01:04:53 】打中炸弹check:ahao888, 22, 分:90000.00,倍数100, 子弹:900
【 2017-11-06 01:04:54 】打中炸弹check:ahao888, 22, 分:90000.00,倍数100, 子弹:900
【 2017-11-06 01:04:54 】打中炸弹check:ahao888, 22, 分:90000.00,倍数100, 子弹:900
【 2017-11-06 01:04:55 】打中炸弹check:ahao888, 22, 分:90000.00,倍数100, 子弹:900
【 2017-11-06 01:04:56 】打中炸弹check:ahao888, 22, 分:90000.00,倍数100, 子弹:900
【 2017-11-06 01:05:25 】打中炸弹check:1345545734, 36, 分:0.00,倍数0, 子弹:600
